Log file open, 12/17/19 23:54:01
LogWindows: Failed to load 'aqProf.dll' (GetLastError=126)
LogWindows: File 'aqProf.dll' does not exist
LogWindows: Failed to load 'VtuneApi.dll' (GetLastError=126)
LogWindows: File 'VtuneApi.dll' does not exist
LogWindows: Failed to load 'VtuneApi32e.dll' (GetLastError=126)
LogWindows: File 'VtuneApi32e.dll' does not exist
LogConsoleResponse: Display: Failed to find resolution value strings in scalability ini. Falling back to default.
LogInit: Display: Running engine for game: HMD_write_file
LogPakFile: Registered encryption key '00000000000000000000000000000000': 0 pak files mounted, 0 remain pending
LogPlatformFile: Not using cached read wrapper
LogTaskGraph: Started task graph with 5 named threads and 47 total threads with 3 sets of task threads.
LogStats: Stats thread started at 0.568582
LogD3D11RHI: Loaded GFSDK_Aftermath_Lib.x64.dll
LogICUInternationalization: ICU TimeZone Detection - Raw Offset: +3:00, Platform Override: ''
LogPluginManager: Mounting plugin Paper2D
LogPluginManager: Mounting plugin AISupport
LogPluginManager: Mounting plugin LightPropagationVolume
LogPluginManager: Mounting plugin ActorLayerUtilities
LogPluginManager: Mounting plugin AnimationSharing
LogPluginManager: Mounting plugin CLionSourceCodeAccess
LogPluginManager: Mounting plugin CodeLiteSourceCodeAccess
LogPluginManager: Mounting plugin GitSourceControl
LogPluginManager: Mounting plugin KDevelopSourceCodeAccess
LogPluginManager: Mounting plugin NullSourceCodeAccess
LogPluginManager: Mounting plugin PerforceSourceControl
LogPluginManager: Mounting plugin SubversionSourceControl
LogPluginManager: Mounting plugin UObjectPlugin
LogPluginManager: Mounting plugin VisualStudioCodeSourceCodeAccess
LogPluginManager: Mounting plugin VisualStudioSourceCodeAccess
LogPluginManager: Mounting plugin XCodeSourceCodeAccess
LogPluginManager: Mounting plugin AssetManagerEditor
LogPluginManager: Mounting plugin CryptoKeys
LogPluginManager: Mounting plugin DataValidation
LogPluginManager: Mounting plugin EditorScriptingUtilities
LogPluginManager: Mounting plugin FacialAnimation
LogPluginManager: Mounting plugin GameplayTagsEditor
LogPluginManager: Mounting plugin GLTFImporter
LogPluginManager: Mounting plugin MacGraphicsSwitching
LogPluginManager: Mounting plugin MaterialAnalyzer
LogPluginManager: Mounting plugin MeshEditor
LogPluginManager: Mounting plugin MobileLauncherProfileWizard
LogPluginManager: Mounting plugin PluginBrowser
LogPluginManager: Mounting plugin SpeedTreeImporter
LogPluginManager: Mounting plugin DatasmithContent
LogPluginManager: Mounting plugin VariantManagerContent
LogPluginManager: Mounting plugin AlembicImporter
LogPluginManager: Mounting plugin AppleImageUtils
LogPluginManager: Mounting plugin AppleVision
LogPluginManager: Mounting plugin BackChannel
LogPluginManager: Mounting plugin BlastPlugin
LogPluginManager: Mounting plugin ChaosSolverPlugin
LogPluginManager: Mounting plugin CharacterAI
LogPluginManager: Mounting plugin GeometryCache
LogPluginManager: Mounting plugin GeometryCollectionPlugin
LogPluginManager: Mounting plugin HTML5Networking
LogPluginManager: Mounting plugin ProxyLODPlugin
LogPluginManager: Mounting plugin SkeletalReduction
LogPluginManager: Mounting plugin MagicLeap
LogPluginManager: Mounting plugin MagicLeapMedia
LogPluginManager: Mounting plugin AndroidMedia
LogPluginManager: Mounting plugin AvfMedia
LogPluginManager: Mounting plugin ImgMedia
LogPluginManager: Mounting plugin LinearTimecode
LogPluginManager: Mounting plugin MediaCompositing
LogPluginManager: Mounting plugin MediaPlayerEditor
LogPluginManager: Mounting plugin WebMMedia
LogPluginManager: Mounting plugin WmfMedia
LogPluginManager: Mounting plugin TcpMessaging
LogPluginManager: Mounting plugin UdpMessaging
LogPluginManager: Mounting plugin ActorSequence
LogPluginManager: Mounting plugin LevelSequenceEditor
LogPluginManager: Mounting plugin MatineeToLevelSequence
LogPluginManager: Mounting plugin NetcodeUnitTest
LogPluginManager: Mounting plugin NUTUnrealEngine4
LogPluginManager: Mounting plugin OnlineSubsystemGooglePlay
LogPluginManager: Mounting plugin OnlineSubsystemIOS
LogPluginManager: Mounting plugin OnlineSubsystem
LogPluginManager: Mounting plugin OnlineSubsystemNull
LogPluginManager: Mounting plugin OnlineSubsystemUtils
LogPluginManager: Mounting plugin LauncherChunkInstaller
LogPluginManager: Mounting plugin AndroidDeviceProfileSelector
LogPluginManager: Mounting plugin AndroidMoviePlayer
LogPluginManager: Mounting plugin AndroidPermission
LogPluginManager: Mounting plugin AppleMoviePlayer
LogPluginManager: Mounting plugin ArchVisCharacter
LogPluginManager: Mounting plugin AudioCapture
LogPluginManager: Mounting plugin CableComponent
LogPluginManager: Mounting plugin CustomMeshComponent
LogPluginManager: Mounting plugin EditableMesh
LogPluginManager: Mounting plugin ExampleDeviceProfileSelector
LogPluginManager: Mounting plugin Firebase
LogPluginManager: Mounting plugin GoogleCloudMessaging
LogPluginManager: Mounting plugin IOSDeviceProfileSelector
LogPluginManager: Mounting plugin LinuxDeviceProfileSelector
LogPluginManager: Mounting plugin LocationServicesBPLibrary
LogPluginManager: Mounting plugin MobilePatchingUtils
LogPluginManager: Mounting plugin OculusVR
LogPluginManager: Mounting plugin PhysXVehicles
LogPluginManager: Mounting plugin ProceduralMeshComponent
LogPluginManager: Mounting plugin RuntimePhysXCooking
LogPluginManager: Mounting plugin SignificanceManager
LogPluginManager: Mounting plugin SteamVR
LogPluginManager: Mounting plugin WebMMoviePlayer
LogPluginManager: Mounting plugin WindowsMoviePlayer
LogPluginManager: Mounting plugin DatasmithCADImporter
LogPluginManager: Mounting plugin DatasmithDataPrepEditor
LogPluginManager: Mounting plugin DatasmithFBXImporter
LogPluginManager: Mounting plugin DatasmithGLTFImporter
LogPluginManager: Mounting plugin DatasmithImporter
LogPluginManager: Mounting plugin MDLImporter
LogPluginManager: Mounting plugin StaticMeshEditorExtension
LogPluginManager: Mounting plugin VariantManager
LogInit: Using libcurl 7.55.1-DEV
LogInit:  - built for x86_64-pc-win32
LogInit:  - supports SSL with OpenSSL/1.1.1
LogInit:  - supports HTTP deflate (compression) using libz 1.2.8
LogInit:  - other features:
LogInit:      CURL_VERSION_SSL
LogInit:      CURL_VERSION_LIBZ
LogInit:      CURL_VERSION_IPV6
LogInit:      CURL_VERSION_ASYNCHDNS
LogInit:      CURL_VERSION_LARGEFILE
LogInit:      CURL_VERSION_IDN
LogInit:  CurlRequestOptions (configurable via config and command line):
LogInit:  - bVerifyPeer = true  - Libcurl will verify peer certificate
LogInit:  - bUseHttpProxy = false  - Libcurl will NOT use HTTP proxy
LogInit:  - bDontReuseConnections = false  - Libcurl will reuse connections
LogInit:  - MaxHostConnections = 16  - Libcurl will limit the number of connections to a host
LogInit:  - LocalHostAddr = Default
LogInit:  - BufferSize = 65536
LogInit: WinSock: version 1.1 (2.2), MaxSocks=32767, MaxUdp=65467
LogInit: Build: ++UE4+Release-4.22-CL-7053642
LogInit: Engine Version: 4.22.3-7053642+++UE4+Release-4.22
LogInit: Compatible Engine Version: 4.22.0-5660361+++UE4+Release-4.22
LogInit: Net CL: 5660361
LogInit: OS: Windows 10 (Release 1903) (), CPU: AMD Ryzen 7 1700X Eight-Core Processor         , GPU: NVIDIA GeForce GTX 1080 Ti
LogInit: Compiled (64-bit): Jun 18 2019 03:09:11
LogInit: Compiled with Visual C++: 19.16.27025.01
LogInit: Build Configuration: Development
LogInit: Branch Name: ++UE4+Release-4.22
LogInit: Command Line: 
LogInit: Base Directory: C:/Program Files/Epic Games/UE_4.22/Engine/Binaries/Win64/
LogInit: Installed Engine Build: 1
LogDevObjectVersion: Number of dev versions registered: 23
LogDevObjectVersion:   Dev-Blueprints (B0D832E4-1F89-4F0D-ACCF-7EB736FD4AA2): 10
LogDevObjectVersion:   Dev-Build (E1C64328-A22C-4D53-A36C-8E866417BD8C): 0
LogDevObjectVersion:   Dev-Core (375EC13C-06E4-48FB-B500-84F0262A717E): 3
LogDevObjectVersion:   Dev-Editor (E4B068ED-F494-42E9-A231-DA0B2E46BB41): 30
LogDevObjectVersion:   Dev-Framework (CFFC743F-43B0-4480-9391-14DF171D2073): 35
LogDevObjectVersion:   Dev-Mobile (B02B49B5-BB20-44E9-A304-32B752E40360): 2
LogDevObjectVersion:   Dev-Networking (A4E4105C-59A1-49B5-A7C5-40C4547EDFEE): 0
LogDevObjectVersion:   Dev-Online (39C831C9-5AE6-47DC-9A44-9C173E1C8E7C): 0
LogDevObjectVersion:   Dev-Physics (78F01B33-EBEA-4F98-B9B4-84EACCB95AA2): 0
LogDevObjectVersion:   Dev-Platform (6631380F-2D4D-43E0-8009-CF276956A95A): 0
LogDevObjectVersion:   Dev-Rendering (12F88B9F-8875-4AFC-A67C-D90C383ABD29): 28
LogDevObjectVersion:   Dev-Sequencer (7B5AE74C-D270-4C10-A958-57980B212A5A): 11
LogDevObjectVersion:   Dev-VR (D7296918-1DD6-4BDD-9DE2-64A83CC13884): 2
LogDevObjectVersion:   Dev-LoadTimes (C2A15278-BFE7-4AFE-6C17-90FF531DF755): 1
LogDevObjectVersion:   Private-Geometry (6EACA3D4-40EC-4CC1-B786-8BED09428FC5): 3
LogDevObjectVersion:   Dev-AnimPhys (29E575DD-E0A3-4627-9D10-D276232CDCEA): 17
LogDevObjectVersion:   Dev-Anim (AF43A65D-7FD3-4947-9873-3E8ED9C1BB05): 2
LogDevObjectVersion:   Dev-ReflectionCapture (6B266CEC-1EC7-4B8F-A30B-E4D90942FC07): 1
LogDevObjectVersion:   Dev-Automation (0DF73D61-A23F-47EA-B727-89E90C41499A): 1
LogDevObjectVersion:   FortniteMain (601D1886-AC64-4F84-AA16-D3DE0DEAC7D6): 25
LogDevObjectVersion:   Dev-Enterprise (9DFFBCD6-494F-0158-E221-12823C92A888): 6
LogDevObjectVersion:   Dev-Niagara (F2AED0AC-9AFE-416F-8664-AA7FFA26D6FC): 1
LogDevObjectVersion:   Dev-Destruction (174F1F0B-B4C6-45A5-B13F-2EE8D0FB917D): 2
LogInit: Presizing for max 16777216 objects, including 0 objects not considered by GC, pre-allocating 0 bytes for permanent pool.
LogInit: Object subsystem initialized
LogConfig: Setting CVar [[con.DebugEarlyDefault:1]]
LogConfig: Setting CVar [[r.setres:1280x720]]
[2019.12.17-20.54.02:195][  0]LogConfig: Setting CVar [[r.VSync:0]]
[2019.12.17-20.54.02:195][  0]LogConfig: Setting CVar [[r.RHICmdBypass:0]]
[2019.12.17-20.54.02:195][  0]LogConfig: Applying CVar settings from Section [/Script/Engine.RendererSettings] File [D:/GIT/ue4-houdini-hmd-connection/HMD_write_file/Saved/Config/Windows/Engine.ini]
[2019.12.17-20.54.02:195][  0]LogConfig: Setting CVar [[r.GPUCrashDebugging:0]]
[2019.12.17-20.54.02:195][  0]LogConfig: Setting CVar [[r.DefaultFeature.AmbientOcclusion:0]]
[2019.12.17-20.54.02:195][  0]LogConfig: Setting CVar [[r.DefaultFeature.AmbientOcclusionStaticFraction:0]]
[2019.12.17-20.54.02:195][  0]LogConfig: Setting CVar [[vr.InstancedStereo:1]]
[2019.12.17-20.54.02:195][  0]LogConfig: Setting CVar [[r.SeparateTranslucency:0]]
[2019.12.17-20.54.02:195][  0]LogConfig: Setting CVar [[r.HZBOcclusion:0]]
[2019.12.17-20.54.02:195][  0]LogConfig: Setting CVar [[r.SSR.MaxRoughness:0]]
[2019.12.17-20.54.02:195][  0]LogConfig: Setting CVar [[r.rhicmdbypass:0]]
[2019.12.17-20.54.02:195][  0]LogConfig: Applying CVar settings from Section [/Script/Engine.RendererOverrideSettings] File [D:/GIT/ue4-houdini-hmd-connection/HMD_write_file/Saved/Config/Windows/Engine.ini]
[2019.12.17-20.54.02:195][  0]LogConfig: Applying CVar settings from Section [/Script/Engine.StreamingSettings] File [D:/GIT/ue4-houdini-hmd-connection/HMD_write_file/Saved/Config/Windows/Engine.ini]
[2019.12.17-20.54.02:195][  0]LogConfig: Setting CVar [[s.MinBulkDataSizeForAsyncLoading:131072]]
[2019.12.17-20.54.02:195][  0]LogConfig: Setting CVar [[s.AsyncLoadingThreadEnabled:0]]
[2019.12.17-20.54.02:195][  0]LogConfig: Setting CVar [[s.EventDrivenLoaderEnabled:1]]
[2019.12.17-20.54.02:195][  0]LogConfig: Setting CVar [[s.WarnIfTimeLimitExceeded:0]]
[2019.12.17-20.54.02:195][  0]LogConfig: Setting CVar [[s.TimeLimitExceededMultiplier:1.5]]
[2019.12.17-20.54.02:195][  0]LogConfig: Setting CVar [[s.TimeLimitExceededMinTime:0.005]]
[2019.12.17-20.54.02:195][  0]LogConfig: Setting CVar [[s.UseBackgroundLevelStreaming:1]]
[2019.12.17-20.54.02:195][  0]LogConfig: Setting CVar [[s.PriorityAsyncLoadingExtraTime:15.0]]
[2019.12.17-20.54.02:195][  0]LogConfig: Setting CVar [[s.LevelStreamingActorsUpdateTimeLimit:5.0]]
[2019.12.17-20.54.02:195][  0]LogConfig: Setting CVar [[s.PriorityLevelStreamingActorsUpdateExtraTime:5.0]]
[2019.12.17-20.54.02:195][  0]LogConfig: Setting CVar [[s.LevelStreamingComponentsRegistrationGranularity:10]]
[2019.12.17-20.54.02:195][  0]LogConfig: Setting CVar [[s.UnregisterComponentsTimeLimit:1.0]]
[2019.12.17-20.54.02:195][  0]LogConfig: Setting CVar [[s.LevelStreamingComponentsUnregistrationGranularity:5]]
[2019.12.17-20.54.02:195][  0]LogConfig: Applying CVar settings from Section [/Script/Engine.GarbageCollectionSettings] File [D:/GIT/ue4-houdini-hmd-connection/HMD_write_file/Saved/Config/Windows/Engine.ini]
[2019.12.17-20.54.02:195][  0]LogConfig: Setting CVar [[gc.MaxObjectsNotConsideredByGC:1]]
[2019.12.17-20.54.02:195][  0]LogConfig: Setting CVar [[gc.SizeOfPermanentObjectPool:0]]
[2019.12.17-20.54.02:195][  0]LogConfig: Setting CVar [[gc.FlushStreamingOnGC:0]]
[2019.12.17-20.54.02:195][  0]LogConfig: Setting CVar [[gc.NumRetriesBeforeForcingGC:10]]
[2019.12.17-20.54.02:195][  0]LogConfig: Setting CVar [[gc.AllowParallelGC:1]]
[2019.12.17-20.54.02:195][  0]LogConfig: Setting CVar [[gc.TimeBetweenPurgingPendingKillObjects:61.1]]
[2019.12.17-20.54.02:195][  0]LogConfig: Setting CVar [[gc.MaxObjectsInEditor:16777216]]
[2019.12.17-20.54.02:195][  0]LogConfig: Setting CVar [[gc.IncrementalBeginDestroyEnabled:1]]
[2019.12.17-20.54.02:195][  0]LogConfig: Setting CVar [[gc.CreateGCClusters:1]]
[2019.12.17-20.54.02:195][  0]LogConfig: Setting CVar [[gc.MinGCClusterSize:5]]
[2019.12.17-20.54.02:195][  0]LogConfig: Setting CVar [[gc.ActorClusteringEnabled:0]]
[2019.12.17-20.54.02:195][  0]LogConfig: Setting CVar [[gc.BlueprintClusteringEnabled:0]]
[2019.12.17-20.54.02:195][  0]LogConfig: Setting CVar [[gc.UseDisregardForGCOnDedicatedServers:0]]
[2019.12.17-20.54.02:195][  0]LogConfig: Applying CVar settings from Section [/Script/Engine.NetworkSettings] File [D:/GIT/ue4-houdini-hmd-connection/HMD_write_file/Saved/Config/Windows/Engine.ini]
[2019.12.17-20.54.02:195][  0]LogConfig: Applying CVar settings from Section [/Script/UnrealEd.CookerSettings] File [D:/GIT/ue4-houdini-hmd-connection/HMD_write_file/Saved/Config/Windows/Engine.ini]
[2019.12.17-20.54.02:201][  0]LogConfig: Applying CVar settings from Section [ViewDistanceQuality@3] File [D:/GIT/ue4-houdini-hmd-connection/HMD_write_file/Saved/Config/Windows/Scalability.ini]
[2019.12.17-20.54.02:201][  0]LogConfig: Setting CVar [[r.SkeletalMeshLODBias:0]]
[2019.12.17-20.54.02:201][  0]LogConfig: Setting CVar [[r.ViewDistanceScale:1.0]]
[2019.12.17-20.54.02:201][  0]LogConfig: Applying CVar settings from Section [AntiAliasingQuality@3] File [D:/GIT/ue4-houdini-hmd-connection/HMD_write_file/Saved/Config/Windows/Scalability.ini]
[2019.12.17-20.54.02:201][  0]LogConfig: Setting CVar [[r.PostProcessAAQuality:3]]
[2019.12.17-20.54.02:201][  0]LogConfig: Applying CVar settings from Section [ShadowQuality@3] File [D:/GIT/ue4-houdini-hmd-connection/HMD_write_file/Saved/Config/Windows/Scalability.ini]
[2019.12.17-20.54.02:201][  0]LogConfig: Setting CVar [[r.LightFunctionQuality:1]]
[2019.12.17-20.54.02:201][  0]LogConfig: Setting CVar [[r.ShadowQuality:5]]
[2019.12.17-20.54.02:201][  0]LogConfig: Setting CVar [[r.Shadow.CSM.MaxCascades:10]]
[2019.12.17-20.54.02:201][  0]LogConfig: Setting CVar [[r.Shadow.MaxResolution:2048]]
[2019.12.17-20.54.02:201][  0]LogConfig: Setting CVar [[r.Shadow.MaxCSMResolution:2048]]
[2019.12.17-20.54.02:201][  0]LogConfig: Setting CVar [[r.Shadow.RadiusThreshold:0.01]]
[2019.12.17-20.54.02:201][  0]LogConfig: Setting CVar [[r.Shadow.DistanceScale:1.0]]
[2019.12.17-20.54.02:201][  0]LogConfig: Setting CVar [[r.Shadow.CSM.TransitionScale:1.0]]
[2019.12.17-20.54.02:201][  0]LogConfig: Setting CVar [[r.Shadow.PreShadowResolutionFactor:1.0]]
[2019.12.17-20.54.02:201][  0]LogConfig: Setting CVar [[r.DistanceFieldShadowing:1]]
[2019.12.17-20.54.02:201][  0]LogConfig: Setting CVar [[r.DistanceFieldAO:1]]
[2019.12.17-20.54.02:201][  0]LogConfig: Setting CVar [[r.AOQuality:2]]
[2019.12.17-20.54.02:201][  0]LogConfig: Setting CVar [[r.VolumetricFog:1]]
[2019.12.17-20.54.02:201][  0]LogConfig: Setting CVar [[r.VolumetricFog.GridPixelSize:8]]
[2019.12.17-20.54.02:201][  0]LogConfig: Setting CVar [[r.VolumetricFog.GridSizeZ:128]]
[2019.12.17-20.54.02:201][  0]LogConfig: Setting CVar [[r.VolumetricFog.HistoryMissSupersampleCount:4]]
[2019.12.17-20.54.02:201][  0]LogConfig: Setting CVar [[r.LightMaxDrawDistanceScale:1]]
[2019.12.17-20.54.02:201][  0]LogConfig: Setting CVar [[r.CapsuleShadows:1]]
[2019.12.17-20.54.02:201][  0]LogConfig: Applying CVar settings from Section [PostProcessQuality@3] File [D:/GIT/ue4-houdini-hmd-connection/HMD_write_file/Saved/Config/Windows/Scalability.ini]
[2019.12.17-20.54.02:201][  0]LogConfig: Setting CVar [[r.MotionBlurQuality:0]]
[2019.12.17-20.54.02:201][  0]LogConfig: Setting CVar [[r.AmbientOcclusionMipLevelFactor:0.4]]
[2019.12.17-20.54.02:201][  0]LogConfig: Setting CVar [[r.AmbientOcclusionMaxQuality:100]]
[2019.12.17-20.54.02:201][  0]LogConfig: Setting CVar [[r.AmbientOcclusionLevels:0]]
[2019.12.17-20.54.02:201][  0]LogConfig: Setting CVar [[r.AmbientOcclusionRadiusScale:1.0]]
[2019.12.17-20.54.02:201][  0]LogConfig: Setting CVar [[r.DepthOfFieldQuality:0]]
[2019.12.17-20.54.02:201][  0]LogConfig: Setting CVar [[r.RenderTargetPoolMin:400]]
[2019.12.17-20.54.02:201][  0]LogConfig: Setting CVar [[r.LensFlareQuality:0]]
[2019.12.17-20.54.02:201][  0]LogConfig: Setting CVar [[r.SceneColorFringeQuality:0]]
[2019.12.17-20.54.02:201][  0]LogConfig: Setting CVar [[r.EyeAdaptationQuality:2]]
[2019.12.17-20.54.02:201][  0]LogConfig: Setting CVar [[r.BloomQuality:1]]
[2019.12.17-20.54.02:201][  0]LogConfig: Setting CVar [[r.FastBlurThreshold:0]]
[2019.12.17-20.54.02:201][  0]LogConfig: Setting CVar [[r.Upscale.Quality:3]]
[2019.12.17-20.54.02:201][  0]LogConfig: Setting CVar [[r.Tonemapper.GrainQuantization:1]]
[2019.12.17-20.54.02:201][  0]LogConfig: Setting CVar [[r.LightShaftQuality:1]]
[2019.12.17-20.54.02:201][  0]LogConfig: Setting CVar [[r.Filter.SizeScale:1]]
[2019.12.17-20.54.02:201][  0]LogConfig: Setting CVar [[r.Tonemapper.Quality:5]]
[2019.12.17-20.54.02:201][  0]LogConfig: Setting CVar [[r.DOF.Gather.AccumulatorQuality:1        ; higher gathering accumulator quality]]
[2019.12.17-20.54.02:201][  0]LogConfig: Setting CVar [[r.DOF.Gather.PostfilterMethod:1          ; Median3x3 postfilering method]]
[2019.12.17-20.54.02:201][  0]LogConfig: Setting CVar [[r.DOF.Gather.EnableBokehSettings:0       ; no bokeh simulation when gathering]]
[2019.12.17-20.54.02:201][  0]LogConfig: Setting CVar [[r.DOF.Gather.RingCount:4                 ; medium number of samples when gathering]]
[2019.12.17-20.54.02:201][  0]LogConfig: Setting CVar [[r.DOF.Scatter.ForegroundCompositing:1    ; additive foreground scattering]]
[2019.12.17-20.54.02:201][  0]LogConfig: Setting CVar [[r.DOF.Scatter.BackgroundCompositing:2    ; additive background scattering]]
[2019.12.17-20.54.02:201][  0]LogConfig: Setting CVar [[r.DOF.Scatter.EnableBokehSettings:1      ; bokeh simulation when scattering]]
[2019.12.17-20.54.02:201][  0]LogConfig: Setting CVar [[r.DOF.Scatter.MaxSpriteRatio:0.1         ; only a maximum of 10% of scattered bokeh]]
[2019.12.17-20.54.02:201][  0]LogConfig: Setting CVar [[r.DOF.Recombine.Quality:1                ; cheap slight out of focus]]
[2019.12.17-20.54.02:201][  0]LogConfig: Setting CVar [[r.DOF.Recombine.EnableBokehSettings:0    ; no bokeh simulation on slight out of focus]]
[2019.12.17-20.54.02:201][  0]LogConfig: Setting CVar [[r.DOF.TemporalAAQuality:1                ; more stable temporal accumulation]]
[2019.12.17-20.54.02:201][  0]LogConfig: Setting CVar [[r.DOF.Kernel.MaxForegroundRadius:0.025]]
[2019.12.17-20.54.02:201][  0]LogConfig: Setting CVar [[r.DOF.Kernel.MaxBackgroundRadius:0.025]]
[2019.12.17-20.54.02:201][  0]LogConfig: Applying CVar settings from Section [TextureQuality@3] File [D:/GIT/ue4-houdini-hmd-connection/HMD_write_file/Saved/Config/Windows/Scalability.ini]
[2019.12.17-20.54.02:201][  0]LogConfig: Setting CVar [[r.Streaming.MipBias:0]]
[2019.12.17-20.54.02:201][  0]LogConfig: Setting CVar [[r.Streaming.AmortizeCPUToGPUCopy:0]]
[2019.12.17-20.54.02:202][  0]LogConfig: Setting CVar [[r.Streaming.MaxNumTexturesToStreamPerFrame:0]]
[2019.12.17-20.54.02:202][  0]LogConfig: Setting CVar [[r.Streaming.Boost:1]]
[2019.12.17-20.54.02:202][  0]LogConfig: Setting CVar [[r.MaxAnisotropy:8]]
[2019.12.17-20.54.02:202][  0]LogConfig: Setting CVar [[r.Streaming.LimitPoolSizeToVRAM:0]]
[2019.12.17-20.54.02:202][  0]LogConfig: Setting CVar [[r.Streaming.PoolSize:1000]]
[2019.12.17-20.54.02:202][  0]LogConfig: Setting CVar [[r.Streaming.MaxEffectiveScreenSize:0]]
[2019.12.17-20.54.02:202][  0]LogConfig: Applying CVar settings from Section [EffectsQuality@3] File [D:/GIT/ue4-houdini-hmd-connection/HMD_write_file/Saved/Config/Windows/Scalability.ini]
[2019.12.17-20.54.02:202][  0]LogConfig: Setting CVar [[r.TranslucencyLightingVolumeDim:4]]
[2019.12.17-20.54.02:202][  0]LogConfig: Setting CVar [[r.RefractionQuality:2]]
[2019.12.17-20.54.02:202][  0]LogConfig: Setting CVar [[r.SSR.Quality:0]]
[2019.12.17-20.54.02:202][  0]LogConfig: Setting CVar [[r.SceneColorFormat:2]]
[2019.12.17-20.54.02:202][  0]LogConfig: Setting CVar [[r.DetailMode:2]]
[2019.12.17-20.54.02:202][  0]LogConfig: Setting CVar [[r.TranslucencyVolumeBlur:0]]
[2019.12.17-20.54.02:202][  0]LogConfig: Setting CVar [[r.MaterialQualityLevel:1 ; High quality]]
[2019.12.17-20.54.02:202][  0]LogConfig: Setting CVar [[r.SSS.Scale:1]]
[2019.12.17-20.54.02:202][  0]LogConfig: Setting CVar [[r.SSS.SampleSet:2]]
[2019.12.17-20.54.02:202][  0]LogConfig: Setting CVar [[r.SSS.Quality:1]]
[2019.12.17-20.54.02:202][  0]LogConfig: Setting CVar [[r.SSS.HalfRes:1]]
[2019.12.17-20.54.02:202][  0]LogConfig: Setting CVar [[r.EmitterSpawnRateScale:1.0]]
[2019.12.17-20.54.02:202][  0]LogConfig: Setting CVar [[r.ParticleLightQuality:2]]
[2019.12.17-20.54.02:202][  0]LogConfig: Applying CVar settings from Section [FoliageQuality@3] File [D:/GIT/ue4-houdini-hmd-connection/HMD_write_file/Saved/Config/Windows/Scalability.ini]
[2019.12.17-20.54.02:202][  0]LogConfig: Setting CVar [[foliage.DensityScale:1.0]]
[2019.12.17-20.54.02:202][  0]LogConfig: Setting CVar [[grass.DensityScale:1.0]]
[2019.12.17-20.54.02:202][  0]LogInit: Selected Device Profile: [Windows]
[2019.12.17-20.54.02:202][  0]LogInit: Applying CVar settings loaded from the selected device profile: [Windows]
[2019.12.17-20.54.02:229][  0]LogHAL: Display: Platform has ~ 32 GB [34312724480 / 34359738368 / 32], which maps to Largest [LargestMinGB=32, LargerMinGB=12, DefaultMinGB=8, SmallerMinGB=6, SmallestMinGB=0)
[2019.12.17-20.54.02:229][  0]LogConfig: Setting CVar [[r.Vulkan.UseRealUBs:0		; Required until we fix HLR fall-out]]
[2019.12.17-20.54.02:229][  0]LogInit: Going up to parent DeviceProfile []
[2019.12.17-20.54.02:229][  0]LogConfig: Applying CVar settings from Section [ViewDistanceQuality@3] File [D:/GIT/ue4-houdini-hmd-connection/HMD_write_file/Saved/Config/Windows/Scalability.ini]
[2019.12.17-20.54.02:229][  0]LogConfig: Setting CVar [[r.SkeletalMeshLODBias:0]]
[2019.12.17-20.54.02:229][  0]LogConfig: Setting CVar [[r.ViewDistanceScale:1.0]]
[2019.12.17-20.54.02:229][  0]LogConfig: Applying CVar settings from Section [AntiAliasingQuality@3] File [D:/GIT/ue4-houdini-hmd-connection/HMD_write_file/Saved/Config/Windows/Scalability.ini]
[2019.12.17-20.54.02:229][  0]LogConfig: Setting CVar [[r.PostProcessAAQuality:3]]
[2019.12.17-20.54.02:229][  0]LogConfig: Applying CVar settings from Section [ShadowQuality@3] File [D:/GIT/ue4-houdini-hmd-connection/HMD_write_file/Saved/Config/Windows/Scalability.ini]
[2019.12.17-20.54.02:229][  0]LogConfig: Setting CVar [[r.LightFunctionQuality:1]]
[2019.12.17-20.54.02:230][  0]LogConfig: Setting CVar [[r.ShadowQuality:5]]
[2019.12.17-20.54.02:230][  0]LogConfig: Setting CVar [[r.Shadow.CSM.MaxCascades:10]]
[2019.12.17-20.54.02:230][  0]LogConfig: Setting CVar [[r.Shadow.MaxResolution:2048]]
[2019.12.17-20.54.02:230][  0]LogConfig: Setting CVar [[r.Shadow.MaxCSMResolution:2048]]
[2019.12.17-20.54.02:230][  0]LogConfig: Setting CVar [[r.Shadow.RadiusThreshold:0.01]]
[2019.12.17-20.54.02:230][  0]LogConfig: Setting CVar [[r.Shadow.DistanceScale:1.0]]
[2019.12.17-20.54.02:230][  0]LogConfig: Setting CVar [[r.Shadow.CSM.TransitionScale:1.0]]
[2019.12.17-20.54.02:230][  0]LogConfig: Setting CVar [[r.Shadow.PreShadowResolutionFactor:1.0]]
[2019.12.17-20.54.02:230][  0]LogConfig: Setting CVar [[r.DistanceFieldShadowing:1]]
[2019.12.17-20.54.02:230][  0]LogConfig: Setting CVar [[r.DistanceFieldAO:1]]
[2019.12.17-20.54.02:230][  0]LogConfig: Setting CVar [[r.AOQuality:2]]
[2019.12.17-20.54.02:230][  0]LogConfig: Setting CVar [[r.VolumetricFog:1]]
[2019.12.17-20.54.02:230][  0]LogConfig: Setting CVar [[r.VolumetricFog.GridPixelSize:8]]
[2019.12.17-20.54.02:230][  0]LogConfig: Setting CVar [[r.VolumetricFog.GridSizeZ:128]]
[2019.12.17-20.54.02:230][  0]LogConfig: Setting CVar [[r.VolumetricFog.HistoryMissSupersampleCount:4]]
[2019.12.17-20.54.02:230][  0]LogConfig: Setting CVar [[r.LightMaxDrawDistanceScale:1]]
[2019.12.17-20.54.02:230][  0]LogConfig: Setting CVar [[r.CapsuleShadows:1]]
[2019.12.17-20.54.02:230][  0]LogConfig: Applying CVar settings from Section [PostProcessQuality@3] File [D:/GIT/ue4-houdini-hmd-connection/HMD_write_file/Saved/Config/Windows/Scalability.ini]
[2019.12.17-20.54.02:230][  0]LogConfig: Setting CVar [[r.MotionBlurQuality:0]]
[2019.12.17-20.54.02:230][  0]LogConfig: Setting CVar [[r.AmbientOcclusionMipLevelFactor:0.4]]
[2019.12.17-20.54.02:230][  0]LogConfig: Setting CVar [[r.AmbientOcclusionMaxQuality:100]]
[2019.12.17-20.54.02:230][  0]LogConfig: Setting CVar [[r.AmbientOcclusionLevels:0]]
[2019.12.17-20.54.02:230][  0]LogConfig: Setting CVar [[r.AmbientOcclusionRadiusScale:1.0]]
[2019.12.17-20.54.02:230][  0]LogConfig: Setting CVar [[r.DepthOfFieldQuality:0]]
[2019.12.17-20.54.02:230][  0]LogConfig: Setting CVar [[r.RenderTargetPoolMin:400]]
[2019.12.17-20.54.02:230][  0]LogConfig: Setting CVar [[r.LensFlareQuality:0]]
[2019.12.17-20.54.02:230][  0]LogConfig: Setting CVar [[r.SceneColorFringeQuality:0]]
[2019.12.17-20.54.02:230][  0]LogConfig: Setting CVar [[r.EyeAdaptationQuality:2]]
[2019.12.17-20.54.02:230][  0]LogConfig: Setting CVar [[r.BloomQuality:1]]
[2019.12.17-20.54.02:230][  0]LogConfig: Setting CVar [[r.FastBlurThreshold:0]]
[2019.12.17-20.54.02:230][  0]LogConfig: Setting CVar [[r.Upscale.Quality:3]]
[2019.12.17-20.54.02:230][  0]LogConfig: Setting CVar [[r.Tonemapper.GrainQuantization:1]]
[2019.12.17-20.54.02:230][  0]LogConfig: Setting CVar [[r.LightShaftQuality:1]]
[2019.12.17-20.54.02:230][  0]LogConfig: Setting CVar [[r.Filter.SizeScale:1]]
[2019.12.17-20.54.02:230][  0]LogConfig: Setting CVar [[r.Tonemapper.Quality:5]]
[2019.12.17-20.54.02:230][  0]LogConfig: Setting CVar [[r.DOF.Gather.AccumulatorQuality:1        ; higher gathering accumulator quality]]
[2019.12.17-20.54.02:230][  0]LogConfig: Setting CVar [[r.DOF.Gather.PostfilterMethod:1          ; Median3x3 postfilering method]]
[2019.12.17-20.54.02:230][  0]LogConfig: Setting CVar [[r.DOF.Gather.EnableBokehSettings:0       ; no bokeh simulation when gathering]]
[2019.12.17-20.54.02:230][  0]LogConfig: Setting CVar [[r.DOF.Gather.RingCount:4                 ; medium number of samples when gathering]]
[2019.12.17-20.54.02:230][  0]LogConfig: Setting CVar [[r.DOF.Scatter.ForegroundCompositing:1    ; additive foreground scattering]]
[2019.12.17-20.54.02:230][  0]LogConfig: Setting CVar [[r.DOF.Scatter.BackgroundCompositing:2    ; additive background scattering]]
[2019.12.17-20.54.02:230][  0]LogConfig: Setting CVar [[r.DOF.Scatter.EnableBokehSettings:1      ; bokeh simulation when scattering]]
[2019.12.17-20.54.02:230][  0]LogConfig: Setting CVar [[r.DOF.Scatter.MaxSpriteRatio:0.1         ; only a maximum of 10% of scattered bokeh]]
[2019.12.17-20.54.02:230][  0]LogConfig: Setting CVar [[r.DOF.Recombine.Quality:1                ; cheap slight out of focus]]
[2019.12.17-20.54.02:230][  0]LogConfig: Setting CVar [[r.DOF.Recombine.EnableBokehSettings:0    ; no bokeh simulation on slight out of focus]]
[2019.12.17-20.54.02:230][  0]LogConfig: Setting CVar [[r.DOF.TemporalAAQuality:1                ; more stable temporal accumulation]]
[2019.12.17-20.54.02:230][  0]LogConfig: Setting CVar [[r.DOF.Kernel.MaxForegroundRadius:0.025]]
[2019.12.17-20.54.02:230][  0]LogConfig: Setting CVar [[r.DOF.Kernel.MaxBackgroundRadius:0.025]]
[2019.12.17-20.54.02:230][  0]LogConfig: Applying CVar settings from Section [TextureQuality@3] File [D:/GIT/ue4-houdini-hmd-connection/HMD_write_file/Saved/Config/Windows/Scalability.ini]
[2019.12.17-20.54.02:230][  0]LogConfig: Setting CVar [[r.Streaming.MipBias:0]]
[2019.12.17-20.54.02:230][  0]LogConfig: Setting CVar [[r.Streaming.AmortizeCPUToGPUCopy:0]]
[2019.12.17-20.54.02:230][  0]LogConfig: Setting CVar [[r.Streaming.MaxNumTexturesToStreamPerFrame:0]]
[2019.12.17-20.54.02:230][  0]LogConfig: Setting CVar [[r.Streaming.Boost:1]]
[2019.12.17-20.54.02:230][  0]LogConfig: Setting CVar [[r.MaxAnisotropy:8]]
[2019.12.17-20.54.02:230][  0]LogConfig: Setting CVar [[r.Streaming.LimitPoolSizeToVRAM:0]]
[2019.12.17-20.54.02:230][  0]LogConfig: Setting CVar [[r.Streaming.PoolSize:1000]]
[2019.12.17-20.54.02:230][  0]LogConfig: Setting CVar [[r.Streaming.MaxEffectiveScreenSize:0]]
[2019.12.17-20.54.02:230][  0]LogConfig: Applying CVar settings from Section [EffectsQuality@3] File [D:/GIT/ue4-houdini-hmd-connection/HMD_write_file/Saved/Config/Windows/Scalability.ini]
[2019.12.17-20.54.02:230][  0]LogConfig: Setting CVar [[r.TranslucencyLightingVolumeDim:4]]
[2019.12.17-20.54.02:230][  0]LogConfig: Setting CVar [[r.RefractionQuality:2]]
[2019.12.17-20.54.02:230][  0]LogConfig: Setting CVar [[r.SSR.Quality:0]]
[2019.12.17-20.54.02:230][  0]LogConfig: Setting CVar [[r.SceneColorFormat:2]]
[2019.12.17-20.54.02:230][  0]LogConfig: Setting CVar [[r.DetailMode:2]]
[2019.12.17-20.54.02:230][  0]LogConfig: Setting CVar [[r.TranslucencyVolumeBlur:0]]
[2019.12.17-20.54.02:230][  0]LogConfig: Setting CVar [[r.MaterialQualityLevel:1 ; High quality]]
[2019.12.17-20.54.02:230][  0]LogConfig: Setting CVar [[r.SSS.Scale:1]]
[2019.12.17-20.54.02:230][  0]LogConfig: Setting CVar [[r.SSS.SampleSet:2]]
[2019.12.17-20.54.02:231][  0]LogConfig: Setting CVar [[r.SSS.Quality:1]]
[2019.12.17-20.54.02:231][  0]LogConfig: Setting CVar [[r.SSS.HalfRes:1]]
[2019.12.17-20.54.02:231][  0]LogConfig: Setting CVar [[r.EmitterSpawnRateScale:1.0]]
[2019.12.17-20.54.02:231][  0]LogConfig: Setting CVar [[r.ParticleLightQuality:2]]
[2019.12.17-20.54.02:231][  0]LogConfig: Applying CVar settings from Section [FoliageQuality@3] File [D:/GIT/ue4-houdini-hmd-connection/HMD_write_file/Saved/Config/Windows/Scalability.ini]
[2019.12.17-20.54.02:231][  0]LogConfig: Setting CVar [[foliage.DensityScale:1.0]]
[2019.12.17-20.54.02:231][  0]LogConfig: Setting CVar [[grass.DensityScale:1.0]]
[2019.12.17-20.54.02:231][  0]LogConfig: Applying CVar settings from Section [Startup] File [../../../Engine/Config/ConsoleVariables.ini]
[2019.12.17-20.54.02:236][  0]LogConfig: Setting CVar [[net.UseAdaptiveNetUpdateFrequency:0]]
[2019.12.17-20.54.02:236][  0]LogConfig: Setting CVar [[p.chaos.AllowCreatePhysxBodies:1]]
[2019.12.17-20.54.02:236][  0]LogConfig: Applying CVar settings from Section [ConsoleVariables] File [D:/GIT/ue4-houdini-hmd-connection/HMD_write_file/Saved/Config/Windows/Engine.ini]
[2019.12.17-20.54.02:236][  0]LogInit: Computer: ARARAKURARA
[2019.12.17-20.54.02:236][  0]LogInit: User: oranu
[2019.12.17-20.54.02:236][  0]LogInit: CPU Page size=4096, Cores=8
[2019.12.17-20.54.02:236][  0]LogInit: High frequency timer resolution =10.000000 MHz
[2019.12.17-20.54.02:236][  0]LogMemory: Memory total: Physical=32.0GB (32GB approx)
[2019.12.17-20.54.02:236][  0]LogMemory: Platform Memory Stats for Windows
[2019.12.17-20.54.02:236][  0]LogMemory: Process Physical Memory: 99.19 MB used, 99.19 MB peak
[2019.12.17-20.54.02:236][  0]LogMemory: Process Virtual Memory: 90.77 MB used, 90.77 MB peak
[2019.12.17-20.54.02:236][  0]LogMemory: Physical Memory: 10051.89 MB used,  22671.27 MB free, 32723.16 MB total
[2019.12.17-20.54.02:236][  0]LogMemory: Virtual Memory: 4677.02 MB used,  134213048.00 MB free, 134217728.00 MB total
[2019.12.17-20.54.02:378][  0]LogInit: Using OS detected language (ru-RU).
[2019.12.17-20.54.02:378][  0]LogInit: Using OS detected locale (ru-RU).
[2019.12.17-20.54.02:379][  0]LogTextLocalizationManager: No specific localization for 'ru-RU' exists, so the 'ru' localization will be used.
[2019.12.17-20.54.02:379][  0]LogTextLocalizationResource: LocRes '../../../Engine/Content/Localization/Editor/ru/Editor.locres' could not be opened for reading!
[2019.12.17-20.54.02:379][  0]LogTextLocalizationResource: LocRes '../../../Engine/Content/Localization/EditorTutorials/ru/EditorTutorials.locres' could not be opened for reading!
[2019.12.17-20.54.02:379][  0]LogTextLocalizationResource: LocRes '../../../Engine/Content/Localization/Keywords/ru/Keywords.locres' could not be opened for reading!
[2019.12.17-20.54.02:380][  0]LogTextLocalizationResource: LocRes '../../../Engine/Content/Localization/Category/ru/Category.locres' could not be opened for reading!
[2019.12.17-20.54.02:380][  0]LogTextLocalizationResource: LocRes '../../../Engine/Content/Localization/ToolTips/ru/ToolTips.locres' could not be opened for reading!
[2019.12.17-20.54.02:380][  0]LogTextLocalizationResource: LocRes '../../../Engine/Content/Localization/PropertyNames/ru/PropertyNames.locres' could not be opened for reading!
[2019.12.17-20.54.02:380][  0]LogTextLocalizationResource: LocRes '../../../Engine/Content/Localization/Engine/ru/Engine.locres' could not be opened for reading!
[2019.12.17-20.54.02:405][  0]LogInit: Setting process to per monitor DPI aware
[2019.12.17-20.54.02:475][  0]LogSlate: New Slate User Created.  User Index 0, Is Virtual User: 0
[2019.12.17-20.54.02:475][  0]LogSlate: Slate User Registered.  User Index 0, Is Virtual User: 0
[2019.12.17-20.54.04:871][  0]LogHMD: Failed to initialize OpenVR with code 108
[2019.12.17-20.54.04:871][  0]LogD3D11RHI: D3D11 adapters:
[2019.12.17-20.54.04:943][  0]LogD3D11RHI:    0. 'NVIDIA GeForce GTX 1080 Ti' (Feature Level 11_0)
[2019.12.17-20.54.04:943][  0]LogD3D11RHI:       11127/0/16361 MB DedicatedVideo/DedicatedSystem/SharedSystem, Outputs:2, VendorId:0x10de
[2019.12.17-20.54.04:945][  0]LogD3D11RHI:    1. 'Microsoft Basic Render Driver' (Feature Level 11_0)
[2019.12.17-20.54.04:945][  0]LogD3D11RHI:       0/0/16361 MB DedicatedVideo/DedicatedSystem/SharedSystem, Outputs:0, VendorId:0x1414
[2019.12.17-20.54.04:945][  0]LogD3D11RHI: Chosen D3D11 Adapter: 0
[2019.12.17-20.54.04:957][  0]LogD3D11RHI: Creating new Direct3DDevice
[2019.12.17-20.54.04:957][  0]LogD3D11RHI:     GPU DeviceId: 0x1b06 (for the marketing name, search the web for "GPU Device Id")
[2019.12.17-20.54.04:957][  0]LogWindows: EnumDisplayDevices:
[2019.12.17-20.54.04:957][  0]LogWindows:    0. 'NVIDIA GeForce GTX 1080 Ti' (P:0 D:1)
[2019.12.17-20.54.04:958][  0]LogWindows:    1. 'NVIDIA GeForce GTX 1080 Ti' (P:1 D:1)
[2019.12.17-20.54.04:958][  0]LogWindows:    2. 'NVIDIA GeForce GTX 1080 Ti' (P:0 D:0)
[2019.12.17-20.54.04:958][  0]LogWindows:    3. 'NVIDIA GeForce GTX 1080 Ti' (P:0 D:0)
[2019.12.17-20.54.04:958][  0]LogWindows: DebugString: FoundDriverCount:4 
[2019.12.17-20.54.04:958][  0]LogD3D11RHI:     Adapter Name: NVIDIA GeForce GTX 1080 Ti
[2019.12.17-20.54.04:958][  0]LogD3D11RHI:   Driver Version: 441.08 (internal:26.21.14.4108, unified:441.08)
[2019.12.17-20.54.04:958][  0]LogD3D11RHI:      Driver Date: 10-22-2019
[2019.12.17-20.54.04:958][  0]LogRHI: Texture pool is 7788 MB (70% of 11127 MB)
[2019.12.17-20.54.05:013][  0]LogD3D11RHI: Async texture creation enabled
[2019.12.17-20.54.05:017][  0]LogRendererCore: FGlobalReadBuffer::InitRHI
[2019.12.17-20.54.05:018][  0]LogRendererCore: FGlobalReadBuffer::InitRHI
[2019.12.17-20.54.05:018][  0]LogRendererCore: FGlobalReadBuffer::InitRHI
[2019.12.17-20.54.05:026][  0]LogD3D11RHI: GPU Timing Frequency: 1000.000000 (Debug: 2 1)
[2019.12.17-20.54.05:354][  0]LogTemp: Display: Module 'AllDesktopTargetPlatform' loaded TargetPlatform 'AllDesktop'
[2019.12.17-20.54.05:372][  0]LogTemp: Display: Module 'MacClientTargetPlatform' loaded TargetPlatform 'MacClient'
[2019.12.17-20.54.05:390][  0]LogTemp: Display: Module 'MacNoEditorTargetPlatform' loaded TargetPlatform 'MacNoEditor'
[2019.12.17-20.54.05:408][  0]LogTemp: Display: Module 'MacServerTargetPlatform' loaded TargetPlatform 'MacServer'
[2019.12.17-20.54.05:431][  0]LogTemp: Display: Module 'MacTargetPlatform' loaded TargetPlatform 'Mac'
[2019.12.17-20.54.05:449][  0]LogTemp: Display: Module 'WindowsClientTargetPlatform' loaded TargetPlatform 'WindowsClient'
[2019.12.17-20.54.05:466][  0]LogTemp: Display: Module 'WindowsNoEditorTargetPlatform' loaded TargetPlatform 'WindowsNoEditor'
[2019.12.17-20.54.05:484][  0]LogTemp: Display: Module 'WindowsServerTargetPlatform' loaded TargetPlatform 'WindowsServer'
[2019.12.17-20.54.05:493][  0]LogTemp: Display: Module 'WindowsTargetPlatform' loaded TargetPlatform 'Windows'
[2019.12.17-20.54.05:606][  0]LogTemp: Display: Module 'AndroidTargetPlatform' loaded TargetPlatform 'Android'
[2019.12.17-20.54.05:606][  0]LogTemp: Display: Module 'AndroidTargetPlatform' loaded TargetPlatform 'Android_ASTC'
[2019.12.17-20.54.05:606][  0]LogTemp: Display: Module 'AndroidTargetPlatform' loaded TargetPlatform 'Android_ATC'
[2019.12.17-20.54.05:606][  0]LogTemp: Display: Module 'AndroidTargetPlatform' loaded TargetPlatform 'Android_DXT'
[2019.12.17-20.54.05:606][  0]LogTemp: Display: Module 'AndroidTargetPlatform' loaded TargetPlatform 'Android_ETC1'
[2019.12.17-20.54.05:606][  0]LogTemp: Display: Module 'AndroidTargetPlatform' loaded TargetPlatform 'Android_ETC1a'
[2019.12.17-20.54.05:606][  0]LogTemp: Display: Module 'AndroidTargetPlatform' loaded TargetPlatform 'Android_ETC2'
[2019.12.17-20.54.05:606][  0]LogTemp: Display: Module 'AndroidTargetPlatform' loaded TargetPlatform 'Android_PVRTC'
[2019.12.17-20.54.05:606][  0]LogTemp: Display: Module 'AndroidTargetPlatform' loaded TargetPlatform 'AndroidClient'
[2019.12.17-20.54.05:606][  0]LogTemp: Display: Module 'AndroidTargetPlatform' loaded TargetPlatform 'Android_ASTCClient'
[2019.12.17-20.54.05:606][  0]LogTemp: Display: Module 'AndroidTargetPlatform' loaded TargetPlatform 'Android_ATCClient'
[2019.12.17-20.54.05:606][  0]LogTemp: Display: Module 'AndroidTargetPlatform' loaded TargetPlatform 'Android_DXTClient'
[2019.12.17-20.54.05:606][  0]LogTemp: Display: Module 'AndroidTargetPlatform' loaded TargetPlatform 'Android_ETC1Client'
[2019.12.17-20.54.05:606][  0]LogTemp: Display: Module 'AndroidTargetPlatform' loaded TargetPlatform 'Android_ETC1aClient'
[2019.12.17-20.54.05:606][  0]LogTemp: Display: Module 'AndroidTargetPlatform' loaded TargetPlatform 'Android_ETC2Client'
[2019.12.17-20.54.05:606][  0]LogTemp: Display: Module 'AndroidTargetPlatform' loaded TargetPlatform 'Android_PVRTCClient'
[2019.12.17-20.54.05:606][  0]LogTemp: Display: Module 'AndroidTargetPlatform' loaded TargetPlatform 'Android_Multi'
[2019.12.17-20.54.05:606][  0]LogTemp: Display: Module 'AndroidTargetPlatform' loaded TargetPlatform 'Android_MultiClient'
[2019.12.17-20.54.05:608][  0]LogTemp: Display: Module 'HTML5TargetPlatform' loaded TargetPlatform 'HTML5'
[2019.12.17-20.54.05:674][  0]LogTemp: Display: Module 'IOSTargetPlatform' loaded TargetPlatform 'IOSClient'
[2019.12.17-20.54.05:674][  0]LogTemp: Display: Module 'IOSTargetPlatform' loaded TargetPlatform 'IOS'
[2019.12.17-20.54.05:704][  0]LogTemp: Display: Module 'TVOSTargetPlatform' loaded TargetPlatform 'TVOSClient'
[2019.12.17-20.54.05:704][  0]LogTemp: Display: Module 'TVOSTargetPlatform' loaded TargetPlatform 'TVOS'
[2019.12.17-20.54.05:720][  0]LogTemp: Display: Module 'LinuxClientTargetPlatform' loaded TargetPlatform 'LinuxClient'
[2019.12.17-20.54.05:735][  0]LogTemp: Display: Module 'LinuxNoEditorTargetPlatform' loaded TargetPlatform 'LinuxNoEditor'
[2019.12.17-20.54.05:750][  0]LogTemp: Display: Module 'LinuxServerTargetPlatform' loaded TargetPlatform 'LinuxServer'
[2019.12.17-20.54.05:776][  0]LogTemp: Display: Module 'LinuxTargetPlatform' loaded TargetPlatform 'Linux'
[2019.12.17-20.54.05:837][  0]LogTemp: Display: Module 'LuminTargetPlatform' loaded TargetPlatform 'Lumin'
[2019.12.17-20.54.05:837][  0]LogTemp: Display: Module 'LuminTargetPlatform' loaded TargetPlatform 'LuminClient'
[2019.12.17-20.54.05:837][  0]LogTargetPlatformManager: Display: Building Assets For Windows
[2019.12.17-20.54.05:881][  0]LogAudioDebug: Display: Lib vorbis DLL was dynamically loaded.
[2019.12.17-20.54.05:966][  0]LogShaderCompilers: Guid format shader working directory is -3 characters bigger than the processId version (D:/GIT/ue4-houdini-hmd-connection/HMD_write_file/Intermediate/Shaders/WorkingDirectory/20316/).
[2019.12.17-20.54.05:966][  0]LogShaderCompilers: Cleaned the shader compiler working directory 'C:/Users/oranu/AppData/Local/Temp/UnrealShaderWorkingDir/DE488D6E4525D6DB3732C19E8EFC5F1F/'.
[2019.12.17-20.54.05:969][  0]LogXGEController: Cleaning working directory: C:/Users/oranu/AppData/Local/Temp/UnrealXGEWorkingDir/
[2019.12.17-20.54.05:969][  0]LogXGEController: Cannot use XGE Controller as Incredibuild is not installed on this machine.
[2019.12.17-20.54.05:969][  0]LogShaderCompilers: Cannot use XGE Shader Compiler as Incredibuild is not installed on this machine.
[2019.12.17-20.54.05:969][  0]LogShaderCompilers: Display: Using Local Shader Compiler.
[2019.12.17-20.54.08:324][  0]LogDerivedDataCache: Display: Max Cache Size: 512 MB
[2019.12.17-20.54.08:373][  0]LogDerivedDataCache: Loaded boot cache 0.05s 73MB C:/Users/oranu/AppData/Local/UnrealEngine/4.22/DerivedDataCache/Boot.ddc.
[2019.12.17-20.54.08:373][  0]LogDerivedDataCache: Display: Loaded Boot cache: C:/Users/oranu/AppData/Local/UnrealEngine/4.22/DerivedDataCache/Boot.ddc
[2019.12.17-20.54.08:374][  0]LogDerivedDataCache: FDerivedDataBackendGraph:  Pak pak cache file D:/GIT/ue4-houdini-hmd-connection/HMD_write_file/DerivedDataCache/DDC.ddp not found, will not use a pak cache.
[2019.12.17-20.54.08:374][  0]LogDerivedDataCache: Unable to find inner node Pak for hierarchical cache Hierarchy.
[2019.12.17-20.54.08:374][  0]LogDerivedDataCache: FDerivedDataBackendGraph:  CompressedPak pak cache file D:/GIT/ue4-houdini-hmd-connection/HMD_write_file/DerivedDataCache/Compressed.ddp not found, will not use a pak cache.
[2019.12.17-20.54.08:374][  0]LogDerivedDataCache: Unable to find inner node CompressedPak for hierarchical cache Hierarchy.
[2019.12.17-20.54.08:394][  0]LogDerivedDataCache: Display: Pak cache opened for reading ../../../Engine/DerivedDataCache/Compressed.ddp.
[2019.12.17-20.54.08:405][  0]LogDerivedDataCache: Display: Pak cache opened for reading ../../../Enterprise/DerivedDataCache/Compressed.ddp.
[2019.12.17-20.54.08:418][  0]LogDerivedDataCache: Using Local data cache path C:/Users/oranu/AppData/Local/UnrealEngine/Common/DerivedDataCache: Writable
[2019.12.17-20.54.08:418][  0]LogDerivedDataCache: Shared data cache path not found in *engine.ini, will not use an Shared cache.
[2019.12.17-20.54.08:418][  0]LogDerivedDataCache: Unable to find inner node Shared for hierarchical cache Hierarchy.
[2019.12.17-20.54.08:443][  0]LogMaterial: Verifying Global Shaders for PCD3D_SM5
[2019.12.17-20.54.08:444][  0]LogSlate: Using FreeType 2.6.0
[2019.12.17-20.54.08:457][  0]LogSlate: SlateFontServices - WITH_FREETYPE: 1, WITH_HARFBUZZ: 1
[2019.12.17-20.54.08:649][  0]LogAssetRegistry: FAssetRegistry took 0.0370 seconds to start up
[2019.12.17-20.54.09:049][  0]LogInit: Selected Device Profile: [Windows]
[2019.12.17-20.54.09:315][  0]LogMeshReduction: Using QuadricMeshReduction for automatic static mesh reduction
[2019.12.17-20.54.09:315][  0]LogMeshReduction: Using SimplygonMeshReduction for automatic skeletal mesh reduction
[2019.12.17-20.54.09:315][  0]LogMeshReduction: Using ProxyLODMeshReduction for automatic mesh merging
[2019.12.17-20.54.09:315][  0]LogMeshReduction: No distributed automatic mesh merging module available
[2019.12.17-20.54.09:315][  0]LogMeshMerging: No distributed automatic mesh merging module available
[2019.12.17-20.54.09:349][  0]LogNetVersion: HMD_write_file 1.0.0, NetCL: 5660361, EngineNetVer: 10, GameNetVer: 0 (Checksum: 3480835497)
[2019.12.17-20.54.10:474][  0]LogPackageLocalizationCache: Processed 16 localized package path(s) for 1 prioritized culture(s) in 0.076736 seconds
[2019.12.17-20.54.10:482][  0]LogUObjectArray: 42205 objects as part of root set at end of initial load.
[2019.12.17-20.54.10:482][  0]LogUObjectAllocator: 7325032 out of 0 bytes used by permanent object pool.
[2019.12.17-20.54.10:482][  0]LogUObjectArray: CloseDisregardForGC: 0/0 objects in disregard for GC pool
[2019.12.17-20.54.12:731][  0]LogTcpMessaging: Initializing TcpMessaging bridge
[2019.12.17-20.54.12:745][  0]LogUdpMessaging: Initializing bridge on interface 0.0.0.0:0 to multicast group 230.0.0.1:6666.
[2019.12.17-20.54.12:893][  0]SourceControl: Source control is disabled
[2019.12.17-20.54.12:893][  0]SourceControl: Source control is disabled
[2019.12.17-20.54.12:895][  0]SourceControl: Source control is disabled
[2019.12.17-20.54.12:896][  0]SourceControl: Source control is disabled
[2019.12.17-20.54.13:114][  0]LogAndroidPermission: UAndroidPermissionCallbackProxy::GetInstance
[2019.12.17-20.54.13:227][  0]LogOcInput: OculusInput pre-init called
[2019.12.17-20.54.15:902][  0]LogWindows: Failed to load 'libalias_api.dll' (GetLastError=126)
[2019.12.17-20.54.15:902][  0]LogWindows: File 'libalias_api.dll' does not exist
[2019.12.17-20.54.15:903][  0]LogWindows: Failed to load 'libalias_api.dll' (GetLastError=126)
[2019.12.17-20.54.15:903][  0]LogWindows: File 'libalias_api.dll' does not exist
[2019.12.17-20.54.16:095][  0]LogEngine: Initializing Engine...
[2019.12.17-20.54.16:156][  0]LogHMD: Failed to initialize OpenVR with code 108
[2019.12.17-20.54.16:157][  0]LogStats: UGameplayTagsManager::InitializeManager -  0.000 s
[2019.12.17-20.54.16:714][  0]LogInit: Initializing FReadOnlyCVARCache
[2019.12.17-20.54.16:729][  0]LogAIModule: Creating AISystem for world Untitled
[2019.12.17-20.54.16:764][  0]LogInit: XAudio2 using 'Динамики (Sound Blaster Audigy Fx)' : 2 channels at 48 kHz using 16 bits per sample (channel mask 0x3)
[2019.12.17-20.54.16:784][  0]LogInit: FAudioDevice initialized.
[2019.12.17-20.54.16:784][  0]LogNetVersion: Set ProjectVersion to 1.0.0.0. Version Checksum will be recalculated on next use.
[2019.12.17-20.54.16:875][  0]LogDerivedDataCache: Saved boot cache 0.09s 86MB C:/Users/oranu/AppData/Local/UnrealEngine/4.22/DerivedDataCache/Boot.ddc.
[2019.12.17-20.54.16:884][  0]LogInit: Texture streaming: Enabled
[2019.12.17-20.54.16:907][  0]LogEngineSessionManager: EngineSessionManager initialized
[2019.12.17-20.54.16:933][  0]LogInit: Transaction tracking system initialized
[2019.12.17-20.54.16:962][  0]BlueprintLog: New page: Editor Load
[2019.12.17-20.54.17:065][  0]LocalizationService: Localization service is disabled
[2019.12.17-20.54.17:725][  0]LogFileCache: Scanning file cache for directory 'D:/GIT/ue4-houdini-hmd-connection/HMD_write_file/Content/' took 0.02s
[2019.12.17-20.54.17:725][  0]LogCook: Display: Max memory allowance for cook 16384mb min free memory 0mb
[2019.12.17-20.54.17:725][  0]LogCook: Display: Mobile HDR setting 1
[2019.12.17-20.54.19:533][  0]SourceControl: Source control is disabled
[2019.12.17-20.54.19:533][  0]Cmd: MAP LOAD FILE="D:/GIT/ue4-houdini-hmd-connection/HMD_write_file/Content/VirtualRealityBP/Maps/MotionControllerMap.umap" TEMPLATE=0 SHOWPROGRESS=1 FEATURELEVEL=3
[2019.12.17-20.54.19:533][  0]LogEditorServer: Warning: Can't find file 'D:/GIT/ue4-houdini-hmd-connection/HMD_write_file/Content/VirtualRealityBP/Maps/MotionControllerMap.umap'
[2019.12.17-20.54.19:533][  0]Cmd: MAP CHECKDEP NOCLEARLOG
[2019.12.17-20.54.19:533][  0]MapCheck: Map check complete: 0 Error(s), 0 Warning(s), took 0,117ms to complete.
[2019.12.17-20.54.19:533][  0]LogFileHelpers: Loading map 'MotionControllerMap' took 0.000
[2019.12.17-20.54.19:674][  0]LogSlate: Updating window title bar state: overlay mode, drag disabled, window buttons hidden, title bar hidden
[2019.12.17-20.54.19:682][  0]LogSlate: Updating window title bar state: overlay mode, drag disabled, window buttons hidden, title bar hidden
[2019.12.17-20.54.19:691][  0]LogSlate: Updating window title bar state: overlay mode, drag disabled, window buttons hidden, title bar hidden
[2019.12.17-20.54.19:701][  0]LogSlate: Updating window title bar state: overlay mode, drag disabled, window buttons hidden, title bar hidden
[2019.12.17-20.54.19:714][  0]LogCollectionManager: Loaded 0 collections in 0.002024 seconds
[2019.12.17-20.54.19:731][  0]LogFileCache: Scanning file cache for directory 'D:/GIT/ue4-houdini-hmd-connection/HMD_write_file/Saved/Collections/' took 0.01s
[2019.12.17-20.54.19:731][  0]LogFileCache: Scanning file cache for directory 'D:/GIT/ue4-houdini-hmd-connection/HMD_write_file/Content/Developers/oranu/Collections/' took 0.00s
[2019.12.17-20.54.19:731][  0]LogFileCache: Scanning file cache for directory 'D:/GIT/ue4-houdini-hmd-connection/HMD_write_file/Content/Collections/' took 0.00s
[2019.12.17-20.54.19:731][  0]LogCollectionManager: Rebuilt the GUID cache for 0 collections in 0.000000 seconds
[2019.12.17-20.54.19:742][  0]LogContentBrowser: Native class hierarchy populated in 0.0113 seconds. Added 2865 classes and 728 folders.
[2019.12.17-20.54.19:750][  0]LogContentBrowser: Native class hierarchy updated for 'WidgetCarousel' in 0.0004 seconds. Added 0 classes and 0 folders.
[2019.12.17-20.54.19:756][  0]LogPakFile: Registered encryption key '00000000000000000000000000000000': 0 pak files mounted, 0 remain pending
[2019.12.17-20.54.19:763][  0]LogPakFile: Registered encryption key '00000000000000000000000000000000': 0 pak files mounted, 0 remain pending
[2019.12.17-20.54.19:784][  0]LogPakFile: Registered encryption key '00000000000000000000000000000000': 0 pak files mounted, 0 remain pending
[2019.12.17-20.54.19:789][  0]LogPakFile: Registered encryption key '00000000000000000000000000000000': 0 pak files mounted, 0 remain pending
[2019.12.17-20.54.19:795][  0]LogPakFile: Registered encryption key '00000000000000000000000000000000': 0 pak files mounted, 0 remain pending
[2019.12.17-20.54.19:800][  0]LogPakFile: Registered encryption key '00000000000000000000000000000000': 0 pak files mounted, 0 remain pending
[2019.12.17-20.54.19:806][  0]LogPakFile: Registered encryption key '00000000000000000000000000000000': 0 pak files mounted, 0 remain pending
[2019.12.17-20.54.19:811][  0]LogPakFile: Registered encryption key '00000000000000000000000000000000': 0 pak files mounted, 0 remain pending
[2019.12.17-20.54.19:818][  0]LogPakFile: Registered encryption key '00000000000000000000000000000000': 0 pak files mounted, 0 remain pending
[2019.12.17-20.54.19:824][  0]LogPakFile: Registered encryption key '00000000000000000000000000000000': 0 pak files mounted, 0 remain pending
[2019.12.17-20.54.19:830][  0]LogPakFile: Registered encryption key '00000000000000000000000000000000': 0 pak files mounted, 0 remain pending
[2019.12.17-20.54.19:835][  0]LogPakFile: Registered encryption key '00000000000000000000000000000000': 0 pak files mounted, 0 remain pending
[2019.12.17-20.54.19:841][  0]LogPakFile: Registered encryption key '00000000000000000000000000000000': 0 pak files mounted, 0 remain pending
[2019.12.17-20.54.19:847][  0]LogPakFile: Registered encryption key '00000000000000000000000000000000': 0 pak files mounted, 0 remain pending
[2019.12.17-20.54.19:852][  0]LogPakFile: Registered encryption key '00000000000000000000000000000000': 0 pak files mounted, 0 remain pending
[2019.12.17-20.54.19:857][  0]LogPakFile: Registered encryption key '00000000000000000000000000000000': 0 pak files mounted, 0 remain pending
[2019.12.17-20.54.19:888][  0]LogPakFile: Registered encryption key '00000000000000000000000000000000': 0 pak files mounted, 0 remain pending
[2019.12.17-20.54.19:893][  0]LogPakFile: Registered encryption key '00000000000000000000000000000000': 0 pak files mounted, 0 remain pending
[2019.12.17-20.54.19:899][  0]LogPakFile: Registered encryption key '00000000000000000000000000000000': 0 pak files mounted, 0 remain pending
[2019.12.17-20.54.19:904][  0]LogPakFile: Registered encryption key '00000000000000000000000000000000': 0 pak files mounted, 0 remain pending
[2019.12.17-20.54.19:910][  0]LogPakFile: Registered encryption key '00000000000000000000000000000000': 0 pak files mounted, 0 remain pending
[2019.12.17-20.54.19:915][  0]LogPakFile: Registered encryption key '00000000000000000000000000000000': 0 pak files mounted, 0 remain pending
[2019.12.17-20.54.19:921][  0]LogPakFile: Registered encryption key '00000000000000000000000000000000': 0 pak files mounted, 0 remain pending
[2019.12.17-20.54.19:927][  0]LogPakFile: Registered encryption key '00000000000000000000000000000000': 0 pak files mounted, 0 remain pending
[2019.12.17-20.54.19:932][  0]LogPakFile: Registered encryption key '00000000000000000000000000000000': 0 pak files mounted, 0 remain pending
[2019.12.17-20.54.19:938][  0]LogPakFile: Registered encryption key '00000000000000000000000000000000': 0 pak files mounted, 0 remain pending
[2019.12.17-20.54.19:944][  0]LogPakFile: Registered encryption key '00000000000000000000000000000000': 0 pak files mounted, 0 remain pending
[2019.12.17-20.54.19:949][  0]LogPakFile: Registered encryption key '00000000000000000000000000000000': 0 pak files mounted, 0 remain pending
[2019.12.17-20.54.20:080][  0]LogContentBrowser: Native class hierarchy updated for 'AddContentDialog' in 0.0004 seconds. Added 0 classes and 0 folders.
[2019.12.17-20.54.20:090][  0]LogContentBrowser: Native class hierarchy updated for 'WorldBrowser' in 0.0004 seconds. Added 2 classes and 3 folders.
[2019.12.17-20.54.20:095][  0]LogContentBrowser: Native class hierarchy updated for 'SceneOutliner' in 0.0004 seconds. Added 1 classes and 0 folders.
[2019.12.17-20.54.20:170][  0]LogSlate: Took 0.005157 seconds to synchronously load lazily loaded font '../../../Engine/Content/Slate/Fonts/Roboto-Regular.ttf' (155K)
[2019.12.17-20.54.20:176][  0]LogSlate: Took 0.004753 seconds to synchronously load lazily loaded font '../../../Engine/Content/Slate/Fonts/Roboto-Bold.ttf' (160K)
[2019.12.17-20.54.20:188][  0]LogSlate: Took 0.005177 seconds to synchronously load lazily loaded font '../../../Engine/Content/Editor/Slate/Fonts/FontAwesome.ttf' (139K)
[2019.12.17-20.54.20:325][  0]LogRenderer: Reallocating scene render targets to support 1064x580 Format 26 NumSamples 1 (Frame:1).
[2019.12.17-20.54.20:431][  0]LogContentBrowser: Native class hierarchy updated for 'HierarchicalLODOutliner' in 0.0004 seconds. Added 0 classes and 0 folders.
[2019.12.17-20.54.20:431][  0]LogLoad: (Engine Initialization) Total time: 22.34 seconds
[2019.12.17-20.54.20:431][  0]LogLoad: (Engine Initialization) Total Blueprint compile time: 0.00 seconds
[2019.12.17-20.54.20:467][  0]LogAssetRegistry: Asset discovery search completed in 11.8402 seconds
[2019.12.17-20.54.20:469][  0]LogCollectionManager: Rebuilt the object cache for 0 collections in 0.000000 seconds (found 0 objects)
[2019.12.17-20.54.20:469][  0]LogCollectionManager: Fixed up redirectors for 0 collections in 0.000081 seconds (updated 0 objects)
[2019.12.17-20.54.20:471][  0]LogContentStreaming: Texture pool size now 1000 MB
[2019.12.17-20.54.20:530][  0]LogSlate: Took 0.004491 seconds to synchronously load lazily loaded font '../../../Engine/Content/Slate/Fonts/Roboto-Light.ttf' (167K)
[2019.12.17-20.54.21:468][108]LogSlate: Took 0.000178 seconds to synchronously load lazily loaded font '../../../Engine/Content/Slate/Fonts/Roboto-Light.ttf' (167K)
[2019.12.17-20.55.15:857][632]LogSlate: FSceneViewport::OnFocusLost() reason 0
[2019.12.17-20.55.17:809][792]LogAIModule: Creating AISystem for world VR_Map
[2019.12.17-20.55.17:824][792]LogAssetEditorManager: Opening Asset editor for World /Game/Maps/VR_Map.VR_Map
[2019.12.17-20.55.17:869][792]LogUObjectHash: Compacting FUObjectHashTables data took   2.68ms
[2019.12.17-20.55.17:871][792]Cmd: MAP LOAD FILE="D:/GIT/ue4-houdini-hmd-connection/HMD_write_file/Content/Maps/VR_Map.umap" TEMPLATE=0 SHOWPROGRESS=1 FEATURELEVEL=3
[2019.12.17-20.55.17:871][792]LightingResults: New page: Lighting Build
[2019.12.17-20.55.17:874][792]LogContentBrowser: Native class hierarchy updated for 'StatsViewer' in 0.0004 seconds. Added 5 classes and 0 folders.
[2019.12.17-20.55.17:875][792]LoadErrors: New page: Loading map: VR_Map.umap
[2019.12.17-20.55.17:875][792]MapCheck: New page: Map Check
[2019.12.17-20.55.17:875][792]LightingResults: New page: Lighting Build
[2019.12.17-20.55.17:916][792]LogUObjectHash: Compacting FUObjectHashTables data took   1.82ms
[2019.12.17-20.55.17:993][792]LogEditorServer: Finished looking for orphan Actors (0.000 secs)
[2019.12.17-20.55.18:038][792]LogUObjectHash: Compacting FUObjectHashTables data took   2.61ms
[2019.12.17-20.55.18:068][792]Cmd: MAP CHECKDEP NOCLEARLOG
[2019.12.17-20.55.18:069][792]MapCheck: Map check complete: 0 Error(s), 0 Warning(s), took 0,103ms to complete.
[2019.12.17-20.55.18:069][792]LogFileHelpers: Loading map 'VR_Map' took 0.199
[2019.12.17-20.55.31:071][243]LogSlate: Window 'Editor Preferences' being destroyed
[2019.12.17-20.55.31:075][243]LogSlate: Window 'Editor Preferences' being destroyed
[2019.12.17-20.55.34:850][547]LogSlate: Only BGRA pngs, bmps or icos are supported in by External Image Picker
[2019.12.17-20.55.47:521][898]LogSlate: Window 'Project Settings' being destroyed
[2019.12.17-20.55.47:525][898]LogSlate: Window 'Project Settings' being destroyed
[2019.12.17-20.55.49:703][150]LogUObjectHash: Compacting FUObjectHashTables data took   1.29ms
[2019.12.17-20.55.49:788][150]LogSlate: Window 'HMD_write_file - Unreal Editor' being destroyed
[2019.12.17-20.55.49:789][150]LogWindowsTextInputMethodSystem: Display: IME system now deactivated.
[2019.12.17-20.55.49:961][151]Cmd: QUIT_EDITOR
[2019.12.17-20.55.49:987][151]LogExit: Preparing to exit.
[2019.12.17-20.55.50:815][151]LogActorComponent: UnregisterComponent: (None.None) Not registered. Aborting.
[2019.12.17-20.55.50:815][151]LogActorComponent: UnregisterComponent: (None.None) Not registered. Aborting.
[2019.12.17-20.55.50:815][151]LogActorComponent: UnregisterComponent: (None.None) Not registered. Aborting.
[2019.12.17-20.55.50:830][151]LogExit: Editor shut down
[2019.12.17-20.55.50:830][151]LogExit: Transaction tracking system shut down
[2019.12.17-20.55.51:068][151]LogExit: Object subsystem successfully closed.
[2019.12.17-20.55.51:093][151]LogShaderCompilers: Display: Shaders left to compile 0
[2019.12.17-20.55.51:097][151]LogD3D11RHI: Shutdown
[2019.12.17-20.55.51:097][151]LogD3D11RHI: CleanupD3DDevice
[2019.12.17-20.55.51:097][151]LogRendererCore: FGlobalReadBuffer::ReleaseRHI
[2019.12.17-20.55.51:097][151]LogRendererCore: FGlobalDynamicReadBuffer::Cleanup()
[2019.12.17-20.55.51:097][151]LogRendererCore: FGlobalReadBuffer::ReleaseRHI
[2019.12.17-20.55.51:097][151]LogRendererCore: FGlobalDynamicReadBuffer::Cleanup()
[2019.12.17-20.55.51:097][151]LogRendererCore: FGlobalReadBuffer::ReleaseRHI
[2019.12.17-20.55.51:097][151]LogRendererCore: FGlobalDynamicReadBuffer::Cleanup()
[2019.12.17-20.55.51:171][151]LogD3D11RHI: ~FD3D11DynamicRHI
[2019.12.17-20.55.51:204][151]LogModuleManager: Shutting down and abandoning module ExternalImagePicker (690)
[2019.12.17-20.55.51:204][151]LogModuleManager: Shutting down and abandoning module StatsViewer (688)
[2019.12.17-20.55.51:204][151]LogModuleManager: Shutting down and abandoning module HierarchicalLODOutliner (686)
[2019.12.17-20.55.51:204][151]LogModuleManager: Shutting down and abandoning module SceneOutliner (684)
[2019.12.17-20.55.51:204][151]LogModuleManager: Shutting down and abandoning module WorldBrowser (682)
[2019.12.17-20.55.51:204][151]LogModuleManager: Shutting down and abandoning module AddContentDialog (680)
[2019.12.17-20.55.51:204][151]LogModuleManager: Shutting down and abandoning module WidgetCarousel (679)
[2019.12.17-20.55.51:204][151]LogModuleManager: Shutting down and abandoning module EditorWidgets (676)
[2019.12.17-20.55.51:204][151]LogModuleManager: Shutting down and abandoning module CollectionManager (674)
[2019.12.17-20.55.51:206][151]LogModuleManager: Shutting down and abandoning module FoliageEdit (672)
[2019.12.17-20.55.51:206][151]LogModuleManager: Shutting down and abandoning module LandscapeEditor (670)
[2019.12.17-20.55.51:206][151]LogModuleManager: Shutting down and abandoning module MeshPaintMode (668)
[2019.12.17-20.55.51:206][151]LogModuleManager: Shutting down and abandoning module SceneDepthPickerMode (666)
[2019.12.17-20.55.51:206][151]LogModuleManager: Shutting down and abandoning module ActorPickerMode (664)
[2019.12.17-20.55.51:206][151]LogModuleManager: Shutting down and abandoning module GeometryMode (662)
[2019.12.17-20.55.51:206][151]LogModuleManager: Shutting down and abandoning module TextureAlignMode (660)
[2019.12.17-20.55.51:206][151]LogModuleManager: Shutting down and abandoning module BspMode (658)
[2019.12.17-20.55.51:206][151]LogModuleManager: Shutting down and abandoning module PIEPreviewDeviceProfileSelector (656)
[2019.12.17-20.55.51:206][151]LogModuleManager: Shutting down and abandoning module SequenceRecorderSections (654)
[2019.12.17-20.55.51:206][151]LogModuleManager: Shutting down and abandoning module AutomationWorker (652)
[2019.12.17-20.55.51:206][151]LogModuleManager: Shutting down and abandoning module DatasmithFBXImporter (650)
[2019.12.17-20.55.51:206][151]LogModuleManager: Shutting down and abandoning module DatasmithDeltaGenImporter (648)
[2019.12.17-20.55.51:206][151]LogModuleManager: Shutting down and abandoning module DatasmithVREDImporter (646)
[2019.12.17-20.55.51:206][151]LogModuleManager: Shutting down and abandoning module OculusMR (644)
[2019.12.17-20.55.51:206][151]LogModuleManager: Shutting down and abandoning module AudioCaptureEditor (642)
[2019.12.17-20.55.51:206][151]LogModuleManager: Shutting down and abandoning module MatineeToLevelSequence (640)
[2019.12.17-20.55.51:206][151]LogModuleManager: Shutting down and abandoning module LevelSequenceEditor (638)
[2019.12.17-20.55.51:206][151]LogModuleManager: Shutting down and abandoning module PlacementMode (637)
[2019.12.17-20.55.51:206][151]LogModuleManager: Shutting down and abandoning module MaterialEditor (636)
[2019.12.17-20.55.51:206][151]LogModuleManager: Shutting down and abandoning module ActorSequenceEditor (632)
[2019.12.17-20.55.51:206][151]LogModuleManager: Shutting down and abandoning module WmfMediaFactory (630)
[2019.12.17-20.55.51:206][151]LogModuleManager: Shutting down and abandoning module WmfMediaEditor (628)
[2019.12.17-20.55.51:206][151]LogModuleManager: Shutting down and abandoning module WebMMediaFactory (626)
[2019.12.17-20.55.51:206][151]LogModuleManager: Shutting down and abandoning module WebMMediaEditor (624)
[2019.12.17-20.55.51:206][151]LogModuleManager: Shutting down and abandoning module WebMMedia (622)
[2019.12.17-20.55.51:206][151]LogModuleManager: Shutting down and abandoning module MediaPlayerEditor (620)
[2019.12.17-20.55.51:206][151]LogModuleManager: Shutting down and abandoning module MediaCompositingEditor (618)
[2019.12.17-20.55.51:206][151]LogModuleManager: Shutting down and abandoning module SequenceRecorder (617)
[2019.12.17-20.55.51:206][151]LogModuleManager: Shutting down and abandoning module OpenExrWrapper (614)
[2019.12.17-20.55.51:206][151]LogModuleManager: Shutting down and abandoning module ImgMediaFactory (612)
[2019.12.17-20.55.51:206][151]LogModuleManager: Shutting down and abandoning module ImgMediaEditor (610)
[2019.12.17-20.55.51:206][151]LogModuleManager: Shutting down and abandoning module AvfMediaFactory (608)
[2019.12.17-20.55.51:206][151]LogModuleManager: Shutting down and abandoning module AvfMediaEditor (606)
[2019.12.17-20.55.51:206][151]LogModuleManager: Shutting down and abandoning module AndroidMediaFactory (604)
[2019.12.17-20.55.51:206][151]LogModuleManager: Shutting down and abandoning module AndroidMediaEditor (602)
[2019.12.17-20.55.51:206][151]LogModuleManager: Shutting down and abandoning module MagicLeapCameraPreviewFactory (600)
[2019.12.17-20.55.51:206][151]LogModuleManager: Shutting down and abandoning module MagicLeapMediaCodecFactory (598)
[2019.12.17-20.55.51:206][151]LogModuleManager: Shutting down and abandoning module MagicLeapMediaFactory (596)
[2019.12.17-20.55.51:206][151]LogModuleManager: Shutting down and abandoning module MagicLeapMediaEditor (594)
[2019.12.17-20.55.51:206][151]LogModuleManager: Shutting down and abandoning module CharacterAI (592)
[2019.12.17-20.55.51:206][151]LogModuleManager: Shutting down and abandoning module SmartSnapping (590)
[2019.12.17-20.55.51:206][151]LogModuleManager: Shutting down and abandoning module SessionServices (588)
[2019.12.17-20.55.51:206][151]LogModuleManager: Shutting down and abandoning module MeshPaint (586)
[2019.12.17-20.55.51:206][151]LogModuleManager: Shutting down and abandoning module ViewportSnapping (584)
[2019.12.17-20.55.51:206][151]LogModuleManager: Shutting down and abandoning module ViewportInteraction (582)
[2019.12.17-20.55.51:206][151]LogModuleManager: Shutting down and abandoning module ClothPainter (580)
[2019.12.17-20.55.51:206][151]LogModuleManager: Shutting down and abandoning module SkeletalMeshEditor (579)
[2019.12.17-20.55.51:206][151]LogModuleManager: Shutting down and abandoning module LogVisualizer (576)
[2019.12.17-20.55.51:206][151]LogModuleManager: Shutting down and abandoning module IntroTutorials (574)
[2019.12.17-20.55.51:206][151]LogModuleManager: Shutting down and abandoning module GameProjectGeneration (573)
[2019.12.17-20.55.51:206][151]LogModuleManager: Shutting down and abandoning module LuminPlatformEditor (570)
[2019.12.17-20.55.51:206][151]LogModuleManager: Shutting down and abandoning module IOSPlatformEditor (568)
[2019.12.17-20.55.51:206][151]LogModuleManager: Shutting down and abandoning module HTML5PlatformEditor (566)
[2019.12.17-20.55.51:206][151]LogModuleManager: Shutting down and abandoning module AndroidPlatformEditor (564)
[2019.12.17-20.55.51:206][151]LogModuleManager: Shutting down and abandoning module AndroidDeviceDetection (563)
[2019.12.17-20.55.52:216][151]LogModuleManager: Shutting down and abandoning module WindowsPlatformEditor (560)
[2019.12.17-20.55.52:216][151]LogModuleManager: Shutting down and abandoning module LuminRuntimeSettings (558)
[2019.12.17-20.55.52:216][151]LogModuleManager: Shutting down and abandoning module IOSRuntimeSettings (556)
[2019.12.17-20.55.52:216][151]LogModuleManager: Shutting down and abandoning module AndroidRuntimeSettings (554)
[2019.12.17-20.55.52:216][151]LogModuleManager: Shutting down and abandoning module TimeManagementEditor (552)
[2019.12.17-20.55.52:216][151]LogModuleManager: Shutting down and abandoning module InputBindingEditor (550)
[2019.12.17-20.55.52:216][151]LogModuleManager: Shutting down and abandoning module MergeActors (548)
[2019.12.17-20.55.52:216][151]LogModuleManager: Shutting down and abandoning module LocalizationDashboard (546)
[2019.12.17-20.55.52:216][151]LogModuleManager: Shutting down and abandoning module LocalizationService (545)
[2019.12.17-20.55.52:216][151]LogModuleManager: Shutting down and abandoning module HardwareTargeting (542)
[2019.12.17-20.55.52:216][151]LogModuleManager: Shutting down and abandoning module DeviceProfileEditor (540)
[2019.12.17-20.55.52:216][151]LogModuleManager: Shutting down and abandoning module UndoHistory (538)
[2019.12.17-20.55.52:216][151]LogModuleManager: Shutting down and abandoning module XmlParser (536)
[2019.12.17-20.55.52:216][151]LogModuleManager: Shutting down and abandoning module Blutility (534)
[2019.12.17-20.55.52:216][151]LogModuleManager: Shutting down and abandoning module ProjectSettingsViewer (532)
[2019.12.17-20.55.52:216][151]LogModuleManager: Shutting down and abandoning module ProjectTargetPlatformEditor (531)
[2019.12.17-20.55.52:216][151]LogModuleManager: Shutting down and abandoning module EditorSettingsViewer (528)
[2019.12.17-20.55.52:216][151]LogModuleManager: Shutting down and abandoning module SettingsEditor (526)
[2019.12.17-20.55.52:216][151]LogModuleManager: Shutting down and abandoning module ProjectLauncher (524)
[2019.12.17-20.55.52:216][151]LogModuleManager: Shutting down and abandoning module SessionFrontend (522)
[2019.12.17-20.55.52:216][151]LogModuleManager: Shutting down and abandoning module ProfilerClient (520)
[2019.12.17-20.55.52:216][151]LogModuleManager: Shutting down and abandoning module DeviceManager (518)
[2019.12.17-20.55.52:216][151]LogModuleManager: Shutting down and abandoning module TargetDeviceServices (517)
[2019.12.17-20.55.52:260][151]LogModuleManager: Shutting down and abandoning module AutomationController (514)
[2019.12.17-20.55.52:260][151]LogModuleManager: Shutting down and abandoning module AutomationWindow (512)
[2019.12.17-20.55.52:260][151]LogModuleManager: Shutting down and abandoning module Layers (510)
[2019.12.17-20.55.52:260][151]LogModuleManager: Shutting down and abandoning module ComponentVisualizers (508)
[2019.12.17-20.55.52:260][151]LogModuleManager: Shutting down and abandoning module DetailCustomizations (506)
[2019.12.17-20.55.52:260][151]LogModuleManager: Shutting down and abandoning module PackagesDialog (504)
[2019.12.17-20.55.52:260][151]LogModuleManager: Shutting down and abandoning module AnimationBlueprintEditor (502)
[2019.12.17-20.55.52:260][151]LogModuleManager: Shutting down and abandoning module Persona (500)
[2019.12.17-20.55.52:260][151]LogModuleManager: Shutting down and abandoning module AnimGraph (499)
[2019.12.17-20.55.52:260][151]LogModuleManager: Shutting down and abandoning module Kismet (496)
[2019.12.17-20.55.52:260][151]LogModuleManager: Shutting down and abandoning module GraphEditor (494)
[2019.12.17-20.55.52:261][151]LogModuleManager: Shutting down and abandoning module ClassViewer (492)
[2019.12.17-20.55.52:261][151]LogModuleManager: Shutting down and abandoning module Toolbox (490)
[2019.12.17-20.55.52:261][151]LogModuleManager: Shutting down and abandoning module DesktopPlatform (489)
[2019.12.17-20.55.52:261][151]LogModuleManager: Shutting down and abandoning module ModuleUI (486)
[2019.12.17-20.55.52:261][151]LogModuleManager: Shutting down and abandoning module MovieSceneTools (484)
[2019.12.17-20.55.52:261][151]LogModuleManager: Shutting down and abandoning module OutputLog (482)
[2019.12.17-20.55.52:261][151]LogModuleManager: Shutting down and abandoning module GammaUI (480)
[2019.12.17-20.55.52:261][151]LogModuleManager: Shutting down and abandoning module Documentation (478)
[2019.12.17-20.55.52:261][151]LogModuleManager: Shutting down and abandoning module LiveCoding (476)
[2019.12.17-20.55.52:261][151]LogModuleManager: Shutting down and abandoning module LevelSequence (474)
[2019.12.17-20.55.52:261][151]LogModuleManager: Shutting down and abandoning module MovieSceneTracks (472)
[2019.12.17-20.55.52:261][151]LogModuleManager: Shutting down and abandoning module MovieScene (470)
[2019.12.17-20.55.52:261][151]LogModuleManager: Shutting down and abandoning module StreamingPauseRendering (468)
[2019.12.17-20.55.52:261][151]LogModuleManager: Shutting down and abandoning module LauncherPlatform (466)
[2019.12.17-20.55.52:261][151]LogModuleManager: Shutting down and abandoning module AnalyticsET (464)
[2019.12.17-20.55.52:261][151]LogModuleManager: Shutting down and abandoning module PortalServices (462)
[2019.12.17-20.55.52:261][151]LogModuleManager: Shutting down and abandoning module PortalRpc (460)
[2019.12.17-20.55.52:261][151]LogModuleManager: Shutting down and abandoning module MessagingRpc (458)
[2019.12.17-20.55.52:261][151]LogModuleManager: Shutting down and abandoning module AIModule (456)
[2019.12.17-20.55.52:261][151]LogModuleManager: Shutting down and abandoning module GameplayDebugger (455)
[2019.12.17-20.55.52:261][151]LogModuleManager: Shutting down and abandoning module AITestSuite (453)
[2019.12.17-20.55.52:261][151]LogModuleManager: Shutting down and abandoning module NavigationSystem (451)
[2019.12.17-20.55.52:261][151]LogModuleManager: Shutting down and abandoning module ImageWriteQueue (448)
[2019.12.17-20.55.52:265][151]LogModuleManager: Shutting down and abandoning module ProfilerService (446)
[2019.12.17-20.55.52:288][151]LogModuleManager: Shutting down and abandoning module TaskGraph (444)
[2019.12.17-20.55.52:288][151]LogModuleManager: Shutting down and abandoning module DatasmithCADImporter (442)
[2019.12.17-20.55.52:289][151]LogModuleManager: Shutting down and abandoning module VariantManager (440)
[2019.12.17-20.55.52:289][151]LogModuleManager: Shutting down and abandoning module StaticMeshEditorExtension (438)
[2019.12.17-20.55.52:289][151]LogModuleManager: Shutting down and abandoning module StaticMeshEditor (437)
[2019.12.17-20.55.52:289][151]LogModuleManager: Shutting down and abandoning module AdvancedPreviewScene (436)
[2019.12.17-20.55.52:289][151]LogModuleManager: Shutting down and abandoning module MeshProcessingLibrary (433)
[2019.12.17-20.55.52:289][151]LogModuleManager: Shutting down and abandoning module MDLImporter (430)
[2019.12.17-20.55.52:289][151]LogModuleManager: Shutting down and abandoning module DatasmithGLTFImporter (428)
[2019.12.17-20.55.52:289][151]LogModuleManager: Shutting down and abandoning module DatasmithImporter (427)
[2019.12.17-20.55.52:289][151]LogModuleManager: Shutting down and abandoning module DatasmithDataPrepLibraries (424)
[2019.12.17-20.55.52:290][151]LogModuleManager: Shutting down and abandoning module DatasmithDataPrepEditor (422)
[2019.12.17-20.55.52:290][151]LogModuleManager: Shutting down and abandoning module SteamVRController (420)
[2019.12.17-20.55.52:290][151]LogModuleManager: Shutting down and abandoning module ProceduralMeshComponentEditor (418)
[2019.12.17-20.55.52:290][151]LogModuleManager: Shutting down and abandoning module ProceduralMeshComponent (416)
[2019.12.17-20.55.52:290][151]LogModuleManager: Shutting down and abandoning module OculusEditor (414)
[2019.12.17-20.55.52:290][151]LogModuleManager: Shutting down and abandoning module OculusInput (412)
[2019.12.17-20.55.52:290][151]LogModuleManager: Shutting down and abandoning module MobilePatchingUtils (410)
[2019.12.17-20.55.52:290][151]LogModuleManager: Shutting down and abandoning module EditableMesh (408)
[2019.12.17-20.55.52:290][151]LogModuleManager: Shutting down and abandoning module CustomMeshComponent (406)
[2019.12.17-20.55.52:290][151]LogModuleManager: Shutting down and abandoning module CableComponent (404)
[2019.12.17-20.55.52:290][151]LogModuleManager: Shutting down and abandoning module AudioCapture (402)
[2019.12.17-20.55.52:290][151]LogModuleManager: Shutting down and abandoning module ArchVisCharacter (400)
[2019.12.17-20.55.52:290][151]LogModuleManager: Shutting down and abandoning module AndroidPermission (398)
[2019.12.17-20.55.52:290][151]LogModuleManager: Shutting down and abandoning module NUTUnrealEngine4 (396)
[2019.12.17-20.55.52:290][151]LogModuleManager: Shutting down and abandoning module NetcodeUnitTest (394)
[2019.12.17-20.55.52:290][151]LogModuleManager: Shutting down and abandoning module MediaCompositing (392)
[2019.12.17-20.55.52:290][151]LogModuleManager: Shutting down and abandoning module LinearTimecode (390)
[2019.12.17-20.55.52:290][151]LogModuleManager: Shutting down and abandoning module ImgMedia (388)
[2019.12.17-20.55.52:290][151]LogModuleManager: Shutting down and abandoning module MagicLeapHelperVulkan (386)
[2019.12.17-20.55.52:290][151]LogModuleManager: Shutting down and abandoning module MagicLeapHelperOpenGL (384)
[2019.12.17-20.55.52:290][151]LogModuleManager: Shutting down and abandoning module MagicLeapAudio (382)
[2019.12.17-20.55.52:290][151]LogModuleManager: Shutting down and abandoning module HTML5Networking (380)
[2019.12.17-20.55.52:290][151]LogModuleManager: Shutting down and abandoning module GeometryCollectionEditor (378)
[2019.12.17-20.55.52:290][151]LogModuleManager: Shutting down and abandoning module GeometryCollectionExampleCore (376)
[2019.12.17-20.55.52:290][151]LogModuleManager: Shutting down and abandoning module GeometryCacheTracks (374)
[2019.12.17-20.55.52:290][151]LogModuleManager: Shutting down and abandoning module GeometryCacheSequencer (372)
[2019.12.17-20.55.52:290][151]LogModuleManager: Shutting down and abandoning module ChaosSolverEditor (370)
[2019.12.17-20.55.52:290][151]LogModuleManager: Shutting down and abandoning module BlastAuthoring (368)
[2019.12.17-20.55.52:290][151]LogModuleManager: Shutting down and abandoning module BackChannel (366)
[2019.12.17-20.55.52:290][151]LogModuleManager: Shutting down and abandoning module AppleVision (364)
[2019.12.17-20.55.52:290][151]LogModuleManager: Shutting down and abandoning module AppleImageUtilsBlueprintSupport (362)
[2019.12.17-20.55.52:290][151]LogModuleManager: Shutting down and abandoning module AppleImageUtils (360)
[2019.12.17-20.55.52:290][151]LogModuleManager: Shutting down and abandoning module AlembicImporter (358)
[2019.12.17-20.55.52:290][151]LogModuleManager: Shutting down and abandoning module AlembicLibrary (357)
[2019.12.17-20.55.52:290][151]LogModuleManager: Shutting down and abandoning module GeometryCache (356)
[2019.12.17-20.55.52:290][151]LogModuleManager: Shutting down and abandoning module GeometryCacheEd (355)
[2019.12.17-20.55.52:290][151]LogModuleManager: Shutting down and abandoning module VariantManagerContent (350)
[2019.12.17-20.55.52:290][151]LogModuleManager: Shutting down and abandoning module DatasmithContentEditor (348)
[2019.12.17-20.55.52:290][151]LogModuleManager: Shutting down and abandoning module SpeedTreeImporter (346)
[2019.12.17-20.55.52:290][151]LogModuleManager: Shutting down and abandoning module PluginBrowser (344)
[2019.12.17-20.55.52:290][151]LogModuleManager: Shutting down and abandoning module MobileLauncherProfileWizard (342)
[2019.12.17-20.55.52:290][151]LogModuleManager: Shutting down and abandoning module PolygonModeling (340)
[2019.12.17-20.55.52:290][151]LogModuleManager: Shutting down and abandoning module MeshEditor (338)
[2019.12.17-20.55.52:291][151]LogModuleManager: Shutting down and abandoning module MaterialAnalyzer (336)
[2019.12.17-20.55.52:291][151]LogModuleManager: Shutting down and abandoning module GLTFImporter (334)
[2019.12.17-20.55.52:291][151]LogModuleManager: Shutting down and abandoning module EditorScriptingUtilities (332)
[2019.12.17-20.55.52:291][151]LogModuleManager: Shutting down and abandoning module CryptoKeysOpenSSL (330)
[2019.12.17-20.55.52:291][151]LogModuleManager: Shutting down and abandoning module CryptoKeys (328)
[2019.12.17-20.55.52:291][151]LogModuleManager: Shutting down and abandoning module VisualStudioSourceCodeAccess (326)
[2019.12.17-20.55.52:291][151]LogModuleManager: Shutting down and abandoning module VisualStudioCodeSourceCodeAccess (324)
[2019.12.17-20.55.52:291][151]LogModuleManager: Shutting down and abandoning module UObjectPlugin (322)
[2019.12.17-20.55.52:291][151]LogModuleManager: Shutting down and abandoning module SubversionSourceControl (320)
[2019.12.17-20.55.52:291][151]LogModuleManager: Shutting down and abandoning module PerforceSourceControl (318)
[2019.12.17-20.55.52:291][151]LogModuleManager: Shutting down and abandoning module GitSourceControl (316)
[2019.12.17-20.55.52:291][151]LogModuleManager: Shutting down and abandoning module SourceControl (315)
[2019.12.17-20.55.52:291][151]LogModuleManager: Shutting down and abandoning module CLionSourceCodeAccess (312)
[2019.12.17-20.55.52:291][151]LogModuleManager: Shutting down and abandoning module AnimationSharingEd (310)
[2019.12.17-20.55.52:291][151]LogModuleManager: Shutting down and abandoning module ActorLayerUtilitiesEditor (308)
[2019.12.17-20.55.52:291][151]LogModuleManager: Shutting down and abandoning module ActorLayerUtilities (306)
[2019.12.17-20.55.52:291][151]LogModuleManager: Shutting down and abandoning module LightPropagationVolumeEditor (304)
[2019.12.17-20.55.52:291][151]LogModuleManager: Shutting down and abandoning module PaperTiledImporter (302)
[2019.12.17-20.55.52:291][151]LogModuleManager: Shutting down and abandoning module PaperSpriteSheetImporter (300)
[2019.12.17-20.55.52:291][151]LogModuleManager: Shutting down and abandoning module Paper2DEditor (298)
[2019.12.17-20.55.52:291][151]LogModuleManager: Shutting down and abandoning module HMD_write_file (296)
[2019.12.17-20.55.52:291][151]LogModuleManager: Shutting down and abandoning module SignificanceManager (294)
[2019.12.17-20.55.52:291][151]LogModuleManager: Shutting down and abandoning module RuntimePhysXCooking (292)
[2019.12.17-20.55.52:291][151]LogModuleManager: Shutting down and abandoning module PhysXVehiclesEditor (290)
[2019.12.17-20.55.52:291][151]LogModuleManager: Shutting down and abandoning module PhysXVehicles (288)
[2019.12.17-20.55.52:291][151]LogModuleManager: Shutting down and abandoning module LocationServicesBPLibrary (286)
[2019.12.17-20.55.52:291][151]LogModuleManager: Shutting down and abandoning module ActorSequence (284)
[2019.12.17-20.55.52:291][151]LogModuleManager: Shutting down and abandoning module UdpMessaging (282)
[2019.12.17-20.55.52:392][151]LogModuleManager: Shutting down and abandoning module TcpMessaging (280)
[2019.12.17-20.55.52:493][151]LogModuleManager: Shutting down and abandoning module MagicLeapIdentity (278)
[2019.12.17-20.55.52:493][151]LogModuleManager: Shutting down and abandoning module MagicLeapSecureStorage (276)
[2019.12.17-20.55.52:493][151]LogModuleManager: Shutting down and abandoning module MagicLeapHandTracking (274)
[2019.12.17-20.55.52:493][151]LogModuleManager: Shutting down and abandoning module MagicLeapEyeTracker (272)
[2019.12.17-20.55.52:493][151]LogModuleManager: Shutting down and abandoning module MagicLeapController (270)
[2019.12.17-20.55.52:493][151]LogSlate: Slate User Destroyed.  User Index 0, Is Virtual User: 0
[2019.12.17-20.55.52:493][151]LogModuleManager: Shutting down and abandoning module MagicLeapAR (268)
[2019.12.17-20.55.52:493][151]LogModuleManager: Shutting down and abandoning module AugmentedReality (267)
[2019.12.17-20.55.52:493][151]LogModuleManager: Shutting down and abandoning module GameplayTagsEditor (264)
[2019.12.17-20.55.52:493][151]LogModuleManager: Shutting down and abandoning module FacialAnimationEditor (262)
[2019.12.17-20.55.52:493][151]LogModuleManager: Shutting down and abandoning module FacialAnimation (260)
[2019.12.17-20.55.52:493][151]LogModuleManager: Shutting down and abandoning module DataValidation (258)
[2019.12.17-20.55.52:493][151]LogModuleManager: Shutting down and abandoning module AssetManagerEditor (256)
[2019.12.17-20.55.52:493][151]LogModuleManager: Shutting down and abandoning module LevelEditor (255)
[2019.12.17-20.55.52:494][151]LogModuleManager: Shutting down and abandoning module PixelInspectorModule (254)
[2019.12.17-20.55.52:494][151]LogModuleManager: Shutting down and abandoning module CommonMenuExtensions (252)
[2019.12.17-20.55.52:494][151]LogModuleManager: Shutting down and abandoning module MainFrame (250)
[2019.12.17-20.55.52:494][151]LogModuleManager: Shutting down and abandoning module HotReload (249)
[2019.12.17-20.55.52:494][151]LogModuleManager: Shutting down and abandoning module ContentBrowser (245)
[2019.12.17-20.55.52:495][151]LogModuleManager: Shutting down and abandoning module TreeMap (243)
[2019.12.17-20.55.52:495][151]LogModuleManager: Shutting down and abandoning module AnimationSharing (240)
[2019.12.17-20.55.52:495][151]LogModuleManager: Shutting down and abandoning module LightPropagationVolumeRuntime (238)
[2019.12.17-20.55.52:495][151]LogModuleManager: Shutting down and abandoning module AISupportModule (236)
[2019.12.17-20.55.52:495][151]LogModuleManager: Shutting down and abandoning module Paper2D (234)
[2019.12.17-20.55.52:495][151]LogModuleManager: Shutting down and abandoning module WindowsMoviePlayer (232)
[2019.12.17-20.55.52:495][151]LogModuleManager: Shutting down and abandoning module WebMMoviePlayer (230)
[2019.12.17-20.55.52:495][151]LogModuleManager: Shutting down and abandoning module PacketHandler (228)
[2019.12.17-20.55.52:495][151]LogModuleManager: Shutting down and abandoning module ClothingSystemEditor (226)
[2019.12.17-20.55.52:495][151]LogModuleManager: Shutting down and abandoning module ClothingSystemRuntime (224)
[2019.12.17-20.55.52:495][151]LogModuleManager: Shutting down and abandoning module MediaAssets (222)
[2019.12.17-20.55.52:495][151]LogModuleManager: Shutting down and abandoning module Overlay (220)
[2019.12.17-20.55.52:495][151]LogModuleManager: Shutting down and abandoning module OverlayEditor (219)
[2019.12.17-20.55.52:495][151]LogModuleManager: Shutting down and abandoning module VREditor (216)
[2019.12.17-20.55.52:496][151]LogModuleManager: Shutting down and abandoning module StringTableEditor (214)
[2019.12.17-20.55.52:496][151]LogModuleManager: Shutting down and abandoning module GameplayTasksEditor (212)
[2019.12.17-20.55.52:496][151]LogModuleManager: Shutting down and abandoning module BehaviorTreeEditor (210)
[2019.12.17-20.55.52:496][151]LogModuleManager: Shutting down and abandoning module FunctionalTesting (208)
[2019.12.17-20.55.52:496][151]LogModuleManager: Shutting down and abandoning module CollisionAnalyzer (206)
[2019.12.17-20.55.52:496][151]LogModuleManager: Shutting down and abandoning module WorkspaceMenuStructure (205)
[2019.12.17-20.55.52:496][151]LogModuleManager: Shutting down and abandoning module UMG (202)
[2019.12.17-20.55.52:496][151]LogModuleManager: Shutting down and abandoning module UMGEditor (201)
[2019.12.17-20.55.52:496][151]LogModuleManager: Shutting down and abandoning module Sequencer (200)
[2019.12.17-20.55.52:496][151]LogModuleManager: Shutting down and abandoning module MessageLog (197)
[2019.12.17-20.55.52:496][151]LogModuleManager: Shutting down and abandoning module SlateReflector (192)
[2019.12.17-20.55.52:496][151]LogModuleManager: Shutting down and abandoning module Slate (190)
[2019.12.17-20.55.52:496][151]LogModuleManager: Shutting down and abandoning module EditorStyle (188)
[2019.12.17-20.55.52:497][151]LogModuleManager: Shutting down and abandoning module UnrealEd (186)
[2019.12.17-20.55.52:497][151]LogModuleManager: Shutting down and abandoning module MRMesh (184)
[2019.12.17-20.55.52:497][151]LogModuleManager: Shutting down and abandoning module SourceCodeAccess (182)
[2019.12.17-20.55.52:497][151]LogModuleManager: Shutting down and abandoning module HeadMountedDisplay (180)
[2019.12.17-20.55.52:497][151]LogModuleManager: Shutting down and abandoning module XAudio2 (178)
[2019.12.17-20.55.52:497][151]LogModuleManager: Shutting down and abandoning module Networking (176)
[2019.12.17-20.55.52:497][151]LogModuleManager: Shutting down and abandoning module Core (174)
[2019.12.17-20.55.52:497][151]LogModuleManager: Shutting down and abandoning module KismetCompiler (172)
[2019.12.17-20.55.52:497][151]LogModuleManager: Shutting down and abandoning module MeshUtilities (170)
[2019.12.17-20.55.52:497][151]LogModuleManager: Shutting down and abandoning module MeshMergeUtilities (169)
[2019.12.17-20.55.52:497][151]LogModuleManager: Shutting down and abandoning module MeshReductionInterface (168)
[2019.12.17-20.55.52:497][151]LogModuleManager: Shutting down and abandoning module SkeletalMeshReduction (167)
[2019.12.17-20.55.52:498][151]LogModuleManager: Shutting down and abandoning module ProxyLODMeshReduction (165)
[2019.12.17-20.55.52:498][151]LogModuleManager: Shutting down and abandoning module QuadricMeshReduction (163)
[2019.12.17-20.55.52:498][151]LogModuleManager: Shutting down and abandoning module MaterialBaking (159)
[2019.12.17-20.55.52:498][151]LogModuleManager: Shutting down and abandoning module DerivedDataCache (154)
[2019.12.17-20.55.52:999][151]LogDerivedDataCache: Shutdown
[2019.12.17-20.55.52:999][151]LogModuleManager: Shutting down and abandoning module XGEController (152)
[2019.12.17-20.55.52:999][151]LogXGEController: Cleaning working directory: C:/Users/oranu/AppData/Local/Temp/UnrealXGEWorkingDir/
[2019.12.17-20.55.52:999][151]LogModuleManager: Shutting down and abandoning module TargetPlatform (150)
[2019.12.17-20.55.52:999][151]LogModuleManager: Shutting down and abandoning module VulkanShaderFormat (149)
[2019.12.17-20.55.52:999][151]LogModuleManager: Shutting down and abandoning module ShaderFormatVectorVM (147)
[2019.12.17-20.55.52:999][151]LogModuleManager: Shutting down and abandoning module ShaderFormatOpenGL (145)
[2019.12.17-20.55.52:999][151]LogModuleManager: Shutting down and abandoning module ShaderFormatD3D (143)
[2019.12.17-20.55.52:999][151]LogModuleManager: Shutting down and abandoning module MetalShaderFormat (141)
[2019.12.17-20.55.52:999][151]LogModuleManager: Shutting down and abandoning module TextureFormatUncompressed (139)
[2019.12.17-20.55.52:999][151]LogModuleManager: Shutting down and abandoning module TextureFormatPVR (137)
[2019.12.17-20.55.52:999][151]LogModuleManager: Shutting down and abandoning module TextureFormatDXT (135)
[2019.12.17-20.55.52:999][151]LogModuleManager: Shutting down and abandoning module TextureFormatIntelISPCTexComp (133)
[2019.12.17-20.55.52:999][151]LogModuleManager: Shutting down and abandoning module TextureFormatASTC (131)
[2019.12.17-20.55.52:999][151]LogModuleManager: Shutting down and abandoning module ImageWrapper (130)
[2019.12.17-20.55.52:999][151]LogModuleManager: Shutting down and abandoning module TextureFormatAndroid (127)
[2019.12.17-20.55.52:999][151]LogModuleManager: Shutting down and abandoning module AudioFormatOpus (125)
[2019.12.17-20.55.52:999][151]LogModuleManager: Shutting down and abandoning module AudioFormatOgg (123)
[2019.12.17-20.55.52:999][151]LogModuleManager: Shutting down and abandoning module AudioFormatADPCM (121)
[2019.12.17-20.55.52:999][151]LogModuleManager: Shutting down and abandoning module LuminTargetPlatform (119)
[2019.12.17-20.55.53:000][151]LogModuleManager: Shutting down and abandoning module LinuxTargetPlatform (117)
[2019.12.17-20.55.53:000][151]LogModuleManager: Shutting down and abandoning module LinuxServerTargetPlatform (115)
[2019.12.17-20.55.53:000][151]LogModuleManager: Shutting down and abandoning module LinuxNoEditorTargetPlatform (113)
[2019.12.17-20.55.53:000][151]LogModuleManager: Shutting down and abandoning module LinuxClientTargetPlatform (111)
[2019.12.17-20.55.53:000][151]LogModuleManager: Shutting down and abandoning module TVOSTargetPlatform (109)
[2019.12.17-20.55.53:001][151]LogModuleManager: Shutting down and abandoning module Messaging (107)
[2019.12.17-20.55.53:001][151]LogModuleManager: Shutting down and abandoning module IOSTargetPlatform (105)
[2019.12.17-20.55.53:001][151]LogModuleManager: Shutting down and abandoning module HTML5TargetPlatform (103)
[2019.12.17-20.55.53:001][151]LogModuleManager: Shutting down and abandoning module AndroidTargetPlatform (101)
[2019.12.17-20.55.53:006][151]LogModuleManager: Shutting down and abandoning module WindowsTargetPlatform (99)
[2019.12.17-20.55.53:007][151]LogModuleManager: Shutting down and abandoning module WindowsServerTargetPlatform (97)
[2019.12.17-20.55.53:007][151]LogModuleManager: Shutting down and abandoning module WindowsNoEditorTargetPlatform (95)
[2019.12.17-20.55.53:007][151]LogModuleManager: Shutting down and abandoning module WindowsClientTargetPlatform (93)
[2019.12.17-20.55.53:007][151]LogModuleManager: Shutting down and abandoning module MacTargetPlatform (91)
[2019.12.17-20.55.53:007][151]LogModuleManager: Shutting down and abandoning module MacServerTargetPlatform (89)
[2019.12.17-20.55.53:007][151]LogModuleManager: Shutting down and abandoning module MacNoEditorTargetPlatform (87)
[2019.12.17-20.55.53:007][151]LogModuleManager: Shutting down and abandoning module MacClientTargetPlatform (85)
[2019.12.17-20.55.53:007][151]LogModuleManager: Shutting down and abandoning module AllDesktopTargetPlatform (83)
[2019.12.17-20.55.53:007][151]LogModuleManager: Shutting down and abandoning module InputCore (80)
[2019.12.17-20.55.53:007][151]LogModuleManager: Shutting down and abandoning module Settings (78)
[2019.12.17-20.55.53:007][151]LogModuleManager: Shutting down and abandoning module DirectoryWatcher (76)
[2019.12.17-20.55.53:007][151]LogModuleManager: Shutting down and abandoning module PhysXCooking (74)
[2019.12.17-20.55.53:007][151]LogModuleManager: Shutting down and abandoning module SteamVR (72)
[2019.12.17-20.55.53:007][151]LogHMD: Freeing OpenVRDLLHandle.
[2019.12.17-20.55.53:007][151]LogModuleManager: Shutting down and abandoning module OculusHMD (70)
[2019.12.17-20.55.53:007][151]LogModuleManager: Shutting down and abandoning module ExampleDeviceProfileSelector (68)
[2019.12.17-20.55.53:007][151]LogModuleManager: Shutting down and abandoning module LauncherChunkInstaller (66)
[2019.12.17-20.55.53:007][151]LogModuleManager: Shutting down and abandoning module OnlineBlueprintSupport (64)
[2019.12.17-20.55.53:007][151]LogModuleManager: Shutting down and abandoning module OnlineSubsystem (60)
[2019.12.17-20.55.53:008][151]LogModuleManager: Shutting down and abandoning module XMPP (55)
[2019.12.17-20.55.53:008][151]LogModuleManager: Shutting down and abandoning module WebSockets (54)
[2019.12.17-20.55.53:027][151]LogModuleManager: Shutting down and abandoning module HTTP (51)
[2019.12.17-20.55.53:027][151]LogHttp: Display: Http module shutting down, but needs to wait on 1 outstanding Http requests:
[2019.12.17-20.55.53:027][151]LogHttp: Display: 	verb=[POST] url=[https://datarouter.ol.epicgames.com/datarouter/api/v1/public/data?SessionID=%7B152B6344-41B1-54BC-F334-29B5739ADCCF%7D&AppID=UEEditor.Rocket.Release&AppVersion=4.22.3-7053642%2B%2B%2BUE4%2BRelease-4.22&UserID=d126c35b47903b9e9fec27b4346350c5%7C4bd4c1553fd341b9bf6e3f5ef6254e70%7C42d1cb43-e47b-4bd9-9429-461787ef1927&AppEnvironment=datacollector-binary&UploadType=eteventstream] status=Processing
[2019.12.17-20.55.53:035][151]LogModuleManager: Shutting down and abandoning module SSL (50)
[2019.12.17-20.55.53:036][151]LogModuleManager: Shutting down and abandoning module WmfMedia (46)
[2019.12.17-20.55.53:038][151]LogModuleManager: Shutting down and abandoning module Media (45)
[2019.12.17-20.55.53:044][151]LogModuleManager: Shutting down and abandoning module MagicLeap (42)
[2019.12.17-20.55.53:044][151]LogModuleManager: Shutting down and abandoning module DatasmithContent (40)
[2019.12.17-20.55.53:044][151]LogModuleManager: Shutting down and abandoning module AnimationModifiers (38)
[2019.12.17-20.55.53:045][151]LogModuleManager: Shutting down and abandoning module PropertyEditor (37)
[2019.12.17-20.55.53:045][151]LogModuleManager: Shutting down and abandoning module AudioEditor (34)
[2019.12.17-20.55.53:045][151]LogModuleManager: Shutting down and abandoning module TextureCompressor (32)
[2019.12.17-20.55.53:045][151]LogModuleManager: Shutting down and abandoning module RenderCore (30)
[2019.12.17-20.55.53:045][151]LogModuleManager: Shutting down and abandoning module Landscape (28)
[2019.12.17-20.55.53:045][151]LogModuleManager: Shutting down and abandoning module SlateRHIRenderer (26)
[2019.12.17-20.55.53:045][151]LogModuleManager: Shutting down and abandoning module OpenGLDrv (24)
[2019.12.17-20.55.53:045][151]LogModuleManager: Shutting down and abandoning module D3D11RHI (22)
[2019.12.17-20.55.53:045][151]LogModuleManager: Shutting down and abandoning module AnimGraphRuntime (20)
[2019.12.17-20.55.53:045][151]LogModuleManager: Shutting down and abandoning module Renderer (18)
[2019.12.17-20.55.53:045][151]LogModuleManager: Shutting down and abandoning module Engine (16)
[2019.12.17-20.55.53:045][151]LogModuleManager: Shutting down and abandoning module CoreUObject (14)
[2019.12.17-20.55.53:045][151]LogModuleManager: Shutting down and abandoning module NetworkFile (12)
[2019.12.17-20.55.53:045][151]LogModuleManager: Shutting down and abandoning module CookedIterativeFile (10)
[2019.12.17-20.55.53:045][151]LogModuleManager: Shutting down and abandoning module StreamingFile (8)
[2019.12.17-20.55.53:045][151]LogModuleManager: Shutting down and abandoning module SandboxFile (6)
[2019.12.17-20.55.53:045][151]LogModuleManager: Shutting down and abandoning module PakFile (4)
[2019.12.17-20.55.53:045][151]LogModuleManager: Shutting down and abandoning module RSA (3)
[2019.12.17-20.55.53:062][151]LogExit: Exiting.
[2019.12.17-20.55.53:095][151]Log file closed, 12/17/19 23:55:53
