Log file open, 11/04/19 20:55:09
LogWindows: Failed to load 'aqProf.dll' (GetLastError=126)
LogWindows: File 'aqProf.dll' does not exist
LogWindows: Failed to load 'VtuneApi.dll' (GetLastError=126)
LogWindows: File 'VtuneApi.dll' does not exist
LogWindows: Failed to load 'VtuneApi32e.dll' (GetLastError=126)
LogWindows: File 'VtuneApi32e.dll' does not exist
LogConsoleResponse: Display: Failed to find resolution value strings in scalability ini. Falling back to default.
LogInit: Display: Running engine for game: HMD_write_file
LogPakFile: Registered encryption key '00000000000000000000000000000000': 0 pak files mounted, 0 remain pending
LogPlatformFile: Not using cached read wrapper
LogTaskGraph: Started task graph with 5 named threads and 47 total threads with 3 sets of task threads.
LogStats: Stats thread started at 0.555809
LogD3D11RHI: Loaded GFSDK_Aftermath_Lib.x64.dll
LogICUInternationalization: ICU TimeZone Detection - Raw Offset: +3:00, Platform Override: ''
LogPluginManager: Mounting plugin Paper2D
LogPluginManager: Mounting plugin AISupport
LogPluginManager: Mounting plugin LightPropagationVolume
LogPluginManager: Mounting plugin ActorLayerUtilities
LogPluginManager: Mounting plugin AnimationSharing
LogPluginManager: Mounting plugin CLionSourceCodeAccess
LogPluginManager: Mounting plugin CodeLiteSourceCodeAccess
LogPluginManager: Mounting plugin GitSourceControl
LogPluginManager: Mounting plugin KDevelopSourceCodeAccess
LogPluginManager: Mounting plugin NullSourceCodeAccess
LogPluginManager: Mounting plugin PerforceSourceControl
LogPluginManager: Mounting plugin SubversionSourceControl
LogPluginManager: Mounting plugin UObjectPlugin
LogPluginManager: Mounting plugin VisualStudioCodeSourceCodeAccess
LogPluginManager: Mounting plugin VisualStudioSourceCodeAccess
LogPluginManager: Mounting plugin XCodeSourceCodeAccess
LogPluginManager: Mounting plugin AssetManagerEditor
LogPluginManager: Mounting plugin CryptoKeys
LogPluginManager: Mounting plugin DataValidation
LogPluginManager: Mounting plugin EditorScriptingUtilities
LogPluginManager: Mounting plugin FacialAnimation
LogPluginManager: Mounting plugin GameplayTagsEditor
LogPluginManager: Mounting plugin GLTFImporter
LogPluginManager: Mounting plugin MacGraphicsSwitching
LogPluginManager: Mounting plugin MaterialAnalyzer
LogPluginManager: Mounting plugin MeshEditor
LogPluginManager: Mounting plugin MobileLauncherProfileWizard
LogPluginManager: Mounting plugin PluginBrowser
LogPluginManager: Mounting plugin SpeedTreeImporter
LogPluginManager: Mounting plugin DatasmithContent
LogPluginManager: Mounting plugin VariantManagerContent
LogPluginManager: Mounting plugin AlembicImporter
LogPluginManager: Mounting plugin AppleImageUtils
LogPluginManager: Mounting plugin AppleVision
LogPluginManager: Mounting plugin BackChannel
LogPluginManager: Mounting plugin BlastPlugin
LogPluginManager: Mounting plugin ChaosSolverPlugin
LogPluginManager: Mounting plugin CharacterAI
LogPluginManager: Mounting plugin GeometryCache
LogPluginManager: Mounting plugin GeometryCollectionPlugin
LogPluginManager: Mounting plugin HTML5Networking
LogPluginManager: Mounting plugin ProxyLODPlugin
LogPluginManager: Mounting plugin SkeletalReduction
LogPluginManager: Mounting plugin MagicLeap
LogPluginManager: Mounting plugin MagicLeapMedia
LogPluginManager: Mounting plugin AndroidMedia
LogPluginManager: Mounting plugin AvfMedia
LogPluginManager: Mounting plugin ImgMedia
LogPluginManager: Mounting plugin LinearTimecode
LogPluginManager: Mounting plugin MediaCompositing
LogPluginManager: Mounting plugin MediaPlayerEditor
LogPluginManager: Mounting plugin WebMMedia
LogPluginManager: Mounting plugin WmfMedia
LogPluginManager: Mounting plugin TcpMessaging
LogPluginManager: Mounting plugin UdpMessaging
LogPluginManager: Mounting plugin ActorSequence
LogPluginManager: Mounting plugin LevelSequenceEditor
LogPluginManager: Mounting plugin MatineeToLevelSequence
LogPluginManager: Mounting plugin NetcodeUnitTest
LogPluginManager: Mounting plugin NUTUnrealEngine4
LogPluginManager: Mounting plugin OnlineSubsystemGooglePlay
LogPluginManager: Mounting plugin OnlineSubsystemIOS
LogPluginManager: Mounting plugin OnlineSubsystem
LogPluginManager: Mounting plugin OnlineSubsystemNull
LogPluginManager: Mounting plugin OnlineSubsystemUtils
LogPluginManager: Mounting plugin LauncherChunkInstaller
LogPluginManager: Mounting plugin AndroidDeviceProfileSelector
LogPluginManager: Mounting plugin AndroidMoviePlayer
LogPluginManager: Mounting plugin AndroidPermission
LogPluginManager: Mounting plugin AppleMoviePlayer
LogPluginManager: Mounting plugin ArchVisCharacter
LogPluginManager: Mounting plugin AudioCapture
LogPluginManager: Mounting plugin CableComponent
LogPluginManager: Mounting plugin CustomMeshComponent
LogPluginManager: Mounting plugin EditableMesh
LogPluginManager: Mounting plugin ExampleDeviceProfileSelector
LogPluginManager: Mounting plugin Firebase
LogPluginManager: Mounting plugin GoogleCloudMessaging
LogPluginManager: Mounting plugin IOSDeviceProfileSelector
LogPluginManager: Mounting plugin LinuxDeviceProfileSelector
LogPluginManager: Mounting plugin LocationServicesBPLibrary
LogPluginManager: Mounting plugin MobilePatchingUtils
LogPluginManager: Mounting plugin OculusVR
LogPluginManager: Mounting plugin PhysXVehicles
LogPluginManager: Mounting plugin ProceduralMeshComponent
LogPluginManager: Mounting plugin RuntimePhysXCooking
LogPluginManager: Mounting plugin SignificanceManager
LogPluginManager: Mounting plugin SteamVR
LogPluginManager: Mounting plugin WebMMoviePlayer
LogPluginManager: Mounting plugin WindowsMoviePlayer
LogPluginManager: Mounting plugin DatasmithCADImporter
LogPluginManager: Mounting plugin DatasmithDataPrepEditor
LogPluginManager: Mounting plugin DatasmithFBXImporter
LogPluginManager: Mounting plugin DatasmithGLTFImporter
LogPluginManager: Mounting plugin DatasmithImporter
LogPluginManager: Mounting plugin MDLImporter
LogPluginManager: Mounting plugin StaticMeshEditorExtension
LogPluginManager: Mounting plugin VariantManager
LogInit: Using libcurl 7.55.1-DEV
LogInit:  - built for x86_64-pc-win32
LogInit:  - supports SSL with OpenSSL/1.1.1
LogInit:  - supports HTTP deflate (compression) using libz 1.2.8
LogInit:  - other features:
LogInit:      CURL_VERSION_SSL
LogInit:      CURL_VERSION_LIBZ
LogInit:      CURL_VERSION_IPV6
LogInit:      CURL_VERSION_ASYNCHDNS
LogInit:      CURL_VERSION_LARGEFILE
LogInit:      CURL_VERSION_IDN
LogInit:  CurlRequestOptions (configurable via config and command line):
LogInit:  - bVerifyPeer = true  - Libcurl will verify peer certificate
LogInit:  - bUseHttpProxy = false  - Libcurl will NOT use HTTP proxy
LogInit:  - bDontReuseConnections = false  - Libcurl will reuse connections
LogInit:  - MaxHostConnections = 16  - Libcurl will limit the number of connections to a host
LogInit:  - LocalHostAddr = Default
LogInit:  - BufferSize = 65536
LogInit: WinSock: version 1.1 (2.2), MaxSocks=32767, MaxUdp=65467
LogInit: Build: ++UE4+Release-4.22-CL-7053642
LogInit: Engine Version: 4.22.3-7053642+++UE4+Release-4.22
LogInit: Compatible Engine Version: 4.22.0-5660361+++UE4+Release-4.22
LogInit: Net CL: 5660361
LogInit: OS: Windows 10 (Release 1903) (), CPU: AMD Ryzen 7 1700X Eight-Core Processor         , GPU: NVIDIA GeForce GTX 1080 Ti
LogInit: Compiled (64-bit): Jun 18 2019 03:09:11
LogInit: Compiled with Visual C++: 19.16.27025.01
LogInit: Build Configuration: Development
LogInit: Branch Name: ++UE4+Release-4.22
LogInit: Command Line: 
LogInit: Base Directory: C:/Program Files/Epic Games/UE_4.22/Engine/Binaries/Win64/
LogInit: Installed Engine Build: 1
LogDevObjectVersion: Number of dev versions registered: 23
LogDevObjectVersion:   Dev-Blueprints (B0D832E4-1F89-4F0D-ACCF-7EB736FD4AA2): 10
LogDevObjectVersion:   Dev-Build (E1C64328-A22C-4D53-A36C-8E866417BD8C): 0
LogDevObjectVersion:   Dev-Core (375EC13C-06E4-48FB-B500-84F0262A717E): 3
LogDevObjectVersion:   Dev-Editor (E4B068ED-F494-42E9-A231-DA0B2E46BB41): 30
LogDevObjectVersion:   Dev-Framework (CFFC743F-43B0-4480-9391-14DF171D2073): 35
LogDevObjectVersion:   Dev-Mobile (B02B49B5-BB20-44E9-A304-32B752E40360): 2
LogDevObjectVersion:   Dev-Networking (A4E4105C-59A1-49B5-A7C5-40C4547EDFEE): 0
LogDevObjectVersion:   Dev-Online (39C831C9-5AE6-47DC-9A44-9C173E1C8E7C): 0
LogDevObjectVersion:   Dev-Physics (78F01B33-EBEA-4F98-B9B4-84EACCB95AA2): 0
LogDevObjectVersion:   Dev-Platform (6631380F-2D4D-43E0-8009-CF276956A95A): 0
LogDevObjectVersion:   Dev-Rendering (12F88B9F-8875-4AFC-A67C-D90C383ABD29): 28
LogDevObjectVersion:   Dev-Sequencer (7B5AE74C-D270-4C10-A958-57980B212A5A): 11
LogDevObjectVersion:   Dev-VR (D7296918-1DD6-4BDD-9DE2-64A83CC13884): 2
LogDevObjectVersion:   Dev-LoadTimes (C2A15278-BFE7-4AFE-6C17-90FF531DF755): 1
LogDevObjectVersion:   Private-Geometry (6EACA3D4-40EC-4CC1-B786-8BED09428FC5): 3
LogDevObjectVersion:   Dev-AnimPhys (29E575DD-E0A3-4627-9D10-D276232CDCEA): 17
LogDevObjectVersion:   Dev-Anim (AF43A65D-7FD3-4947-9873-3E8ED9C1BB05): 2
LogDevObjectVersion:   Dev-ReflectionCapture (6B266CEC-1EC7-4B8F-A30B-E4D90942FC07): 1
LogDevObjectVersion:   Dev-Automation (0DF73D61-A23F-47EA-B727-89E90C41499A): 1
LogDevObjectVersion:   FortniteMain (601D1886-AC64-4F84-AA16-D3DE0DEAC7D6): 25
LogDevObjectVersion:   Dev-Enterprise (9DFFBCD6-494F-0158-E221-12823C92A888): 6
LogDevObjectVersion:   Dev-Niagara (F2AED0AC-9AFE-416F-8664-AA7FFA26D6FC): 1
LogDevObjectVersion:   Dev-Destruction (174F1F0B-B4C6-45A5-B13F-2EE8D0FB917D): 2
LogInit: Presizing for max 16777216 objects, including 0 objects not considered by GC, pre-allocating 0 bytes for permanent pool.
LogInit: Object subsystem initialized
LogConfig: Setting CVar [[con.DebugEarlyDefault:1]]
LogConfig: Setting CVar [[r.setres:1280x720]]
[2019.11.04-17.55.10:051][  0]LogConfig: Setting CVar [[r.VSync:0]]
[2019.11.04-17.55.10:051][  0]LogConfig: Setting CVar [[r.RHICmdBypass:0]]
[2019.11.04-17.55.10:051][  0]LogConfig: Applying CVar settings from Section [/Script/Engine.RendererSettings] File [D:/GIT/ue4-houdini-hmd-connection/HMD_write_file/Saved/Config/Windows/Engine.ini]
[2019.11.04-17.55.10:051][  0]LogConfig: Setting CVar [[r.GPUCrashDebugging:0]]
[2019.11.04-17.55.10:051][  0]LogConfig: Setting CVar [[r.DefaultFeature.AmbientOcclusion:0]]
[2019.11.04-17.55.10:051][  0]LogConfig: Setting CVar [[r.DefaultFeature.AmbientOcclusionStaticFraction:0]]
[2019.11.04-17.55.10:051][  0]LogConfig: Setting CVar [[vr.InstancedStereo:1]]
[2019.11.04-17.55.10:051][  0]LogConfig: Setting CVar [[r.SeparateTranslucency:0]]
[2019.11.04-17.55.10:051][  0]LogConfig: Setting CVar [[r.HZBOcclusion:0]]
[2019.11.04-17.55.10:051][  0]LogConfig: Setting CVar [[r.SSR.MaxRoughness:0]]
[2019.11.04-17.55.10:051][  0]LogConfig: Setting CVar [[r.rhicmdbypass:0]]
[2019.11.04-17.55.10:051][  0]LogConfig: Applying CVar settings from Section [/Script/Engine.RendererOverrideSettings] File [D:/GIT/ue4-houdini-hmd-connection/HMD_write_file/Saved/Config/Windows/Engine.ini]
[2019.11.04-17.55.10:051][  0]LogConfig: Applying CVar settings from Section [/Script/Engine.StreamingSettings] File [D:/GIT/ue4-houdini-hmd-connection/HMD_write_file/Saved/Config/Windows/Engine.ini]
[2019.11.04-17.55.10:051][  0]LogConfig: Setting CVar [[s.MinBulkDataSizeForAsyncLoading:131072]]
[2019.11.04-17.55.10:051][  0]LogConfig: Setting CVar [[s.AsyncLoadingThreadEnabled:0]]
[2019.11.04-17.55.10:051][  0]LogConfig: Setting CVar [[s.EventDrivenLoaderEnabled:1]]
[2019.11.04-17.55.10:051][  0]LogConfig: Setting CVar [[s.WarnIfTimeLimitExceeded:0]]
[2019.11.04-17.55.10:051][  0]LogConfig: Setting CVar [[s.TimeLimitExceededMultiplier:1.5]]
[2019.11.04-17.55.10:051][  0]LogConfig: Setting CVar [[s.TimeLimitExceededMinTime:0.005]]
[2019.11.04-17.55.10:051][  0]LogConfig: Setting CVar [[s.UseBackgroundLevelStreaming:1]]
[2019.11.04-17.55.10:051][  0]LogConfig: Setting CVar [[s.PriorityAsyncLoadingExtraTime:15.0]]
[2019.11.04-17.55.10:051][  0]LogConfig: Setting CVar [[s.LevelStreamingActorsUpdateTimeLimit:5.0]]
[2019.11.04-17.55.10:051][  0]LogConfig: Setting CVar [[s.PriorityLevelStreamingActorsUpdateExtraTime:5.0]]
[2019.11.04-17.55.10:051][  0]LogConfig: Setting CVar [[s.LevelStreamingComponentsRegistrationGranularity:10]]
[2019.11.04-17.55.10:051][  0]LogConfig: Setting CVar [[s.UnregisterComponentsTimeLimit:1.0]]
[2019.11.04-17.55.10:052][  0]LogConfig: Setting CVar [[s.LevelStreamingComponentsUnregistrationGranularity:5]]
[2019.11.04-17.55.10:052][  0]LogConfig: Applying CVar settings from Section [/Script/Engine.GarbageCollectionSettings] File [D:/GIT/ue4-houdini-hmd-connection/HMD_write_file/Saved/Config/Windows/Engine.ini]
[2019.11.04-17.55.10:052][  0]LogConfig: Setting CVar [[gc.MaxObjectsNotConsideredByGC:1]]
[2019.11.04-17.55.10:052][  0]LogConfig: Setting CVar [[gc.SizeOfPermanentObjectPool:0]]
[2019.11.04-17.55.10:052][  0]LogConfig: Setting CVar [[gc.FlushStreamingOnGC:0]]
[2019.11.04-17.55.10:052][  0]LogConfig: Setting CVar [[gc.NumRetriesBeforeForcingGC:10]]
[2019.11.04-17.55.10:052][  0]LogConfig: Setting CVar [[gc.AllowParallelGC:1]]
[2019.11.04-17.55.10:052][  0]LogConfig: Setting CVar [[gc.TimeBetweenPurgingPendingKillObjects:61.1]]
[2019.11.04-17.55.10:052][  0]LogConfig: Setting CVar [[gc.MaxObjectsInEditor:16777216]]
[2019.11.04-17.55.10:052][  0]LogConfig: Setting CVar [[gc.IncrementalBeginDestroyEnabled:1]]
[2019.11.04-17.55.10:052][  0]LogConfig: Setting CVar [[gc.CreateGCClusters:1]]
[2019.11.04-17.55.10:052][  0]LogConfig: Setting CVar [[gc.MinGCClusterSize:5]]
[2019.11.04-17.55.10:052][  0]LogConfig: Setting CVar [[gc.ActorClusteringEnabled:0]]
[2019.11.04-17.55.10:052][  0]LogConfig: Setting CVar [[gc.BlueprintClusteringEnabled:0]]
[2019.11.04-17.55.10:052][  0]LogConfig: Setting CVar [[gc.UseDisregardForGCOnDedicatedServers:0]]
[2019.11.04-17.55.10:052][  0]LogConfig: Applying CVar settings from Section [/Script/Engine.NetworkSettings] File [D:/GIT/ue4-houdini-hmd-connection/HMD_write_file/Saved/Config/Windows/Engine.ini]
[2019.11.04-17.55.10:052][  0]LogConfig: Applying CVar settings from Section [/Script/UnrealEd.CookerSettings] File [D:/GIT/ue4-houdini-hmd-connection/HMD_write_file/Saved/Config/Windows/Engine.ini]
[2019.11.04-17.55.10:060][  0]LogConfig: Applying CVar settings from Section [ViewDistanceQuality@3] File [D:/GIT/ue4-houdini-hmd-connection/HMD_write_file/Saved/Config/Windows/Scalability.ini]
[2019.11.04-17.55.10:060][  0]LogConfig: Setting CVar [[r.SkeletalMeshLODBias:0]]
[2019.11.04-17.55.10:060][  0]LogConfig: Setting CVar [[r.ViewDistanceScale:1.0]]
[2019.11.04-17.55.10:060][  0]LogConfig: Applying CVar settings from Section [AntiAliasingQuality@3] File [D:/GIT/ue4-houdini-hmd-connection/HMD_write_file/Saved/Config/Windows/Scalability.ini]
[2019.11.04-17.55.10:060][  0]LogConfig: Setting CVar [[r.PostProcessAAQuality:3]]
[2019.11.04-17.55.10:060][  0]LogConfig: Applying CVar settings from Section [ShadowQuality@3] File [D:/GIT/ue4-houdini-hmd-connection/HMD_write_file/Saved/Config/Windows/Scalability.ini]
[2019.11.04-17.55.10:060][  0]LogConfig: Setting CVar [[r.LightFunctionQuality:1]]
[2019.11.04-17.55.10:060][  0]LogConfig: Setting CVar [[r.ShadowQuality:5]]
[2019.11.04-17.55.10:060][  0]LogConfig: Setting CVar [[r.Shadow.CSM.MaxCascades:10]]
[2019.11.04-17.55.10:060][  0]LogConfig: Setting CVar [[r.Shadow.MaxResolution:2048]]
[2019.11.04-17.55.10:060][  0]LogConfig: Setting CVar [[r.Shadow.MaxCSMResolution:2048]]
[2019.11.04-17.55.10:060][  0]LogConfig: Setting CVar [[r.Shadow.RadiusThreshold:0.01]]
[2019.11.04-17.55.10:060][  0]LogConfig: Setting CVar [[r.Shadow.DistanceScale:1.0]]
[2019.11.04-17.55.10:060][  0]LogConfig: Setting CVar [[r.Shadow.CSM.TransitionScale:1.0]]
[2019.11.04-17.55.10:060][  0]LogConfig: Setting CVar [[r.Shadow.PreShadowResolutionFactor:1.0]]
[2019.11.04-17.55.10:060][  0]LogConfig: Setting CVar [[r.DistanceFieldShadowing:1]]
[2019.11.04-17.55.10:060][  0]LogConfig: Setting CVar [[r.DistanceFieldAO:1]]
[2019.11.04-17.55.10:060][  0]LogConfig: Setting CVar [[r.AOQuality:2]]
[2019.11.04-17.55.10:060][  0]LogConfig: Setting CVar [[r.VolumetricFog:1]]
[2019.11.04-17.55.10:060][  0]LogConfig: Setting CVar [[r.VolumetricFog.GridPixelSize:8]]
[2019.11.04-17.55.10:060][  0]LogConfig: Setting CVar [[r.VolumetricFog.GridSizeZ:128]]
[2019.11.04-17.55.10:060][  0]LogConfig: Setting CVar [[r.VolumetricFog.HistoryMissSupersampleCount:4]]
[2019.11.04-17.55.10:060][  0]LogConfig: Setting CVar [[r.LightMaxDrawDistanceScale:1]]
[2019.11.04-17.55.10:060][  0]LogConfig: Setting CVar [[r.CapsuleShadows:1]]
[2019.11.04-17.55.10:060][  0]LogConfig: Applying CVar settings from Section [PostProcessQuality@3] File [D:/GIT/ue4-houdini-hmd-connection/HMD_write_file/Saved/Config/Windows/Scalability.ini]
[2019.11.04-17.55.10:060][  0]LogConfig: Setting CVar [[r.MotionBlurQuality:0]]
[2019.11.04-17.55.10:060][  0]LogConfig: Setting CVar [[r.AmbientOcclusionMipLevelFactor:0.4]]
[2019.11.04-17.55.10:060][  0]LogConfig: Setting CVar [[r.AmbientOcclusionMaxQuality:100]]
[2019.11.04-17.55.10:060][  0]LogConfig: Setting CVar [[r.AmbientOcclusionLevels:0]]
[2019.11.04-17.55.10:060][  0]LogConfig: Setting CVar [[r.AmbientOcclusionRadiusScale:1.0]]
[2019.11.04-17.55.10:060][  0]LogConfig: Setting CVar [[r.DepthOfFieldQuality:0]]
[2019.11.04-17.55.10:060][  0]LogConfig: Setting CVar [[r.RenderTargetPoolMin:400]]
[2019.11.04-17.55.10:060][  0]LogConfig: Setting CVar [[r.LensFlareQuality:0]]
[2019.11.04-17.55.10:060][  0]LogConfig: Setting CVar [[r.SceneColorFringeQuality:0]]
[2019.11.04-17.55.10:060][  0]LogConfig: Setting CVar [[r.EyeAdaptationQuality:2]]
[2019.11.04-17.55.10:060][  0]LogConfig: Setting CVar [[r.BloomQuality:1]]
[2019.11.04-17.55.10:060][  0]LogConfig: Setting CVar [[r.FastBlurThreshold:0]]
[2019.11.04-17.55.10:060][  0]LogConfig: Setting CVar [[r.Upscale.Quality:3]]
[2019.11.04-17.55.10:060][  0]LogConfig: Setting CVar [[r.Tonemapper.GrainQuantization:1]]
[2019.11.04-17.55.10:060][  0]LogConfig: Setting CVar [[r.LightShaftQuality:1]]
[2019.11.04-17.55.10:060][  0]LogConfig: Setting CVar [[r.Filter.SizeScale:1]]
[2019.11.04-17.55.10:060][  0]LogConfig: Setting CVar [[r.Tonemapper.Quality:5]]
[2019.11.04-17.55.10:060][  0]LogConfig: Setting CVar [[r.DOF.Gather.AccumulatorQuality:1        ; higher gathering accumulator quality]]
[2019.11.04-17.55.10:061][  0]LogConfig: Setting CVar [[r.DOF.Gather.PostfilterMethod:1          ; Median3x3 postfilering method]]
[2019.11.04-17.55.10:061][  0]LogConfig: Setting CVar [[r.DOF.Gather.EnableBokehSettings:0       ; no bokeh simulation when gathering]]
[2019.11.04-17.55.10:061][  0]LogConfig: Setting CVar [[r.DOF.Gather.RingCount:4                 ; medium number of samples when gathering]]
[2019.11.04-17.55.10:061][  0]LogConfig: Setting CVar [[r.DOF.Scatter.ForegroundCompositing:1    ; additive foreground scattering]]
[2019.11.04-17.55.10:061][  0]LogConfig: Setting CVar [[r.DOF.Scatter.BackgroundCompositing:2    ; additive background scattering]]
[2019.11.04-17.55.10:061][  0]LogConfig: Setting CVar [[r.DOF.Scatter.EnableBokehSettings:1      ; bokeh simulation when scattering]]
[2019.11.04-17.55.10:061][  0]LogConfig: Setting CVar [[r.DOF.Scatter.MaxSpriteRatio:0.1         ; only a maximum of 10% of scattered bokeh]]
[2019.11.04-17.55.10:061][  0]LogConfig: Setting CVar [[r.DOF.Recombine.Quality:1                ; cheap slight out of focus]]
[2019.11.04-17.55.10:061][  0]LogConfig: Setting CVar [[r.DOF.Recombine.EnableBokehSettings:0    ; no bokeh simulation on slight out of focus]]
[2019.11.04-17.55.10:061][  0]LogConfig: Setting CVar [[r.DOF.TemporalAAQuality:1                ; more stable temporal accumulation]]
[2019.11.04-17.55.10:061][  0]LogConfig: Setting CVar [[r.DOF.Kernel.MaxForegroundRadius:0.025]]
[2019.11.04-17.55.10:061][  0]LogConfig: Setting CVar [[r.DOF.Kernel.MaxBackgroundRadius:0.025]]
[2019.11.04-17.55.10:061][  0]LogConfig: Applying CVar settings from Section [TextureQuality@3] File [D:/GIT/ue4-houdini-hmd-connection/HMD_write_file/Saved/Config/Windows/Scalability.ini]
[2019.11.04-17.55.10:061][  0]LogConfig: Setting CVar [[r.Streaming.MipBias:0]]
[2019.11.04-17.55.10:061][  0]LogConfig: Setting CVar [[r.Streaming.AmortizeCPUToGPUCopy:0]]
[2019.11.04-17.55.10:061][  0]LogConfig: Setting CVar [[r.Streaming.MaxNumTexturesToStreamPerFrame:0]]
[2019.11.04-17.55.10:061][  0]LogConfig: Setting CVar [[r.Streaming.Boost:1]]
[2019.11.04-17.55.10:061][  0]LogConfig: Setting CVar [[r.MaxAnisotropy:8]]
[2019.11.04-17.55.10:061][  0]LogConfig: Setting CVar [[r.Streaming.LimitPoolSizeToVRAM:0]]
[2019.11.04-17.55.10:061][  0]LogConfig: Setting CVar [[r.Streaming.PoolSize:1000]]
[2019.11.04-17.55.10:061][  0]LogConfig: Setting CVar [[r.Streaming.MaxEffectiveScreenSize:0]]
[2019.11.04-17.55.10:061][  0]LogConfig: Applying CVar settings from Section [EffectsQuality@3] File [D:/GIT/ue4-houdini-hmd-connection/HMD_write_file/Saved/Config/Windows/Scalability.ini]
[2019.11.04-17.55.10:061][  0]LogConfig: Setting CVar [[r.TranslucencyLightingVolumeDim:4]]
[2019.11.04-17.55.10:061][  0]LogConfig: Setting CVar [[r.RefractionQuality:2]]
[2019.11.04-17.55.10:061][  0]LogConfig: Setting CVar [[r.SSR.Quality:0]]
[2019.11.04-17.55.10:061][  0]LogConfig: Setting CVar [[r.SceneColorFormat:2]]
[2019.11.04-17.55.10:061][  0]LogConfig: Setting CVar [[r.DetailMode:2]]
[2019.11.04-17.55.10:061][  0]LogConfig: Setting CVar [[r.TranslucencyVolumeBlur:0]]
[2019.11.04-17.55.10:061][  0]LogConfig: Setting CVar [[r.MaterialQualityLevel:1 ; High quality]]
[2019.11.04-17.55.10:061][  0]LogConfig: Setting CVar [[r.SSS.Scale:1]]
[2019.11.04-17.55.10:061][  0]LogConfig: Setting CVar [[r.SSS.SampleSet:2]]
[2019.11.04-17.55.10:061][  0]LogConfig: Setting CVar [[r.SSS.Quality:1]]
[2019.11.04-17.55.10:061][  0]LogConfig: Setting CVar [[r.SSS.HalfRes:1]]
[2019.11.04-17.55.10:061][  0]LogConfig: Setting CVar [[r.EmitterSpawnRateScale:1.0]]
[2019.11.04-17.55.10:061][  0]LogConfig: Setting CVar [[r.ParticleLightQuality:2]]
[2019.11.04-17.55.10:061][  0]LogConfig: Applying CVar settings from Section [FoliageQuality@3] File [D:/GIT/ue4-houdini-hmd-connection/HMD_write_file/Saved/Config/Windows/Scalability.ini]
[2019.11.04-17.55.10:061][  0]LogConfig: Setting CVar [[foliage.DensityScale:1.0]]
[2019.11.04-17.55.10:061][  0]LogConfig: Setting CVar [[grass.DensityScale:1.0]]
[2019.11.04-17.55.10:061][  0]LogInit: Selected Device Profile: [Windows]
[2019.11.04-17.55.10:061][  0]LogInit: Applying CVar settings loaded from the selected device profile: [Windows]
[2019.11.04-17.55.10:079][  0]LogHAL: Display: Platform has ~ 32 GB [34312724480 / 34359738368 / 32], which maps to Largest [LargestMinGB=32, LargerMinGB=12, DefaultMinGB=8, SmallerMinGB=6, SmallestMinGB=0)
[2019.11.04-17.55.10:079][  0]LogConfig: Setting CVar [[r.Vulkan.UseRealUBs:0		; Required until we fix HLR fall-out]]
[2019.11.04-17.55.10:079][  0]LogInit: Going up to parent DeviceProfile []
[2019.11.04-17.55.10:079][  0]LogConfig: Applying CVar settings from Section [ViewDistanceQuality@0] File [D:/GIT/ue4-houdini-hmd-connection/HMD_write_file/Saved/Config/Windows/Scalability.ini]
[2019.11.04-17.55.10:079][  0]LogConfig: Setting CVar [[r.SkeletalMeshLODBias:2]]
[2019.11.04-17.55.10:079][  0]LogConfig: Setting CVar [[r.ViewDistanceScale:0.4]]
[2019.11.04-17.55.10:079][  0]LogConfig: Applying CVar settings from Section [AntiAliasingQuality@0] File [D:/GIT/ue4-houdini-hmd-connection/HMD_write_file/Saved/Config/Windows/Scalability.ini]
[2019.11.04-17.55.10:079][  0]LogConfig: Setting CVar [[r.PostProcessAAQuality:0]]
[2019.11.04-17.55.10:079][  0]LogConfig: Applying CVar settings from Section [ShadowQuality@2] File [D:/GIT/ue4-houdini-hmd-connection/HMD_write_file/Saved/Config/Windows/Scalability.ini]
[2019.11.04-17.55.10:079][  0]LogConfig: Setting CVar [[r.LightFunctionQuality:1]]
[2019.11.04-17.55.10:079][  0]LogConfig: Setting CVar [[r.ShadowQuality:5]]
[2019.11.04-17.55.10:079][  0]LogConfig: Setting CVar [[r.Shadow.CSM.MaxCascades:4]]
[2019.11.04-17.55.10:079][  0]LogConfig: Setting CVar [[r.Shadow.MaxResolution:1024]]
[2019.11.04-17.55.10:079][  0]LogConfig: Setting CVar [[r.Shadow.MaxCSMResolution:2048]]
[2019.11.04-17.55.10:079][  0]LogConfig: Setting CVar [[r.Shadow.RadiusThreshold:0.04]]
[2019.11.04-17.55.10:079][  0]LogConfig: Setting CVar [[r.Shadow.DistanceScale:0.85]]
[2019.11.04-17.55.10:079][  0]LogConfig: Setting CVar [[r.Shadow.CSM.TransitionScale:0.8]]
[2019.11.04-17.55.10:079][  0]LogConfig: Setting CVar [[r.Shadow.PreShadowResolutionFactor:0.5]]
[2019.11.04-17.55.10:079][  0]LogConfig: Setting CVar [[r.DistanceFieldShadowing:1]]
[2019.11.04-17.55.10:079][  0]LogConfig: Setting CVar [[r.DistanceFieldAO:1]]
[2019.11.04-17.55.10:079][  0]LogConfig: Setting CVar [[r.AOQuality:1]]
[2019.11.04-17.55.10:079][  0]LogConfig: Setting CVar [[r.VolumetricFog:1]]
[2019.11.04-17.55.10:079][  0]LogConfig: Setting CVar [[r.VolumetricFog.GridPixelSize:16]]
[2019.11.04-17.55.10:079][  0]LogConfig: Setting CVar [[r.VolumetricFog.GridSizeZ:64]]
[2019.11.04-17.55.10:079][  0]LogConfig: Setting CVar [[r.VolumetricFog.HistoryMissSupersampleCount:4]]
[2019.11.04-17.55.10:080][  0]LogConfig: Setting CVar [[r.LightMaxDrawDistanceScale:1]]
[2019.11.04-17.55.10:080][  0]LogConfig: Setting CVar [[r.CapsuleShadows:1]]
[2019.11.04-17.55.10:080][  0]LogConfig: Applying CVar settings from Section [PostProcessQuality@1] File [D:/GIT/ue4-houdini-hmd-connection/HMD_write_file/Saved/Config/Windows/Scalability.ini]
[2019.11.04-17.55.10:080][  0]LogConfig: Setting CVar [[r.MotionBlurQuality:0]]
[2019.11.04-17.55.10:080][  0]LogConfig: Setting CVar [[r.AmbientOcclusionMipLevelFactor:1.0]]
[2019.11.04-17.55.10:080][  0]LogConfig: Setting CVar [[r.AmbientOcclusionMaxQuality:60]]
[2019.11.04-17.55.10:080][  0]LogConfig: Setting CVar [[r.AmbientOcclusionLevels:0]]
[2019.11.04-17.55.10:080][  0]LogConfig: Setting CVar [[r.AmbientOcclusionRadiusScale:1.5]]
[2019.11.04-17.55.10:080][  0]LogConfig: Setting CVar [[r.DepthOfFieldQuality:0]]
[2019.11.04-17.55.10:080][  0]LogConfig: Setting CVar [[r.RenderTargetPoolMin:350]]
[2019.11.04-17.55.10:080][  0]LogConfig: Setting CVar [[r.LensFlareQuality:0]]
[2019.11.04-17.55.10:080][  0]LogConfig: Setting CVar [[r.SceneColorFringeQuality:0]]
[2019.11.04-17.55.10:080][  0]LogConfig: Setting CVar [[r.EyeAdaptationQuality:0]]
[2019.11.04-17.55.10:080][  0]LogConfig: Setting CVar [[r.BloomQuality:1]]
[2019.11.04-17.55.10:080][  0]LogConfig: Setting CVar [[r.FastBlurThreshold:0]]
[2019.11.04-17.55.10:080][  0]LogConfig: Setting CVar [[r.Upscale.Quality:2]]
[2019.11.04-17.55.10:080][  0]LogConfig: Setting CVar [[r.Tonemapper.GrainQuantization:0]]
[2019.11.04-17.55.10:080][  0]LogConfig: Setting CVar [[r.LightShaftQuality:0]]
[2019.11.04-17.55.10:080][  0]LogConfig: Setting CVar [[r.Filter.SizeScale:0.7]]
[2019.11.04-17.55.10:080][  0]LogConfig: Setting CVar [[r.Tonemapper.Quality:2]]
[2019.11.04-17.55.10:080][  0]LogConfig: Setting CVar [[r.DOF.Gather.AccumulatorQuality:0        ; lower gathering accumulator quality]]
[2019.11.04-17.55.10:080][  0]LogConfig: Setting CVar [[r.DOF.Gather.PostfilterMethod:2          ; Max3x3 postfilering method]]
[2019.11.04-17.55.10:080][  0]LogConfig: Setting CVar [[r.DOF.Gather.EnableBokehSettings:0       ; no bokeh simulation when gathering]]
[2019.11.04-17.55.10:080][  0]LogConfig: Setting CVar [[r.DOF.Gather.RingCount:3                 ; low number of samples when gathering]]
[2019.11.04-17.55.10:080][  0]LogConfig: Setting CVar [[r.DOF.Scatter.ForegroundCompositing:0    ; no foreground scattering]]
[2019.11.04-17.55.10:080][  0]LogConfig: Setting CVar [[r.DOF.Scatter.BackgroundCompositing:0    ; no foreground scattering]]
[2019.11.04-17.55.10:080][  0]LogConfig: Setting CVar [[r.DOF.Recombine.Quality:0                ; no slight out of focus]]
[2019.11.04-17.55.10:080][  0]LogConfig: Setting CVar [[r.DOF.TemporalAAQuality:0                ; faster temporal accumulation]]
[2019.11.04-17.55.10:080][  0]LogConfig: Setting CVar [[r.DOF.Kernel.MaxForegroundRadius:0.006   ; required because low gathering and no scattering and not looking great at 1080p]]
[2019.11.04-17.55.10:080][  0]LogConfig: Setting CVar [[r.DOF.Kernel.MaxBackgroundRadius:0.006   ; required because low gathering and no scattering and not looking great at 1080p]]
[2019.11.04-17.55.10:080][  0]LogConfig: Applying CVar settings from Section [TextureQuality@2] File [D:/GIT/ue4-houdini-hmd-connection/HMD_write_file/Saved/Config/Windows/Scalability.ini]
[2019.11.04-17.55.10:080][  0]LogConfig: Setting CVar [[r.Streaming.MipBias:0]]
[2019.11.04-17.55.10:080][  0]LogConfig: Setting CVar [[r.Streaming.AmortizeCPUToGPUCopy:0]]
[2019.11.04-17.55.10:080][  0]LogConfig: Setting CVar [[r.Streaming.MaxNumTexturesToStreamPerFrame:0]]
[2019.11.04-17.55.10:080][  0]LogConfig: Setting CVar [[r.Streaming.Boost:1]]
[2019.11.04-17.55.10:080][  0]LogConfig: Setting CVar [[r.MaxAnisotropy:4]]
[2019.11.04-17.55.10:080][  0]LogConfig: Setting CVar [[r.Streaming.LimitPoolSizeToVRAM:1]]
[2019.11.04-17.55.10:080][  0]LogConfig: Setting CVar [[r.Streaming.PoolSize:800]]
[2019.11.04-17.55.10:080][  0]LogConfig: Setting CVar [[r.Streaming.MaxEffectiveScreenSize:0]]
[2019.11.04-17.55.10:080][  0]LogConfig: Applying CVar settings from Section [EffectsQuality@0] File [D:/GIT/ue4-houdini-hmd-connection/HMD_write_file/Saved/Config/Windows/Scalability.ini]
[2019.11.04-17.55.10:080][  0]LogConfig: Setting CVar [[r.TranslucencyLightingVolumeDim:4]]
[2019.11.04-17.55.10:080][  0]LogConfig: Setting CVar [[r.RefractionQuality:0]]
[2019.11.04-17.55.10:080][  0]LogConfig: Setting CVar [[r.SSR.Quality:0]]
[2019.11.04-17.55.10:080][  0]LogConfig: Setting CVar [[r.SceneColorFormat:2]]
[2019.11.04-17.55.10:080][  0]LogConfig: Setting CVar [[r.DetailMode:0]]
[2019.11.04-17.55.10:080][  0]LogConfig: Setting CVar [[r.TranslucencyVolumeBlur:0]]
[2019.11.04-17.55.10:080][  0]LogConfig: Setting CVar [[r.MaterialQualityLevel:0 ; Low quality]]
[2019.11.04-17.55.10:080][  0]LogConfig: Setting CVar [[r.SSS.Scale:0]]
[2019.11.04-17.55.10:080][  0]LogConfig: Setting CVar [[r.SSS.SampleSet:0]]
[2019.11.04-17.55.10:080][  0]LogConfig: Setting CVar [[r.SSS.Quality:0]]
[2019.11.04-17.55.10:080][  0]LogConfig: Setting CVar [[r.SSS.HalfRes:1]]
[2019.11.04-17.55.10:080][  0]LogConfig: Setting CVar [[r.EmitterSpawnRateScale:0.125]]
[2019.11.04-17.55.10:080][  0]LogConfig: Setting CVar [[r.ParticleLightQuality:0]]
[2019.11.04-17.55.10:080][  0]LogConfig: Applying CVar settings from Section [FoliageQuality@0] File [D:/GIT/ue4-houdini-hmd-connection/HMD_write_file/Saved/Config/Windows/Scalability.ini]
[2019.11.04-17.55.10:080][  0]LogConfig: Setting CVar [[foliage.DensityScale:0]]
[2019.11.04-17.55.10:080][  0]LogConfig: Setting CVar [[grass.DensityScale:0]]
[2019.11.04-17.55.10:080][  0]LogConfig: Applying CVar settings from Section [Startup] File [../../../Engine/Config/ConsoleVariables.ini]
[2019.11.04-17.55.10:081][  0]LogConfig: Setting CVar [[net.UseAdaptiveNetUpdateFrequency:0]]
[2019.11.04-17.55.10:081][  0]LogConfig: Setting CVar [[p.chaos.AllowCreatePhysxBodies:1]]
[2019.11.04-17.55.10:081][  0]LogConfig: Applying CVar settings from Section [ConsoleVariables] File [D:/GIT/ue4-houdini-hmd-connection/HMD_write_file/Saved/Config/Windows/Engine.ini]
[2019.11.04-17.55.10:081][  0]LogInit: Computer: ARARAKURARA
[2019.11.04-17.55.10:081][  0]LogInit: User: oranu
[2019.11.04-17.55.10:081][  0]LogInit: CPU Page size=4096, Cores=8
[2019.11.04-17.55.10:081][  0]LogInit: High frequency timer resolution =10.000000 MHz
[2019.11.04-17.55.10:081][  0]LogMemory: Memory total: Physical=32.0GB (32GB approx)
[2019.11.04-17.55.10:081][  0]LogMemory: Platform Memory Stats for Windows
[2019.11.04-17.55.10:081][  0]LogMemory: Process Physical Memory: 99.00 MB used, 99.00 MB peak
[2019.11.04-17.55.10:081][  0]LogMemory: Process Virtual Memory: 90.66 MB used, 90.66 MB peak
[2019.11.04-17.55.10:081][  0]LogMemory: Physical Memory: 11440.97 MB used,  21282.20 MB free, 32723.16 MB total
[2019.11.04-17.55.10:081][  0]LogMemory: Virtual Memory: 4677.03 MB used,  134213048.00 MB free, 134217728.00 MB total
[2019.11.04-17.55.10:112][  0]LogInit: Using OS detected language (ru-RU).
[2019.11.04-17.55.10:112][  0]LogInit: Using OS detected locale (ru-RU).
[2019.11.04-17.55.10:112][  0]LogTextLocalizationManager: No specific localization for 'ru-RU' exists, so the 'ru' localization will be used.
[2019.11.04-17.55.10:113][  0]LogTextLocalizationResource: LocRes '../../../Engine/Content/Localization/Editor/ru/Editor.locres' could not be opened for reading!
[2019.11.04-17.55.10:113][  0]LogTextLocalizationResource: LocRes '../../../Engine/Content/Localization/EditorTutorials/ru/EditorTutorials.locres' could not be opened for reading!
[2019.11.04-17.55.10:113][  0]LogTextLocalizationResource: LocRes '../../../Engine/Content/Localization/Keywords/ru/Keywords.locres' could not be opened for reading!
[2019.11.04-17.55.10:113][  0]LogTextLocalizationResource: LocRes '../../../Engine/Content/Localization/Category/ru/Category.locres' could not be opened for reading!
[2019.11.04-17.55.10:114][  0]LogTextLocalizationResource: LocRes '../../../Engine/Content/Localization/ToolTips/ru/ToolTips.locres' could not be opened for reading!
[2019.11.04-17.55.10:114][  0]LogTextLocalizationResource: LocRes '../../../Engine/Content/Localization/PropertyNames/ru/PropertyNames.locres' could not be opened for reading!
[2019.11.04-17.55.10:114][  0]LogTextLocalizationResource: LocRes '../../../Engine/Content/Localization/Engine/ru/Engine.locres' could not be opened for reading!
[2019.11.04-17.55.10:115][  0]LogInit: Setting process to per monitor DPI aware
[2019.11.04-17.55.10:166][  0]LogSlate: New Slate User Created.  User Index 0, Is Virtual User: 0
[2019.11.04-17.55.10:166][  0]LogSlate: Slate User Registered.  User Index 0, Is Virtual User: 0
[2019.11.04-17.55.10:980][  0]LogD3D11RHI: D3D11 adapters:
[2019.11.04-17.55.11:064][  0]LogD3D11RHI:    0. 'NVIDIA GeForce GTX 1080 Ti' (Feature Level 11_0)
[2019.11.04-17.55.11:064][  0]LogD3D11RHI:       11127/0/16361 MB DedicatedVideo/DedicatedSystem/SharedSystem, Outputs:2, VendorId:0x10de
[2019.11.04-17.55.11:067][  0]LogD3D11RHI:    1. 'Microsoft Basic Render Driver' (Feature Level 11_0)
[2019.11.04-17.55.11:067][  0]LogD3D11RHI:       0/0/16361 MB DedicatedVideo/DedicatedSystem/SharedSystem, Outputs:0, VendorId:0x1414
[2019.11.04-17.55.11:067][  0]LogD3D11RHI: Chosen D3D11 Adapter: 0
[2019.11.04-17.55.11:082][  0]LogD3D11RHI: Creating new Direct3DDevice
[2019.11.04-17.55.11:082][  0]LogD3D11RHI:     GPU DeviceId: 0x1b06 (for the marketing name, search the web for "GPU Device Id")
[2019.11.04-17.55.11:082][  0]LogWindows: EnumDisplayDevices:
[2019.11.04-17.55.11:082][  0]LogWindows:    0. 'NVIDIA GeForce GTX 1080 Ti' (P:0 D:1)
[2019.11.04-17.55.11:082][  0]LogWindows:    1. 'NVIDIA GeForce GTX 1080 Ti' (P:1 D:1)
[2019.11.04-17.55.11:082][  0]LogWindows:    2. 'NVIDIA GeForce GTX 1080 Ti' (P:0 D:0)
[2019.11.04-17.55.11:083][  0]LogWindows:    3. 'NVIDIA GeForce GTX 1080 Ti' (P:0 D:0)
[2019.11.04-17.55.11:083][  0]LogWindows: DebugString: FoundDriverCount:4 
[2019.11.04-17.55.11:083][  0]LogD3D11RHI:     Adapter Name: NVIDIA GeForce GTX 1080 Ti
[2019.11.04-17.55.11:083][  0]LogD3D11RHI:   Driver Version: 441.08 (internal:26.21.14.4108, unified:441.08)
[2019.11.04-17.55.11:083][  0]LogD3D11RHI:      Driver Date: 10-22-2019
[2019.11.04-17.55.11:083][  0]LogRHI: Texture pool is 7788 MB (70% of 11127 MB)
[2019.11.04-17.55.11:141][  0]LogD3D11RHI: Async texture creation enabled
[2019.11.04-17.55.11:146][  0]LogRendererCore: FGlobalReadBuffer::InitRHI
[2019.11.04-17.55.11:146][  0]LogRendererCore: FGlobalReadBuffer::InitRHI
[2019.11.04-17.55.11:146][  0]LogRendererCore: FGlobalReadBuffer::InitRHI
[2019.11.04-17.55.11:155][  0]LogD3D11RHI: GPU Timing Frequency: 1000.000000 (Debug: 2 1)
[2019.11.04-17.55.11:463][  0]LogTemp: Display: Module 'AllDesktopTargetPlatform' loaded TargetPlatform 'AllDesktop'
[2019.11.04-17.55.11:481][  0]LogTemp: Display: Module 'MacClientTargetPlatform' loaded TargetPlatform 'MacClient'
[2019.11.04-17.55.11:499][  0]LogTemp: Display: Module 'MacNoEditorTargetPlatform' loaded TargetPlatform 'MacNoEditor'
[2019.11.04-17.55.11:520][  0]LogTemp: Display: Module 'MacServerTargetPlatform' loaded TargetPlatform 'MacServer'
[2019.11.04-17.55.11:538][  0]LogTemp: Display: Module 'MacTargetPlatform' loaded TargetPlatform 'Mac'
[2019.11.04-17.55.11:556][  0]LogTemp: Display: Module 'WindowsClientTargetPlatform' loaded TargetPlatform 'WindowsClient'
[2019.11.04-17.55.11:574][  0]LogTemp: Display: Module 'WindowsNoEditorTargetPlatform' loaded TargetPlatform 'WindowsNoEditor'
[2019.11.04-17.55.11:593][  0]LogTemp: Display: Module 'WindowsServerTargetPlatform' loaded TargetPlatform 'WindowsServer'
[2019.11.04-17.55.11:603][  0]LogTemp: Display: Module 'WindowsTargetPlatform' loaded TargetPlatform 'Windows'
[2019.11.04-17.55.11:707][  0]LogTemp: Display: Module 'AndroidTargetPlatform' loaded TargetPlatform 'Android'
[2019.11.04-17.55.11:707][  0]LogTemp: Display: Module 'AndroidTargetPlatform' loaded TargetPlatform 'Android_ASTC'
[2019.11.04-17.55.11:707][  0]LogTemp: Display: Module 'AndroidTargetPlatform' loaded TargetPlatform 'Android_ATC'
[2019.11.04-17.55.11:707][  0]LogTemp: Display: Module 'AndroidTargetPlatform' loaded TargetPlatform 'Android_DXT'
[2019.11.04-17.55.11:707][  0]LogTemp: Display: Module 'AndroidTargetPlatform' loaded TargetPlatform 'Android_ETC1'
[2019.11.04-17.55.11:707][  0]LogTemp: Display: Module 'AndroidTargetPlatform' loaded TargetPlatform 'Android_ETC1a'
[2019.11.04-17.55.11:707][  0]LogTemp: Display: Module 'AndroidTargetPlatform' loaded TargetPlatform 'Android_ETC2'
[2019.11.04-17.55.11:707][  0]LogTemp: Display: Module 'AndroidTargetPlatform' loaded TargetPlatform 'Android_PVRTC'
[2019.11.04-17.55.11:707][  0]LogTemp: Display: Module 'AndroidTargetPlatform' loaded TargetPlatform 'AndroidClient'
[2019.11.04-17.55.11:707][  0]LogTemp: Display: Module 'AndroidTargetPlatform' loaded TargetPlatform 'Android_ASTCClient'
[2019.11.04-17.55.11:707][  0]LogTemp: Display: Module 'AndroidTargetPlatform' loaded TargetPlatform 'Android_ATCClient'
[2019.11.04-17.55.11:707][  0]LogTemp: Display: Module 'AndroidTargetPlatform' loaded TargetPlatform 'Android_DXTClient'
[2019.11.04-17.55.11:707][  0]LogTemp: Display: Module 'AndroidTargetPlatform' loaded TargetPlatform 'Android_ETC1Client'
[2019.11.04-17.55.11:707][  0]LogTemp: Display: Module 'AndroidTargetPlatform' loaded TargetPlatform 'Android_ETC1aClient'
[2019.11.04-17.55.11:707][  0]LogTemp: Display: Module 'AndroidTargetPlatform' loaded TargetPlatform 'Android_ETC2Client'
[2019.11.04-17.55.11:707][  0]LogTemp: Display: Module 'AndroidTargetPlatform' loaded TargetPlatform 'Android_PVRTCClient'
[2019.11.04-17.55.11:707][  0]LogTemp: Display: Module 'AndroidTargetPlatform' loaded TargetPlatform 'Android_Multi'
[2019.11.04-17.55.11:707][  0]LogTemp: Display: Module 'AndroidTargetPlatform' loaded TargetPlatform 'Android_MultiClient'
[2019.11.04-17.55.11:710][  0]LogTemp: Display: Module 'HTML5TargetPlatform' loaded TargetPlatform 'HTML5'
[2019.11.04-17.55.11:767][  0]LogTemp: Display: Module 'IOSTargetPlatform' loaded TargetPlatform 'IOSClient'
[2019.11.04-17.55.11:767][  0]LogTemp: Display: Module 'IOSTargetPlatform' loaded TargetPlatform 'IOS'
[2019.11.04-17.55.11:797][  0]LogTemp: Display: Module 'TVOSTargetPlatform' loaded TargetPlatform 'TVOSClient'
[2019.11.04-17.55.11:797][  0]LogTemp: Display: Module 'TVOSTargetPlatform' loaded TargetPlatform 'TVOS'
[2019.11.04-17.55.11:813][  0]LogTemp: Display: Module 'LinuxClientTargetPlatform' loaded TargetPlatform 'LinuxClient'
[2019.11.04-17.55.11:829][  0]LogTemp: Display: Module 'LinuxNoEditorTargetPlatform' loaded TargetPlatform 'LinuxNoEditor'
[2019.11.04-17.55.11:845][  0]LogTemp: Display: Module 'LinuxServerTargetPlatform' loaded TargetPlatform 'LinuxServer'
[2019.11.04-17.55.11:861][  0]LogTemp: Display: Module 'LinuxTargetPlatform' loaded TargetPlatform 'Linux'
[2019.11.04-17.55.11:917][  0]LogTemp: Display: Module 'LuminTargetPlatform' loaded TargetPlatform 'Lumin'
[2019.11.04-17.55.11:917][  0]LogTemp: Display: Module 'LuminTargetPlatform' loaded TargetPlatform 'LuminClient'
[2019.11.04-17.55.11:917][  0]LogTargetPlatformManager: Display: Building Assets For Windows
[2019.11.04-17.55.11:928][  0]LogAudioDebug: Display: Lib vorbis DLL was dynamically loaded.
[2019.11.04-17.55.11:993][  0]LogShaderCompilers: Guid format shader working directory is -3 characters bigger than the processId version (D:/GIT/ue4-houdini-hmd-connection/HMD_write_file/Intermediate/Shaders/WorkingDirectory/21932/).
[2019.11.04-17.55.11:993][  0]LogShaderCompilers: Cleaned the shader compiler working directory 'C:/Users/oranu/AppData/Local/Temp/UnrealShaderWorkingDir/BE4A4ADC4842CEAADC630BA5D973ACEE/'.
[2019.11.04-17.55.11:996][  0]LogXGEController: Cleaning working directory: C:/Users/oranu/AppData/Local/Temp/UnrealXGEWorkingDir/
[2019.11.04-17.55.11:996][  0]LogXGEController: Cannot use XGE Controller as Incredibuild is not installed on this machine.
[2019.11.04-17.55.11:996][  0]LogShaderCompilers: Cannot use XGE Shader Compiler as Incredibuild is not installed on this machine.
[2019.11.04-17.55.11:996][  0]LogShaderCompilers: Display: Using Local Shader Compiler.
[2019.11.04-17.55.12:614][  0]LogDerivedDataCache: Display: Max Cache Size: 512 MB
[2019.11.04-17.55.12:666][  0]LogDerivedDataCache: Loaded boot cache 0.05s 88MB C:/Users/oranu/AppData/Local/UnrealEngine/4.22/DerivedDataCache/Boot.ddc.
[2019.11.04-17.55.12:667][  0]LogDerivedDataCache: Display: Loaded Boot cache: C:/Users/oranu/AppData/Local/UnrealEngine/4.22/DerivedDataCache/Boot.ddc
[2019.11.04-17.55.12:667][  0]LogDerivedDataCache: FDerivedDataBackendGraph:  Pak pak cache file D:/GIT/ue4-houdini-hmd-connection/HMD_write_file/DerivedDataCache/DDC.ddp not found, will not use a pak cache.
[2019.11.04-17.55.12:667][  0]LogDerivedDataCache: Unable to find inner node Pak for hierarchical cache Hierarchy.
[2019.11.04-17.55.12:667][  0]LogDerivedDataCache: FDerivedDataBackendGraph:  CompressedPak pak cache file D:/GIT/ue4-houdini-hmd-connection/HMD_write_file/DerivedDataCache/Compressed.ddp not found, will not use a pak cache.
[2019.11.04-17.55.12:667][  0]LogDerivedDataCache: Unable to find inner node CompressedPak for hierarchical cache Hierarchy.
[2019.11.04-17.55.12:683][  0]LogDerivedDataCache: Display: Pak cache opened for reading ../../../Engine/DerivedDataCache/Compressed.ddp.
[2019.11.04-17.55.12:686][  0]LogDerivedDataCache: Display: Pak cache opened for reading ../../../Enterprise/DerivedDataCache/Compressed.ddp.
[2019.11.04-17.55.12:699][  0]LogDerivedDataCache: Using Local data cache path C:/Users/oranu/AppData/Local/UnrealEngine/Common/DerivedDataCache: Writable
[2019.11.04-17.55.12:699][  0]LogDerivedDataCache: Shared data cache path not found in *engine.ini, will not use an Shared cache.
[2019.11.04-17.55.12:699][  0]LogDerivedDataCache: Unable to find inner node Shared for hierarchical cache Hierarchy.
[2019.11.04-17.55.12:725][  0]LogMaterial: Verifying Global Shaders for PCD3D_SM5
[2019.11.04-17.55.12:726][  0]LogSlate: Using FreeType 2.6.0
[2019.11.04-17.55.12:726][  0]LogSlate: SlateFontServices - WITH_FREETYPE: 1, WITH_HARFBUZZ: 1
[2019.11.04-17.55.12:819][  0]LogAssetRegistry: FAssetRegistry took 0.0363 seconds to start up
[2019.11.04-17.55.13:246][  0]LogInit: Selected Device Profile: [Windows]
[2019.11.04-17.55.13:410][  0]LogMeshReduction: Using QuadricMeshReduction for automatic static mesh reduction
[2019.11.04-17.55.13:410][  0]LogMeshReduction: Using SimplygonMeshReduction for automatic skeletal mesh reduction
[2019.11.04-17.55.13:410][  0]LogMeshReduction: Using ProxyLODMeshReduction for automatic mesh merging
[2019.11.04-17.55.13:411][  0]LogMeshReduction: No distributed automatic mesh merging module available
[2019.11.04-17.55.13:411][  0]LogMeshMerging: No distributed automatic mesh merging module available
[2019.11.04-17.55.13:424][  0]LogNetVersion: HMD_write_file 1.0.0, NetCL: 5660361, EngineNetVer: 10, GameNetVer: 0 (Checksum: 3480835497)
[2019.11.04-17.55.13:921][  0]LogPackageLocalizationCache: Processed 16 localized package path(s) for 1 prioritized culture(s) in 0.079372 seconds
[2019.11.04-17.55.13:931][  0]LogUObjectArray: 42205 objects as part of root set at end of initial load.
[2019.11.04-17.55.13:931][  0]LogUObjectAllocator: 7325032 out of 0 bytes used by permanent object pool.
[2019.11.04-17.55.13:931][  0]LogUObjectArray: CloseDisregardForGC: 0/0 objects in disregard for GC pool
[2019.11.04-17.55.14:877][  0]LogTcpMessaging: Initializing TcpMessaging bridge
[2019.11.04-17.55.14:892][  0]LogUdpMessaging: Initializing bridge on interface 0.0.0.0:0 to multicast group 230.0.0.1:6666.
[2019.11.04-17.55.15:013][  0]SourceControl: Source control is disabled
[2019.11.04-17.55.15:013][  0]SourceControl: Source control is disabled
[2019.11.04-17.55.15:015][  0]SourceControl: Source control is disabled
[2019.11.04-17.55.15:017][  0]SourceControl: Source control is disabled
[2019.11.04-17.55.15:173][  0]LogAndroidPermission: UAndroidPermissionCallbackProxy::GetInstance
[2019.11.04-17.55.15:312][  0]LogOcInput: OculusInput pre-init called
[2019.11.04-17.55.17:662][  0]LogWindows: Failed to load 'libalias_api.dll' (GetLastError=126)
[2019.11.04-17.55.17:662][  0]LogWindows: File 'libalias_api.dll' does not exist
[2019.11.04-17.55.17:663][  0]LogWindows: Failed to load 'libalias_api.dll' (GetLastError=126)
[2019.11.04-17.55.17:663][  0]LogWindows: File 'libalias_api.dll' does not exist
[2019.11.04-17.55.17:811][  0]LogEngine: Initializing Engine...
[2019.11.04-17.55.17:812][  0]LogHMD: SteamVR initialized.  Driver: holographic  Display: WindowsHolographic
[2019.11.04-17.55.17:814][  0]LogStats: UGameplayTagsManager::InitializeManager -  0.000 s
[2019.11.04-17.55.18:050][  0]LogInit: Initializing FReadOnlyCVARCache
[2019.11.04-17.55.18:067][  0]LogAIModule: Creating AISystem for world Untitled
[2019.11.04-17.55.18:110][  0]LogInit: XAudio2 using 'Наушники (Realtek USB2.0 Audio)' : 2 channels at 48 kHz using 16 bits per sample (channel mask 0x3)
[2019.11.04-17.55.18:129][  0]LogInit: FAudioDevice initialized.
[2019.11.04-17.55.18:130][  0]LogNetVersion: Set ProjectVersion to 1.0.0.0. Version Checksum will be recalculated on next use.
[2019.11.04-17.55.18:224][  0]LogDerivedDataCache: Saved boot cache 0.09s 73MB C:/Users/oranu/AppData/Local/UnrealEngine/4.22/DerivedDataCache/Boot.ddc.
[2019.11.04-17.55.18:233][  0]LogInit: Texture streaming: Enabled
[2019.11.04-17.55.18:258][  0]LogEngineSessionManager: EngineSessionManager initialized
[2019.11.04-17.55.18:291][  0]LogInit: Transaction tracking system initialized
[2019.11.04-17.55.18:323][  0]BlueprintLog: New page: Editor Load
[2019.11.04-17.55.18:429][  0]LocalizationService: Localization service is disabled
[2019.11.04-17.55.19:319][  0]LogFileCache: Scanning file cache for directory 'D:/GIT/ue4-houdini-hmd-connection/HMD_write_file/Content/' took 0.01s
[2019.11.04-17.55.19:319][  0]LogCook: Display: Max memory allowance for cook 16384mb min free memory 0mb
[2019.11.04-17.55.19:320][  0]LogCook: Display: Mobile HDR setting 1
[2019.11.04-17.55.20:828][  0]SourceControl: Source control is disabled
[2019.11.04-17.55.20:828][  0]Cmd: MAP LOAD FILE="D:/GIT/ue4-houdini-hmd-connection/HMD_write_file/Content/VirtualRealityBP/Maps/StartupMap.umap" TEMPLATE=0 SHOWPROGRESS=1 FEATURELEVEL=3
[2019.11.04-17.55.20:828][  0]LightingResults: New page: Lighting Build
[2019.11.04-17.55.20:832][  0]MapCheck: New page: Map Check
[2019.11.04-17.55.20:832][  0]LightingResults: New page: Lighting Build
[2019.11.04-17.55.20:875][  0]LogUObjectHash: Compacting FUObjectHashTables data took   1.98ms
[2019.11.04-17.55.20:976][  0]LogAIModule: Creating AISystem for world StartupMap
[2019.11.04-17.55.20:982][  0]LogEditorServer: Finished looking for orphan Actors (0.000 secs)
[2019.11.04-17.55.21:027][  0]LogUObjectHash: Compacting FUObjectHashTables data took   4.77ms
[2019.11.04-17.55.21:027][  0]Cmd: MAP CHECKDEP NOCLEARLOG
[2019.11.04-17.55.21:027][  0]MapCheck: Map check complete: 0 Error(s), 0 Warning(s), took 0,189ms to complete.
[2019.11.04-17.55.21:027][  0]LogFileHelpers: Loading map 'StartupMap' took 0.200
[2019.11.04-17.55.21:154][  0]LogSlate: Updating window title bar state: overlay mode, drag disabled, window buttons hidden, title bar hidden
[2019.11.04-17.55.21:163][  0]LogSlate: Updating window title bar state: overlay mode, drag disabled, window buttons hidden, title bar hidden
[2019.11.04-17.55.21:173][  0]LogSlate: Updating window title bar state: overlay mode, drag disabled, window buttons hidden, title bar hidden
[2019.11.04-17.55.21:183][  0]LogSlate: Updating window title bar state: overlay mode, drag disabled, window buttons hidden, title bar hidden
[2019.11.04-17.55.21:191][  0]LogCollectionManager: Loaded 0 collections in 0.002111 seconds
[2019.11.04-17.55.21:220][  0]LogFileCache: Scanning file cache for directory 'D:/GIT/ue4-houdini-hmd-connection/HMD_write_file/Saved/Collections/' took 0.01s
[2019.11.04-17.55.21:220][  0]LogFileCache: Scanning file cache for directory 'D:/GIT/ue4-houdini-hmd-connection/HMD_write_file/Content/Developers/oranu/Collections/' took 0.00s
[2019.11.04-17.55.21:220][  0]LogFileCache: Scanning file cache for directory 'D:/GIT/ue4-houdini-hmd-connection/HMD_write_file/Content/Collections/' took 0.01s
[2019.11.04-17.55.21:220][  0]LogCollectionManager: Rebuilt the GUID cache for 0 collections in 0.000000 seconds
[2019.11.04-17.55.21:232][  0]LogContentBrowser: Native class hierarchy populated in 0.0116 seconds. Added 2865 classes and 728 folders.
[2019.11.04-17.55.21:239][  0]LogContentBrowser: Native class hierarchy updated for 'WidgetCarousel' in 0.0004 seconds. Added 0 classes and 0 folders.
[2019.11.04-17.55.21:241][  0]LogPakFile: Registered encryption key '00000000000000000000000000000000': 0 pak files mounted, 0 remain pending
[2019.11.04-17.55.21:242][  0]LogPakFile: Registered encryption key '00000000000000000000000000000000': 0 pak files mounted, 0 remain pending
[2019.11.04-17.55.21:242][  0]LogPakFile: Registered encryption key '00000000000000000000000000000000': 0 pak files mounted, 0 remain pending
[2019.11.04-17.55.21:243][  0]LogPakFile: Registered encryption key '00000000000000000000000000000000': 0 pak files mounted, 0 remain pending
[2019.11.04-17.55.21:243][  0]LogPakFile: Registered encryption key '00000000000000000000000000000000': 0 pak files mounted, 0 remain pending
[2019.11.04-17.55.21:244][  0]LogPakFile: Registered encryption key '00000000000000000000000000000000': 0 pak files mounted, 0 remain pending
[2019.11.04-17.55.21:244][  0]LogPakFile: Registered encryption key '00000000000000000000000000000000': 0 pak files mounted, 0 remain pending
[2019.11.04-17.55.21:245][  0]LogPakFile: Registered encryption key '00000000000000000000000000000000': 0 pak files mounted, 0 remain pending
[2019.11.04-17.55.21:245][  0]LogPakFile: Registered encryption key '00000000000000000000000000000000': 0 pak files mounted, 0 remain pending
[2019.11.04-17.55.21:246][  0]LogPakFile: Registered encryption key '00000000000000000000000000000000': 0 pak files mounted, 0 remain pending
[2019.11.04-17.55.21:246][  0]LogPakFile: Registered encryption key '00000000000000000000000000000000': 0 pak files mounted, 0 remain pending
[2019.11.04-17.55.21:247][  0]LogPakFile: Registered encryption key '00000000000000000000000000000000': 0 pak files mounted, 0 remain pending
[2019.11.04-17.55.21:247][  0]LogPakFile: Registered encryption key '00000000000000000000000000000000': 0 pak files mounted, 0 remain pending
[2019.11.04-17.55.21:248][  0]LogPakFile: Registered encryption key '00000000000000000000000000000000': 0 pak files mounted, 0 remain pending
[2019.11.04-17.55.21:248][  0]LogPakFile: Registered encryption key '00000000000000000000000000000000': 0 pak files mounted, 0 remain pending
[2019.11.04-17.55.21:249][  0]LogPakFile: Registered encryption key '00000000000000000000000000000000': 0 pak files mounted, 0 remain pending
[2019.11.04-17.55.21:249][  0]LogPakFile: Registered encryption key '00000000000000000000000000000000': 0 pak files mounted, 0 remain pending
[2019.11.04-17.55.21:250][  0]LogPakFile: Registered encryption key '00000000000000000000000000000000': 0 pak files mounted, 0 remain pending
[2019.11.04-17.55.21:250][  0]LogPakFile: Registered encryption key '00000000000000000000000000000000': 0 pak files mounted, 0 remain pending
[2019.11.04-17.55.21:251][  0]LogPakFile: Registered encryption key '00000000000000000000000000000000': 0 pak files mounted, 0 remain pending
[2019.11.04-17.55.21:251][  0]LogPakFile: Registered encryption key '00000000000000000000000000000000': 0 pak files mounted, 0 remain pending
[2019.11.04-17.55.21:252][  0]LogPakFile: Registered encryption key '00000000000000000000000000000000': 0 pak files mounted, 0 remain pending
[2019.11.04-17.55.21:252][  0]LogPakFile: Registered encryption key '00000000000000000000000000000000': 0 pak files mounted, 0 remain pending
[2019.11.04-17.55.21:253][  0]LogPakFile: Registered encryption key '00000000000000000000000000000000': 0 pak files mounted, 0 remain pending
[2019.11.04-17.55.21:253][  0]LogPakFile: Registered encryption key '00000000000000000000000000000000': 0 pak files mounted, 0 remain pending
[2019.11.04-17.55.21:254][  0]LogPakFile: Registered encryption key '00000000000000000000000000000000': 0 pak files mounted, 0 remain pending
[2019.11.04-17.55.21:254][  0]LogPakFile: Registered encryption key '00000000000000000000000000000000': 0 pak files mounted, 0 remain pending
[2019.11.04-17.55.21:255][  0]LogPakFile: Registered encryption key '00000000000000000000000000000000': 0 pak files mounted, 0 remain pending
[2019.11.04-17.55.21:293][  0]LogContentBrowser: Native class hierarchy updated for 'AddContentDialog' in 0.0004 seconds. Added 0 classes and 0 folders.
[2019.11.04-17.55.21:300][  0]LogContentBrowser: Native class hierarchy updated for 'SceneOutliner' in 0.0004 seconds. Added 1 classes and 0 folders.
[2019.11.04-17.55.21:373][  0]LogSlate: Took 0.000228 seconds to synchronously load lazily loaded font '../../../Engine/Content/Slate/Fonts/Roboto-Regular.ttf' (155K)
[2019.11.04-17.55.21:375][  0]LogSlate: Took 0.000210 seconds to synchronously load lazily loaded font '../../../Engine/Content/Slate/Fonts/Roboto-Bold.ttf' (160K)
[2019.11.04-17.55.21:382][  0]LogSlate: Took 0.000302 seconds to synchronously load lazily loaded font '../../../Engine/Content/Editor/Slate/Fonts/FontAwesome.ttf' (139K)
[2019.11.04-17.55.21:450][  0]LogRenderer: Reallocating scene render targets to support 960x568 Format 26 NumSamples 1 (Frame:1).
[2019.11.04-17.55.21:572][  0]LogContentBrowser: Native class hierarchy updated for 'HierarchicalLODOutliner' in 0.0004 seconds. Added 0 classes and 0 folders.
[2019.11.04-17.55.21:572][  0]LogLoad: (Engine Initialization) Total time: 14.10 seconds
[2019.11.04-17.55.21:572][  0]LogLoad: (Engine Initialization) Total Blueprint compile time: 0.00 seconds
[2019.11.04-17.55.21:615][  0]LogAssetRegistry: Asset discovery search completed in 8.8175 seconds
[2019.11.04-17.55.21:617][  0]LogCollectionManager: Rebuilt the object cache for 0 collections in 0.000001 seconds (found 0 objects)
[2019.11.04-17.55.21:617][  0]LogCollectionManager: Fixed up redirectors for 0 collections in 0.000068 seconds (updated 0 objects)
[2019.11.04-17.55.21:622][  0]LogContentStreaming: Texture pool size now 800 MB
[2019.11.04-17.55.21:662][  0]LogSlate: Took 0.000161 seconds to synchronously load lazily loaded font '../../../Engine/Content/Slate/Fonts/Roboto-Light.ttf' (167K)
[2019.11.04-17.55.22:604][108]LogSlate: Took 0.000219 seconds to synchronously load lazily loaded font '../../../Engine/Content/Slate/Fonts/Roboto-Light.ttf' (167K)
[2019.11.04-17.55.28:157][750]LogSlate: FSceneViewport::OnFocusLost() reason 2
[2019.11.04-17.55.37:044][804]LogAudio: Warning: Current Audio Device with ID {0.0.0.00000000}.{e75389fd-3013-4260-b736-922db33020a4} was removed. Shutting down audio device.
[2019.11.04-17.55.37:272][804]LogInit: XAudio2 using 'Динамики (Sound Blaster Audigy Fx)' : 2 channels at 48 kHz using 16 bits per sample (channel mask 0x3)
[2019.11.04-17.55.37:475][806]LogInit: XAudio2 using 'Динамики (Sound Blaster Audigy Fx)' : 2 channels at 48 kHz using 16 bits per sample (channel mask 0x3)
[2019.11.04-17.55.37:669][807]LogInit: XAudio2 using 'Динамики (Sound Blaster Audigy Fx)' : 2 channels at 48 kHz using 16 bits per sample (channel mask 0x3)
[2019.11.04-17.55.39:053][915]LogInit: XAudio2 using 'Динамики (Sound Blaster Audigy Fx)' : 2 channels at 48 kHz using 16 bits per sample (channel mask 0x3)
[2019.11.04-17.55.42:300][207]LogInit: XAudio2 using 'Динамики (Sound Blaster Audigy Fx)' : 2 channels at 48 kHz using 16 bits per sample (channel mask 0x3)
[2019.11.04-17.55.46:605][505]LogInit: XAudio2 using 'Наушники (Realtek USB2.0 Audio)' : 2 channels at 48 kHz using 16 bits per sample (channel mask 0x3)
[2019.11.04-17.56.28:262][396]LogHMD: SteamVR Shutting down.
[2019.11.04-17.56.36:781][379]LogBlueprintUserMessages: Early PlayInEditor Detection: Level '/Game/VirtualRealityBP/Maps/StartupMap.StartupMap:PersistentLevel' has LevelScriptBlueprint '/Game/VirtualRealityBP/Maps/StartupMap.StartupMap:PersistentLevel.StartupMap' with GeneratedClass '/Game/VirtualRealityBP/Maps/StartupMap.StartupMap_C' with ClassGeneratedBy '/Game/VirtualRealityBP/Maps/StartupMap.StartupMap:PersistentLevel.StartupMap'
[2019.11.04-17.56.36:782][379]LogPlayLevel: PlayLevel: No blueprints needed recompiling
[2019.11.04-17.56.36:782][379]PIE: New page: PIE session: StartupMap (4 нояб. 2019 г., 23:56:36)
[2019.11.04-17.56.36:795][379]LogPlayLevel: Creating play world package: /Game/VirtualRealityBP/Maps/UEDPIE_0_StartupMap
[2019.11.04-17.56.36:803][379]LogPlayLevel: PIE: StaticDuplicateObject took: (0.007759s)
[2019.11.04-17.56.36:803][379]LogAIModule: Creating AISystem for world StartupMap
[2019.11.04-17.56.36:804][379]LogPlayLevel: PIE: World Init took: (0.000734s)
[2019.11.04-17.56.36:804][379]LogPlayLevel: PIE: Created PIE world by copying editor world from /Game/VirtualRealityBP/Maps/StartupMap.StartupMap to /Game/VirtualRealityBP/Maps/UEDPIE_0_StartupMap.StartupMap (0.008870s)
[2019.11.04-17.56.36:847][379]LogUObjectHash: Compacting FUObjectHashTables data took   1.37ms
[2019.11.04-17.56.36:882][379]LogInit: XAudio2 using 'Наушники (Realtek USB2.0 Audio)' : 2 channels at 48 kHz using 16 bits per sample (channel mask 0x3)
[2019.11.04-17.56.36:896][379]LogInit: FAudioDevice initialized.
[2019.11.04-17.56.36:905][379]LogSlate: Updating window title bar state: overlay mode, drag disabled, window buttons hidden, title bar hidden
[2019.11.04-17.56.38:123][379]LogHMD: SteamVR initialized.  Driver: holographic  Display: WindowsHolographic
[2019.11.04-17.56.38:180][379]LogUObjectGlobals: Warning: Failed to find object 'Class None.'
[2019.11.04-17.56.38:180][379]LogLoad: Game class is 'GameModeBase'
[2019.11.04-17.56.38:184][379]LogWorld: Bringing World /Game/VirtualRealityBP/Maps/UEDPIE_0_StartupMap.StartupMap up for play (max tick rate 0) at 2019.11.04-20.56.38
[2019.11.04-17.56.38:185][379]LogWorld: Bringing up level for play took: 0.003525
[2019.11.04-17.56.38:207][379]LogContentBrowser: Native class hierarchy updated for 'MovieSceneCapture' in 0.0007 seconds. Added 20 classes and 0 folders.
[2019.11.04-17.56.38:215][379]PIE: Play in editor start time for /Game/VirtualRealityBP/Maps/UEDPIE_0_StartupMap 2,216
[2019.11.04-17.56.38:215][379]LogBlueprintUserMessages: Late PlayInEditor Detection: Level '/Game/VirtualRealityBP/Maps/StartupMap.StartupMap:PersistentLevel' has LevelScriptBlueprint '/Game/VirtualRealityBP/Maps/StartupMap.StartupMap:PersistentLevel.StartupMap' with GeneratedClass '/Game/VirtualRealityBP/Maps/StartupMap.StartupMap_C' with ClassGeneratedBy '/Game/VirtualRealityBP/Maps/StartupMap.StartupMap:PersistentLevel.StartupMap'
[2019.11.04-17.56.38:221][379]LogBlueprintUserMessages: [BP_DataActor_2] P=0.000000 Y=8.329175 R=0.000000
[2019.11.04-17.56.38:267][380]LogRenderer: Reallocating scene render targets to support 1752x1088 Format 26 NumSamples 1 (Frame:1).
[2019.11.04-17.56.38:268][380]LogBlueprintUserMessages: [BP_DataActor_2] P=0.000000 Y=8.329175 R=0.000000
[2019.11.04-17.56.38:290][381]LogProfilingDebugging: Allocated a 1024 x 1024 texture for HMD canvas layer
[2019.11.04-17.56.38:539][396]LogBlueprintUserMessages: [BP_DataActor_2] P=0.000000 Y=8.329175 R=0.000000
[2019.11.04-17.56.39:169][423]LogBlueprintUserMessages: [BP_DataActor_2] P=0.000000 Y=8.329175 R=0.000000
[2019.11.04-17.56.39:503][424]LogBlueprintUserMessages: [BP_DataActor_2] P=0.000000 Y=8.329175 R=0.000000
[2019.11.04-17.56.39:836][425]LogBlueprintUserMessages: [BP_DataActor_2] P=0.000000 Y=8.329175 R=0.000000
[2019.11.04-17.56.40:169][426]LogBlueprintUserMessages: [BP_DataActor_2] P=0.000000 Y=8.329175 R=0.000000
[2019.11.04-17.56.40:504][427]LogBlueprintUserMessages: [BP_DataActor_2] P=0.000000 Y=8.329175 R=0.000000
[2019.11.04-17.56.40:841][428]LogBlueprintUserMessages: [BP_DataActor_2] P=0.000000 Y=8.329175 R=0.000000
[2019.11.04-17.56.41:191][429]LogBlueprintUserMessages: [BP_DataActor_2] P=0.000000 Y=8.329175 R=0.000000
[2019.11.04-17.56.41:516][430]LogBlueprintUserMessages: [BP_DataActor_2] P=0.000000 Y=8.329175 R=0.000000
[2019.11.04-17.56.41:853][431]LogBlueprintUserMessages: [BP_DataActor_2] P=0.000000 Y=8.329175 R=0.000000
[2019.11.04-17.56.42:187][432]LogBlueprintUserMessages: [BP_DataActor_2] P=0.000000 Y=8.329175 R=0.000000
[2019.11.04-17.56.42:522][433]LogBlueprintUserMessages: [BP_DataActor_2] P=0.000000 Y=8.329175 R=0.000000
[2019.11.04-17.56.42:853][434]LogBlueprintUserMessages: [BP_DataActor_2] P=0.000000 Y=8.329175 R=0.000000
[2019.11.04-17.56.43:187][435]LogBlueprintUserMessages: [BP_DataActor_2] P=0.000000 Y=8.329175 R=0.000000
[2019.11.04-17.56.43:520][436]LogBlueprintUserMessages: [BP_DataActor_2] P=0.000000 Y=8.329175 R=0.000000
[2019.11.04-17.56.43:853][437]LogBlueprintUserMessages: [BP_DataActor_2] P=0.000000 Y=8.329175 R=0.000000
[2019.11.04-17.56.44:186][438]LogBlueprintUserMessages: [BP_DataActor_2] P=0.000000 Y=8.329175 R=0.000000
[2019.11.04-17.56.44:521][439]LogBlueprintUserMessages: [BP_DataActor_2] P=0.000000 Y=8.329175 R=0.000000
[2019.11.04-17.56.44:854][440]LogBlueprintUserMessages: [BP_DataActor_2] P=0.000000 Y=8.329175 R=0.000000
[2019.11.04-17.56.45:188][441]LogBlueprintUserMessages: [BP_DataActor_2] P=0.000000 Y=8.329175 R=0.000000
[2019.11.04-17.56.45:520][442]LogBlueprintUserMessages: [BP_DataActor_2] P=0.000000 Y=8.329175 R=0.000000
[2019.11.04-17.56.45:853][443]LogBlueprintUserMessages: [BP_DataActor_2] P=0.000000 Y=8.329175 R=0.000000
[2019.11.04-17.56.46:891][444]LogBlueprintUserMessages: [BP_DataActor_2] P=0.000000 Y=8.329175 R=0.000000
[2019.11.04-17.56.46:916][445]LogBlueprintUserMessages: [BP_DataActor_2] P=0.000000 Y=8.329175 R=0.000000
[2019.11.04-17.56.47:252][446]LogBlueprintUserMessages: [BP_DataActor_2] P=0.000000 Y=8.329175 R=0.000000
[2019.11.04-17.56.47:587][447]LogBlueprintUserMessages: [BP_DataActor_2] P=0.000000 Y=8.329175 R=0.000000
[2019.11.04-17.56.47:921][448]LogBlueprintUserMessages: [BP_DataActor_2] P=0.000000 Y=8.329175 R=0.000000
[2019.11.04-17.56.48:256][449]LogBlueprintUserMessages: [BP_DataActor_2] P=0.000000 Y=8.329175 R=0.000000
[2019.11.04-17.56.48:589][450]LogBlueprintUserMessages: [BP_DataActor_2] P=0.000000 Y=8.329175 R=0.000000
[2019.11.04-17.56.48:923][451]LogBlueprintUserMessages: [BP_DataActor_2] P=0.000000 Y=8.329175 R=0.000000
[2019.11.04-17.56.49:256][452]LogBlueprintUserMessages: [BP_DataActor_2] P=0.000000 Y=8.329175 R=0.000000
[2019.11.04-17.56.49:590][453]LogBlueprintUserMessages: [BP_DataActor_2] P=0.000000 Y=8.329175 R=0.000000
[2019.11.04-17.56.49:924][454]LogBlueprintUserMessages: [BP_DataActor_2] P=0.000000 Y=8.329175 R=0.000000
[2019.11.04-17.56.50:257][455]LogBlueprintUserMessages: [BP_DataActor_2] P=0.000000 Y=8.329175 R=0.000000
[2019.11.04-17.56.50:590][456]LogBlueprintUserMessages: [BP_DataActor_2] P=0.000000 Y=8.329175 R=0.000000
[2019.11.04-17.56.50:923][457]LogBlueprintUserMessages: [BP_DataActor_2] P=0.000000 Y=8.329175 R=0.000000
[2019.11.04-17.56.51:256][458]LogBlueprintUserMessages: [BP_DataActor_2] P=0.000000 Y=8.329175 R=0.000000
[2019.11.04-17.56.51:590][459]LogBlueprintUserMessages: [BP_DataActor_2] P=0.000000 Y=8.329175 R=0.000000
[2019.11.04-17.56.51:925][460]LogBlueprintUserMessages: [BP_DataActor_2] P=0.000000 Y=8.329175 R=0.000000
[2019.11.04-17.56.52:259][461]LogBlueprintUserMessages: [BP_DataActor_2] P=0.000000 Y=8.329175 R=0.000000
[2019.11.04-17.56.52:592][462]LogBlueprintUserMessages: [BP_DataActor_2] P=0.000000 Y=8.329175 R=0.000000
[2019.11.04-17.56.52:924][463]LogBlueprintUserMessages: [BP_DataActor_2] P=0.000000 Y=8.329175 R=0.000000
[2019.11.04-17.56.53:258][464]LogBlueprintUserMessages: [BP_DataActor_2] P=0.000000 Y=8.329175 R=0.000000
[2019.11.04-17.56.53:592][465]LogBlueprintUserMessages: [BP_DataActor_2] P=0.000000 Y=8.329175 R=0.000000
[2019.11.04-17.56.53:925][466]LogBlueprintUserMessages: [BP_DataActor_2] P=0.000000 Y=8.329175 R=0.000000
[2019.11.04-17.56.54:258][467]LogBlueprintUserMessages: [BP_DataActor_2] P=0.000000 Y=8.329175 R=0.000000
[2019.11.04-17.56.54:592][468]LogBlueprintUserMessages: [BP_DataActor_2] P=0.000000 Y=8.329175 R=0.000000
[2019.11.04-17.56.54:925][469]LogBlueprintUserMessages: [BP_DataActor_2] P=0.000000 Y=8.329175 R=0.000000
[2019.11.04-17.56.55:258][470]LogBlueprintUserMessages: [BP_DataActor_2] P=0.000000 Y=8.329175 R=0.000000
[2019.11.04-17.56.55:591][471]LogBlueprintUserMessages: [BP_DataActor_2] P=0.000000 Y=8.329175 R=0.000000
[2019.11.04-17.56.55:925][472]LogBlueprintUserMessages: [BP_DataActor_2] P=0.000000 Y=8.329175 R=0.000000
[2019.11.04-17.56.56:258][473]LogBlueprintUserMessages: [BP_DataActor_2] P=0.000000 Y=8.329175 R=0.000000
[2019.11.04-17.56.56:591][474]LogBlueprintUserMessages: [BP_DataActor_2] P=0.000000 Y=8.329175 R=0.000000
[2019.11.04-17.56.56:925][475]LogBlueprintUserMessages: [BP_DataActor_2] P=0.000000 Y=8.329175 R=0.000000
[2019.11.04-17.56.57:260][476]LogBlueprintUserMessages: [BP_DataActor_2] P=0.000000 Y=8.329175 R=0.000000
[2019.11.04-17.56.57:592][477]LogBlueprintUserMessages: [BP_DataActor_2] P=0.000000 Y=8.329175 R=0.000000
[2019.11.04-17.56.57:925][478]LogBlueprintUserMessages: [BP_DataActor_2] P=0.000000 Y=8.329175 R=0.000000
[2019.11.04-17.56.58:261][479]LogBlueprintUserMessages: [BP_DataActor_2] P=0.000000 Y=8.329175 R=0.000000
[2019.11.04-17.56.58:594][480]LogBlueprintUserMessages: [BP_DataActor_2] P=0.000000 Y=8.329175 R=0.000000
[2019.11.04-17.56.58:929][481]LogBlueprintUserMessages: [BP_DataActor_2] P=0.000000 Y=8.329175 R=0.000000
[2019.11.04-17.56.59:262][482]LogBlueprintUserMessages: [BP_DataActor_2] P=0.000000 Y=8.329175 R=0.000000
[2019.11.04-17.56.59:595][483]LogBlueprintUserMessages: [BP_DataActor_2] P=0.000000 Y=8.329175 R=0.000000
[2019.11.04-17.56.59:929][484]LogBlueprintUserMessages: [BP_DataActor_2] P=0.000000 Y=8.329175 R=0.000000
[2019.11.04-17.57.00:262][485]LogBlueprintUserMessages: [BP_DataActor_2] P=0.000000 Y=8.329175 R=0.000000
[2019.11.04-17.57.00:596][486]LogBlueprintUserMessages: [BP_DataActor_2] P=0.000000 Y=8.329175 R=0.000000
[2019.11.04-17.57.00:928][487]LogBlueprintUserMessages: [BP_DataActor_2] P=0.000000 Y=8.329175 R=0.000000
[2019.11.04-17.57.01:262][488]LogBlueprintUserMessages: [BP_DataActor_2] P=0.000000 Y=8.329175 R=0.000000
[2019.11.04-17.57.01:598][489]LogBlueprintUserMessages: [BP_DataActor_2] P=0.000000 Y=8.329175 R=0.000000
[2019.11.04-17.57.01:930][490]LogBlueprintUserMessages: [BP_DataActor_2] P=0.000000 Y=8.329175 R=0.000000
[2019.11.04-17.57.02:263][491]LogBlueprintUserMessages: [BP_DataActor_2] P=0.000000 Y=8.329175 R=0.000000
[2019.11.04-17.57.02:603][492]LogBlueprintUserMessages: [BP_DataActor_2] P=0.000000 Y=8.329175 R=0.000000
[2019.11.04-17.57.02:935][493]LogBlueprintUserMessages: [BP_DataActor_2] P=0.000000 Y=8.329175 R=0.000000
[2019.11.04-17.57.03:269][494]LogBlueprintUserMessages: [BP_DataActor_2] P=0.000000 Y=8.329175 R=0.000000
[2019.11.04-17.57.03:609][495]LogBlueprintUserMessages: [BP_DataActor_2] P=0.000000 Y=8.329175 R=0.000000
[2019.11.04-17.57.03:942][496]LogBlueprintUserMessages: [BP_DataActor_2] P=0.000000 Y=8.329175 R=0.000000
[2019.11.04-17.57.04:275][497]LogBlueprintUserMessages: [BP_DataActor_2] P=0.000000 Y=8.329175 R=0.000000
[2019.11.04-17.57.04:615][498]LogBlueprintUserMessages: [BP_DataActor_2] P=0.000000 Y=8.329175 R=0.000000
[2019.11.04-17.57.04:948][499]LogBlueprintUserMessages: [BP_DataActor_2] P=0.000000 Y=8.329175 R=0.000000
[2019.11.04-17.57.05:283][500]LogBlueprintUserMessages: [BP_DataActor_2] P=0.000000 Y=8.329175 R=0.000000
[2019.11.04-17.57.05:615][501]LogBlueprintUserMessages: [BP_DataActor_2] P=0.000000 Y=8.329175 R=0.000000
[2019.11.04-17.57.05:947][502]LogBlueprintUserMessages: [BP_DataActor_2] P=0.000000 Y=8.329175 R=0.000000
[2019.11.04-17.57.06:285][503]LogBlueprintUserMessages: [BP_DataActor_2] P=0.000000 Y=8.329175 R=0.000000
[2019.11.04-17.57.06:619][504]LogBlueprintUserMessages: [BP_DataActor_2] P=0.000000 Y=8.329175 R=0.000000
[2019.11.04-17.57.06:953][505]LogBlueprintUserMessages: [BP_DataActor_2] P=0.000000 Y=8.329175 R=0.000000
[2019.11.04-17.57.07:288][506]LogBlueprintUserMessages: [BP_DataActor_2] P=0.000000 Y=8.329175 R=0.000000
[2019.11.04-17.57.07:627][507]LogBlueprintUserMessages: [BP_DataActor_2] P=0.000000 Y=8.329175 R=0.000000
[2019.11.04-17.57.07:961][508]LogBlueprintUserMessages: [BP_DataActor_2] P=0.000000 Y=8.329175 R=0.000000
[2019.11.04-17.57.08:293][509]LogBlueprintUserMessages: [BP_DataActor_2] P=0.000000 Y=8.329175 R=0.000000
[2019.11.04-17.57.08:627][510]LogBlueprintUserMessages: [BP_DataActor_2] P=0.000000 Y=8.329175 R=0.000000
[2019.11.04-17.57.08:962][511]LogBlueprintUserMessages: [BP_DataActor_2] P=0.000000 Y=8.329175 R=0.000000
[2019.11.04-17.57.09:295][512]LogBlueprintUserMessages: [BP_DataActor_2] P=0.000000 Y=8.329175 R=0.000000
[2019.11.04-17.57.09:628][513]LogBlueprintUserMessages: [BP_DataActor_2] P=0.000000 Y=8.329175 R=0.000000
[2019.11.04-17.57.09:962][514]LogBlueprintUserMessages: [BP_DataActor_2] P=0.000000 Y=8.329175 R=0.000000
[2019.11.04-17.57.10:290][515]LogBlueprintUserMessages: [BP_DataActor_2] P=0.000000 Y=8.329175 R=0.000000
[2019.11.04-17.57.10:296][516]LogBlueprintUserMessages: [BP_DataActor_2] P=0.000000 Y=8.329175 R=0.000000
[2019.11.04-17.57.10:435][530]LogBlueprintUserMessages: [BP_DataActor_2] P=0.000000 Y=8.329175 R=0.000000
[2019.11.04-17.57.10:767][560]LogBlueprintUserMessages: [BP_DataActor_2] P=0.000000 Y=8.329175 R=0.000000
[2019.11.04-17.57.11:101][590]LogBlueprintUserMessages: [BP_DataActor_2] P=0.000000 Y=8.329175 R=0.000000
[2019.11.04-17.57.11:435][620]LogBlueprintUserMessages: [BP_DataActor_2] P=0.000000 Y=8.329175 R=0.000000
[2019.11.04-17.57.11:624][637]LogBlueprintUserMessages: Early EndPlayMap Detection: Level '/Game/VirtualRealityBP/Maps/StartupMap.StartupMap:PersistentLevel' has LevelScriptBlueprint '/Game/VirtualRealityBP/Maps/StartupMap.StartupMap:PersistentLevel.StartupMap' with GeneratedClass '/Game/VirtualRealityBP/Maps/StartupMap.StartupMap_C' with ClassGeneratedBy '/Game/VirtualRealityBP/Maps/StartupMap.StartupMap:PersistentLevel.StartupMap'
[2019.11.04-17.57.11:704][637]LogSlate: Updating window title bar state: overlay mode, drag disabled, window buttons hidden, title bar hidden
[2019.11.04-17.57.11:747][637]LogSlate: Window 'HMD_write_file Game Preview Standalone (64-bit/PCD3D_SM5)' being destroyed
[2019.11.04-17.57.11:782][637]LogPlayLevel: Display: Shutting down PIE online subsystems
[2019.11.04-17.57.11:782][637]LogBlueprintUserMessages: Late EndPlayMap Detection: Level '/Game/VirtualRealityBP/Maps/StartupMap.StartupMap:PersistentLevel' has LevelScriptBlueprint '/Game/VirtualRealityBP/Maps/StartupMap.StartupMap:PersistentLevel.StartupMap' with GeneratedClass '/Game/VirtualRealityBP/Maps/StartupMap.StartupMap_C' with ClassGeneratedBy '/Game/VirtualRealityBP/Maps/StartupMap.StartupMap:PersistentLevel.StartupMap'
[2019.11.04-17.57.11:833][637]LogUObjectHash: Compacting FUObjectHashTables data took   1.89ms
[2019.11.04-17.57.11:854][638]LogPlayLevel: Display: Destroying online subsystem :Context_1
[2019.11.04-17.57.13:903][881]LogEditorViewport: Clicking on Actor (LMB): BP_DataActor_C (BP_DataActor)
[2019.11.04-17.57.15:269][ 41]Cmd: DELETE
[2019.11.04-17.57.15:270][ 41]Cmd: ACTOR DELETE
[2019.11.04-17.57.15:276][ 41]LogEditorActor: Deleted Actor: BP_DataActor_C
[2019.11.04-17.57.15:318][ 41]LogUObjectHash: Compacting FUObjectHashTables data took   1.48ms
[2019.11.04-17.57.15:319][ 41]LogEditorActor: Deleted 1 Actors (0.048 secs)
[2019.11.04-17.57.17:603][308]LogSlate: FSceneViewport::OnFocusLost() reason 2
[2019.11.04-17.57.22:620][865]LogBlueprintUserMessages: Early PlayInEditor Detection: Level '/Game/VirtualRealityBP/Maps/StartupMap.StartupMap:PersistentLevel' has LevelScriptBlueprint '/Game/VirtualRealityBP/Maps/StartupMap.StartupMap:PersistentLevel.StartupMap' with GeneratedClass '/Game/VirtualRealityBP/Maps/StartupMap.StartupMap_C' with ClassGeneratedBy '/Game/VirtualRealityBP/Maps/StartupMap.StartupMap:PersistentLevel.StartupMap'
[2019.11.04-17.57.22:621][865]LogPlayLevel: PlayLevel: No blueprints needed recompiling
[2019.11.04-17.57.22:621][865]PIE: New page: PIE session: StartupMap (4 нояб. 2019 г., 23:57:22)
[2019.11.04-17.57.22:621][865]LogPlayLevel: Creating play world package: /Game/VirtualRealityBP/Maps/UEDPIE_0_StartupMap
[2019.11.04-17.57.22:629][865]LogPlayLevel: PIE: StaticDuplicateObject took: (0.007631s)
[2019.11.04-17.57.22:629][865]LogAIModule: Creating AISystem for world StartupMap
[2019.11.04-17.57.22:629][865]LogPlayLevel: PIE: World Init took: (0.000586s)
[2019.11.04-17.57.22:629][865]LogPlayLevel: PIE: Created PIE world by copying editor world from /Game/VirtualRealityBP/Maps/StartupMap.StartupMap to /Game/VirtualRealityBP/Maps/UEDPIE_0_StartupMap.StartupMap (0.008654s)
[2019.11.04-17.57.22:671][865]LogUObjectHash: Compacting FUObjectHashTables data took   1.40ms
[2019.11.04-17.57.22:710][865]LogInit: XAudio2 using 'Наушники (Realtek USB2.0 Audio)' : 2 channels at 48 kHz using 16 bits per sample (channel mask 0x3)
[2019.11.04-17.57.22:724][865]LogInit: FAudioDevice initialized.
[2019.11.04-17.57.22:730][865]LogSlate: FSceneViewport::OnFocusLost() reason 2
[2019.11.04-17.57.22:734][865]LogSlate: Updating window title bar state: overlay mode, drag disabled, window buttons hidden, title bar hidden
[2019.11.04-17.57.22:771][865]LogUObjectGlobals: Warning: Failed to find object 'Class None.'
[2019.11.04-17.57.22:771][865]LogLoad: Game class is 'GameModeBase'
[2019.11.04-17.57.22:772][865]LogWorld: Bringing World /Game/VirtualRealityBP/Maps/UEDPIE_0_StartupMap.StartupMap up for play (max tick rate 0) at 2019.11.04-20.57.22
[2019.11.04-17.57.22:773][865]LogWorld: Bringing up level for play took: 0.001539
[2019.11.04-17.57.22:789][865]PIE: Play in editor start time for /Game/VirtualRealityBP/Maps/UEDPIE_0_StartupMap 0,79
[2019.11.04-17.57.22:790][865]LogBlueprintUserMessages: Late PlayInEditor Detection: Level '/Game/VirtualRealityBP/Maps/StartupMap.StartupMap:PersistentLevel' has LevelScriptBlueprint '/Game/VirtualRealityBP/Maps/StartupMap.StartupMap:PersistentLevel.StartupMap' with GeneratedClass '/Game/VirtualRealityBP/Maps/StartupMap.StartupMap_C' with ClassGeneratedBy '/Game/VirtualRealityBP/Maps/StartupMap.StartupMap:PersistentLevel.StartupMap'
[2019.11.04-17.57.54:502][681]LogBlueprintUserMessages: Early EndPlayMap Detection: Level '/Game/VirtualRealityBP/Maps/StartupMap.StartupMap:PersistentLevel' has LevelScriptBlueprint '/Game/VirtualRealityBP/Maps/StartupMap.StartupMap:PersistentLevel.StartupMap' with GeneratedClass '/Game/VirtualRealityBP/Maps/StartupMap.StartupMap_C' with ClassGeneratedBy '/Game/VirtualRealityBP/Maps/StartupMap.StartupMap:PersistentLevel.StartupMap'
[2019.11.04-17.57.54:578][681]LogSlate: Updating window title bar state: overlay mode, drag disabled, window buttons hidden, title bar hidden
[2019.11.04-17.57.54:611][681]LogSlate: FSceneViewport::OnFocusLost() reason 2
[2019.11.04-17.57.54:618][681]LogSlate: Window 'HMD_write_file Game Preview Standalone (64-bit/PCD3D_SM5)' being destroyed
[2019.11.04-17.57.54:649][681]LogPlayLevel: Display: Shutting down PIE online subsystems
[2019.11.04-17.57.54:649][681]LogBlueprintUserMessages: Late EndPlayMap Detection: Level '/Game/VirtualRealityBP/Maps/StartupMap.StartupMap:PersistentLevel' has LevelScriptBlueprint '/Game/VirtualRealityBP/Maps/StartupMap.StartupMap:PersistentLevel.StartupMap' with GeneratedClass '/Game/VirtualRealityBP/Maps/StartupMap.StartupMap_C' with ClassGeneratedBy '/Game/VirtualRealityBP/Maps/StartupMap.StartupMap:PersistentLevel.StartupMap'
[2019.11.04-17.57.54:700][681]LogUObjectHash: Compacting FUObjectHashTables data took   1.36ms
[2019.11.04-17.57.54:721][682]LogPlayLevel: Display: Destroying online subsystem :Context_2
[2019.11.04-17.58.02:538][607]LogSlate: FSceneViewport::OnFocusLost() reason 0
[2019.11.04-17.58.02:716][627]LogAssetEditorManager: Opening Asset editor for Blueprint /Game/Blueprints/BP_DataActor.BP_DataActor
[2019.11.04-17.58.03:032][627]LogContentBrowser: Native class hierarchy updated for 'BlueprintGraph' in 0.0008 seconds. Added 121 classes and 0 folders.
[2019.11.04-17.58.03:993][627]LogSlate: Took 0.000242 seconds to synchronously load lazily loaded font '../../../Engine/Content/Slate/Fonts/Roboto-BoldCondensed.ttf' (158K)
[2019.11.04-17.58.04:069][628]LogSlate: Took 0.000292 seconds to synchronously load lazily loaded font '../../../Engine/Content/Slate/Fonts/Roboto-Italic.ttf' (157K)
[2019.11.04-17.58.28:064][419]BlueprintLog: New page: Compile BP_DataActor
[2019.11.04-17.58.28:287][419]LogUObjectHash: Compacting FUObjectHashTables data took   3.79ms
[2019.11.04-17.58.28:540][435]Cmd: OBJ SAVEPACKAGE PACKAGE="/Game/Blueprints/BP_DataActor" FILE="D:/GIT/ue4-houdini-hmd-connection/HMD_write_file/Content/Blueprints/BP_DataActor.uasset" SILENT=true
[2019.11.04-17.58.28:573][435]LogSavePackage: Moving 'D:/GIT/ue4-houdini-hmd-connection/HMD_write_file/Saved/BP_DataActorB0CCF93241F57985A2BD4399738B9AF2.tmp' to 'D:/GIT/ue4-houdini-hmd-connection/HMD_write_file/Content/Blueprints/BP_DataActor.uasset'
[2019.11.04-17.58.29:499][506]LogSlate: FSceneViewport::OnFocusLost() reason 0
[2019.11.04-17.58.42:349][601]LogAIModule: Creating AISystem for world MotionControllerMap
[2019.11.04-17.58.42:362][601]LogAssetEditorManager: Opening Asset editor for World /Game/VirtualRealityBP/Maps/MotionControllerMap.MotionControllerMap
[2019.11.04-17.58.42:411][601]LogUObjectHash: Compacting FUObjectHashTables data took   4.01ms
[2019.11.04-17.58.43:422][601]LogSlate: Window 'Save Content' being destroyed
[2019.11.04-17.58.43:479][601]LogUObjectHash: Compacting FUObjectHashTables data took   1.82ms
[2019.11.04-17.58.43:757][601]LogSavePackage: Moving 'D:/GIT/ue4-houdini-hmd-connection/HMD_write_file/Saved/StartupMap61AEA1EE4C9004C02558BF84BA783960.tmp' to 'D:/GIT/ue4-houdini-hmd-connection/HMD_write_file/Content/VirtualRealityBP/Maps/StartupMap.umap'
[2019.11.04-17.58.43:791][601]LogFileHelpers: Saving map 'StartupMap' took 0.360
[2019.11.04-17.58.43:792][601]Cmd: MAP LOAD FILE="D:/GIT/ue4-houdini-hmd-connection/HMD_write_file/Content/VirtualRealityBP/Maps/MotionControllerMap.umap" TEMPLATE=0 SHOWPROGRESS=1 FEATURELEVEL=3
[2019.11.04-17.58.43:792][601]LightingResults: New page: Lighting Build
[2019.11.04-17.58.43:793][601]LoadErrors: New page: Loading map: MotionControllerMap.umap
[2019.11.04-17.58.43:794][601]MapCheck: New page: Map Check
[2019.11.04-17.58.43:794][601]LightingResults: New page: Lighting Build
[2019.11.04-17.58.43:845][601]LogUObjectHash: Compacting FUObjectHashTables data took   3.29ms
[2019.11.04-17.58.43:945][601]LogEditorServer: Finished looking for orphan Actors (0.000 secs)
[2019.11.04-17.58.43:993][601]LogUObjectHash: Compacting FUObjectHashTables data took   2.81ms
[2019.11.04-17.58.44:019][601]Cmd: MAP CHECKDEP NOCLEARLOG
[2019.11.04-17.58.44:019][601]MapCheck: Map check complete: 0 Error(s), 0 Warning(s), took 0,114ms to complete.
[2019.11.04-17.58.44:020][601]LogFileHelpers: Loading map 'MotionControllerMap' took 0.228
[2019.11.04-17.58.44:073][601]LogAIModule: Creating AISystem for world StartupMap
[2019.11.04-17.58.45:879][759]LogSlate: FSceneViewport::OnFocusLost() reason 0
[2019.11.04-17.58.45:973][768]LogSlate: Window 'BP_DataActor' being destroyed
[2019.11.04-17.58.45:977][768]LogSlate: Window 'BP_DataActor' being destroyed
[2019.11.04-17.58.49:087][112]LogSlate: FSceneViewport::OnFocusLost() reason 0
[2019.11.04-17.58.50:435][236]LogTemp: Repeating last play command: VR Preview
[2019.11.04-17.58.50:457][236]LogBlueprintUserMessages: Early PlayInEditor Detection: Level '/Game/VirtualRealityBP/Maps/MotionControllerMap.MotionControllerMap:PersistentLevel' has LevelScriptBlueprint '/Game/VirtualRealityBP/Maps/MotionControllerMap.MotionControllerMap:PersistentLevel.MotionControllerMap' with GeneratedClass '/Game/VirtualRealityBP/Maps/MotionControllerMap.MotionControllerMap_C' with ClassGeneratedBy '/Game/VirtualRealityBP/Maps/MotionControllerMap.MotionControllerMap:PersistentLevel.MotionControllerMap'
[2019.11.04-17.58.50:457][236]LogPlayLevel: PlayLevel: No blueprints needed recompiling
[2019.11.04-17.58.50:457][236]PIE: New page: PIE session: MotionControllerMap (4 нояб. 2019 г., 23:58:50)
[2019.11.04-17.58.50:458][236]LogPlayLevel: Creating play world package: /Game/VirtualRealityBP/Maps/UEDPIE_0_MotionControllerMap
[2019.11.04-17.58.50:471][236]LogPlayLevel: PIE: StaticDuplicateObject took: (0.012771s)
[2019.11.04-17.58.50:471][236]LogAIModule: Creating AISystem for world MotionControllerMap
[2019.11.04-17.58.50:471][236]LogPlayLevel: PIE: World Init took: (0.000782s)
[2019.11.04-17.58.50:472][236]LogPlayLevel: PIE: Created PIE world by copying editor world from /Game/VirtualRealityBP/Maps/MotionControllerMap.MotionControllerMap to /Game/VirtualRealityBP/Maps/UEDPIE_0_MotionControllerMap.MotionControllerMap (0.013916s)
[2019.11.04-17.58.50:522][236]LogUObjectHash: Compacting FUObjectHashTables data took   2.71ms
[2019.11.04-17.58.50:560][236]LogInit: XAudio2 using 'Наушники (Realtek USB2.0 Audio)' : 2 channels at 48 kHz using 16 bits per sample (channel mask 0x3)
[2019.11.04-17.58.50:573][236]LogInit: FAudioDevice initialized.
[2019.11.04-17.58.50:583][236]LogSlate: Updating window title bar state: overlay mode, drag disabled, window buttons hidden, title bar hidden
[2019.11.04-17.58.50:620][236]LogUObjectGlobals: Warning: Failed to find object 'Class None.'
[2019.11.04-17.58.50:620][236]LogLoad: Game class is 'GameModeBase'
[2019.11.04-17.58.50:623][236]LogWorld: Bringing World /Game/VirtualRealityBP/Maps/UEDPIE_0_MotionControllerMap.MotionControllerMap up for play (max tick rate 0) at 2019.11.04-20.58.50
[2019.11.04-17.58.50:623][236]LogWorld: Bringing up level for play took: 0.002206
[2019.11.04-17.58.50:643][236]PIE: Play in editor start time for /Game/VirtualRealityBP/Maps/UEDPIE_0_MotionControllerMap 0,643
[2019.11.04-17.58.50:643][236]LogBlueprintUserMessages: Late PlayInEditor Detection: Level '/Game/VirtualRealityBP/Maps/MotionControllerMap.MotionControllerMap:PersistentLevel' has LevelScriptBlueprint '/Game/VirtualRealityBP/Maps/MotionControllerMap.MotionControllerMap:PersistentLevel.MotionControllerMap' with GeneratedClass '/Game/VirtualRealityBP/Maps/MotionControllerMap.MotionControllerMap_C' with ClassGeneratedBy '/Game/VirtualRealityBP/Maps/MotionControllerMap.MotionControllerMap:PersistentLevel.MotionControllerMap'
[2019.11.04-17.59.37:811][477]LogBlueprintUserMessages: Early EndPlayMap Detection: Level '/Game/VirtualRealityBP/Maps/MotionControllerMap.MotionControllerMap:PersistentLevel' has LevelScriptBlueprint '/Game/VirtualRealityBP/Maps/MotionControllerMap.MotionControllerMap:PersistentLevel.MotionControllerMap' with GeneratedClass '/Game/VirtualRealityBP/Maps/MotionControllerMap.MotionControllerMap_C' with ClassGeneratedBy '/Game/VirtualRealityBP/Maps/MotionControllerMap.MotionControllerMap:PersistentLevel.MotionControllerMap'
[2019.11.04-17.59.37:891][477]LogSlate: Updating window title bar state: overlay mode, drag disabled, window buttons hidden, title bar hidden
[2019.11.04-17.59.37:927][477]LogSlate: FSceneViewport::OnFocusLost() reason 2
[2019.11.04-17.59.37:938][477]LogSlate: Window 'HMD_write_file Game Preview Standalone (64-bit/PCD3D_SM5)' being destroyed
[2019.11.04-17.59.37:976][477]LogPlayLevel: Display: Shutting down PIE online subsystems
[2019.11.04-17.59.37:976][477]LogBlueprintUserMessages: Late EndPlayMap Detection: Level '/Game/VirtualRealityBP/Maps/MotionControllerMap.MotionControllerMap:PersistentLevel' has LevelScriptBlueprint '/Game/VirtualRealityBP/Maps/MotionControllerMap.MotionControllerMap:PersistentLevel.MotionControllerMap' with GeneratedClass '/Game/VirtualRealityBP/Maps/MotionControllerMap.MotionControllerMap_C' with ClassGeneratedBy '/Game/VirtualRealityBP/Maps/MotionControllerMap.MotionControllerMap:PersistentLevel.MotionControllerMap'
[2019.11.04-17.59.38:035][477]LogUObjectHash: Compacting FUObjectHashTables data took   2.73ms
[2019.11.04-17.59.38:060][478]LogPlayLevel: Display: Destroying online subsystem :Context_4
[2019.11.04-17.59.40:545][770]LogEditorViewport: Clicking on Actor (LMB): MotionControllerPawn_C (VRPawn)
[2019.11.04-17.59.54:008][805]LogSlate: FSceneViewport::OnFocusLost() reason 0
[2019.11.04-17.59.54:136][813]LogUObjectHash: Compacting FUObjectHashTables data took   2.18ms
[2019.11.04-17.59.54:429][813]LogSavePackage: Moving 'D:/GIT/ue4-houdini-hmd-connection/HMD_write_file/Saved/MotionControllerMap08593A8A46851D9F740E66B319CFD1C6.tmp' to 'D:/GIT/ue4-houdini-hmd-connection/HMD_write_file/Content/VirtualRealityBP/Maps/MotionControllerMap.umap'
[2019.11.04-17.59.54:655][813]LogSavePackage: Moving 'D:/GIT/ue4-houdini-hmd-connection/HMD_write_file/Saved/MotionControllerMap_BuiltData02769D494509D02CC1429A9140946FA6.tmp' to 'D:/GIT/ue4-houdini-hmd-connection/HMD_write_file/Content/VirtualRealityBP/Maps/MotionControllerMap_BuiltData.uasset'
[2019.11.04-17.59.57:730][138]LogSlate: FSceneViewport::OnFocusLost() reason 2
[2019.11.04-18.00.54:158][115]LogSlate: Window 'FBX Export Options' being destroyed
[2019.11.04-18.00.54:202][115]LogFbx: Warning: FBX version number for this version of the FBX SDK is 7.5.0


